#-----------------------------------------------------------
# Vivado v2017.4 (64-bit)
# SW Build 2086221 on Fri Dec 15 20:55:39 MST 2017
# IP Build 2085800 on Fri Dec 15 22:25:07 MST 2017
<<<<<<< HEAD
# Start of session at: Mon Dec 18 20:58:24 2023
# Process ID: 4636
# Current directory: C:/Users/Administrator/Documents/GitHub/Piano
# Command line: vivado.exe -gui_launcher_event rodinguilauncherevent7584 C:\Users\Administrator\Documents\GitHub\Piano\piano.xpr
=======
# Start of session at: Thu Dec 14 21:22:46 2023
# Process ID: 8584
# Current directory: C:/Users/Administrator/Documents/GitHub/Piano
# Command line: vivado.exe -gui_launcher_event rodinguilauncherevent7564 C:\Users\Administrator\Documents\GitHub\Piano\piano.xpr
>>>>>>> 2abe4914cee8466690aac9679b53b466a762c9c5
# Log file: C:/Users/Administrator/Documents/GitHub/Piano/vivado.log
# Journal file: C:/Users/Administrator/Documents/GitHub/Piano\vivado.jou
#-----------------------------------------------------------
start_gui
oopen_project C:/Users/Administrator/Documents/GitHub/Piano/piano.xprIINFO: [Project 1-313] Project file moved from 'C:/Users/86138/Documents/GitHub/Piano' since last save.CCRITICAL WARNING: [Project 1-19] Could not find the file 'D:/keyboard.v'.CCRITICAL WARNING: [Project 1-19] Could not find the file 'D:/sim_keyboard.v'.
Scanning sources...FFinished scanning sourcesINFO: [IP_Flow 19-234] Refreshing IP repositories
INFO: [IP_Flow 19-1704] No user IP repositories specified
IINFO: [IP_Flow 19-2313] Loaded Vivado IP repository 'C:/Xilinx/Vivado/2017.4/data/ip'.update_compile_order -fileset sources_1
eclose [ open C:/Users/Administrator/Documents/GitHub/Piano/piano.srcs/sources_1/new/learning_mode.v w ]
add_files C:/Users/Administrator/Documents/GitHub/Piano/piano.srcs/sources_1/new/learning_mode.v
update_compile_order -fileset sources_1
<<<<<<< HEAD
add_files -norecurse {C:/Users/Administrator/Desktop/scan_seg.v C:/Users/Administrator/Desktop/light_7seg_ego1.v}
=======
close [ open C:/Users/Administrator/Documents/GitHub/Piano/piano.srcs/sources_1/new/learn_song1.v w ]
add_files C:/Users/Administrator/Documents/GitHub/Piano/piano.srcs/sources_1/new/learn_song1.v
update_compile_order -fileset sources_1
set_property top learning_mode [current_fileset]
>>>>>>> 2abe4914cee8466690aac9679b53b466a762c9c5
update_compile_order -fileset sources_1
export_ip_user_files -of_objects  [get_files C:/Users/Administrator/Documents/GitHub/Piano/piano.srcs/sources_1/new/mistake_counter.v] -no_script -reset -force -quiet
remove_files  C:/Users/Administrator/Documents/GitHub/Piano/piano.srcs/sources_1/new/mistake_counter.v
remove_files  C:/Users/Administrator/Documents/GitHub/Piano/piano.srcs/sources_1/new/mistake_counter.v
WARNING: [Vivado 12-818] No files matched 'C:/Users/Administrator/Documents/GitHub/Piano/piano.srcs/sources_1/new/mistake_counter.v'
reset_run synth_1
launch_runs synth_1 -jobs 8
<<<<<<< HEAD
[Mon Dec 18 21:12:28 2023] Launched synth_1...
Run output will be captured here: C:/Users/Administrator/Documents/GitHub/Piano/piano.runs/synth_1/runme.log
launch_runs impl_1 -jobs 8
[Mon Dec 18 21:13:05 2023] Launched impl_1...
Run output will be captured here: C:/Users/Administrator/Documents/GitHub/Piano/piano.runs/impl_1/runme.log
open_run impl_1
INFO: [Netlist 29-17] Analyzing 137 Unisim elements for replacement
=======
[Thu Dec 14 22:53:55 2023] Launched synth_1...
Run output will be captured here: C:/Users/Administrator/Documents/GitHub/Piano/piano.runs/synth_1/runme.log
reset_run synth_1
launch_runs synth_1 -jobs 8
[Thu Dec 14 22:55:34 2023] Launched synth_1...
Run output will be captured here: C:/Users/Administrator/Documents/GitHub/Piano/piano.runs/synth_1/runme.log
launch_runs impl_1 -jobs 8
[Thu Dec 14 22:56:09 2023] Launched impl_1...
Run output will be captured here: C:/Users/Administrator/Documents/GitHub/Piano/piano.runs/impl_1/runme.log
reset_run synth_1
launch_runs synth_1 -jobs 8
[Thu Dec 14 22:57:35 2023] Launched synth_1...
Run output will be captured here: C:/Users/Administrator/Documents/GitHub/Piano/piano.runs/synth_1/runme.log
launch_runs impl_1 -jobs 8
[Thu Dec 14 22:58:10 2023] Launched impl_1...
Run output will be captured here: C:/Users/Administrator/Documents/GitHub/Piano/piano.runs/impl_1/runme.log
reset_run impl_1
launch_runs impl_1 -jobs 8
[Thu Dec 14 23:00:15 2023] Launched impl_1...
Run output will be captured here: C:/Users/Administrator/Documents/GitHub/Piano/piano.runs/impl_1/runme.log
reset_run synth_1
launch_runs synth_1 -jobs 8
[Thu Dec 14 23:02:48 2023] Launched synth_1...
Run output will be captured here: C:/Users/Administrator/Documents/GitHub/Piano/piano.runs/synth_1/runme.log
launch_runs impl_1 -jobs 8
[Thu Dec 14 23:03:21 2023] Launched impl_1...
Run output will be captured here: C:/Users/Administrator/Documents/GitHub/Piano/piano.runs/impl_1/runme.log
open_run impl_1
INFO: [Netlist 29-17] Analyzing 124 Unisim elements for replacement
>>>>>>> 2abe4914cee8466690aac9679b53b466a762c9c5
INFO: [Netlist 29-28] Unisim Transformation completed in 0 CPU seconds
INFO: [Project 1-479] Netlist was created with Vivado 2017.4
INFO: [Device 21-403] Loading part xc7a35tcsg324-1
INFO: [Project 1-570] Preparing netlist for logic optimization
<<<<<<< HEAD
Parsing XDC File [C:/Users/Administrator/Documents/GitHub/Piano/.Xil/Vivado-4636-S210-07/dcp2/learn_mode.xdc]
Finished Parsing XDC File [C:/Users/Administrator/Documents/GitHub/Piano/.Xil/Vivado-4636-S210-07/dcp2/learn_mode.xdc]
Reading XDEF placement.
Reading placer database...
Reading XDEF routing.
Read XDEF File: Time (s): cpu = 00:00:00 ; elapsed = 00:00:00.071 . Memory (MB): peak = 1234.254 ; gain = 0.992
Restored from archive | CPU: 0.000000 secs | Memory: 0.000000 MB |
Finished XDEF File Restore: Time (s): cpu = 00:00:00 ; elapsed = 00:00:00.071 . Memory (MB): peak = 1234.254 ; gain = 0.992
INFO: [Project 1-111] Unisim Transformation Summary:
No Unisim elements were transformed.

open_run: Time (s): cpu = 00:00:13 ; elapsed = 00:00:07 . Memory (MB): peak = 1366.809 ; gain = 435.531
WARNING: [Timing 38-313] There are no user specified timing constraints. Timing constraints are needed for proper timing analysis.
set_property IOSTANDARD LVCMOS33 [get_ports [list {seg_en[7]} {seg_en[6]} {seg_en[5]} {seg_en[4]} {seg_en[3]} {seg_en[2]} {seg_en[1]} {seg_en[0]}]]
set_property IOSTANDARD LVCMOS33 [get_ports [list {seg_out0[7]} {seg_out0[6]} {seg_out0[5]} {seg_out0[4]} {seg_out0[3]} {seg_out0[2]} {seg_out0[1]} {seg_out0[0]}]]
set_property IOSTANDARD LVCMOS33 [get_ports [list {seg_out1[7]} {seg_out1[6]} {seg_out1[5]} {seg_out1[4]} {seg_out1[3]} {seg_out1[2]} {seg_out1[1]} {seg_out1[0]}]]
place_ports {seg_en[7]} G2
place_ports {seg_en[6]} C2
place_ports {seg_en[5]} C1
place_ports {seg_en[4]} H1
place_ports {seg_en[3]} G1
place_ports {seg_en[2]} F1
place_ports {seg_en[1]} E1
place_ports {seg_en[0]} G6
place_ports {seg_out0[7]} B4
place_ports {seg_out0[6]} A4
place_ports {seg_out0[5]} A3
place_ports {seg_out0[4]} B1
place_ports {seg_out0[3]} A1
place_ports {seg_out0[2]} B3
place_ports {seg_out0[1]} B2
place_ports {seg_out0[0]} D5
place_ports {seg_out1[7]} D4
place_ports {seg_out1[6]} E3
place_ports {seg_out1[5]} D3
place_ports {seg_out1[4]} F4
place_ports {seg_out1[3]} F3
place_ports {seg_out1[2]} E2
place_ports {seg_out1[1]} D2
place_ports {seg_out1[0]} H2
save_constraints
reset_run impl_1
launch_runs impl_1 -to_step write_bitstream -jobs 8
[Mon Dec 18 21:17:41 2023] Launched impl_1...
=======
Parsing XDC File [C:/Users/Administrator/Documents/GitHub/Piano/.Xil/Vivado-11644-S210-15/dcp8/learning_mode.xdc]
Finished Parsing XDC File [C:/Users/Administrator/Documents/GitHub/Piano/.Xil/Vivado-11644-S210-15/dcp8/learning_mode.xdc]
Reading XDEF placement.
Reading placer database...
Reading XDEF routing.
Read XDEF File: Time (s): cpu = 00:00:00 ; elapsed = 00:00:00.057 . Memory (MB): peak = 1159.121 ; gain = 0.645
Restored from archive | CPU: 0.000000 secs | Memory: 0.000000 MB |
Finished XDEF File Restore: Time (s): cpu = 00:00:00 ; elapsed = 00:00:00.058 . Memory (MB): peak = 1159.121 ; gain = 0.645
INFO: [Project 1-111] Unisim Transformation Summary:
No Unisim elements were transformed.

open_run: Time (s): cpu = 00:00:13 ; elapsed = 00:00:07 . Memory (MB): peak = 1303.320 ; gain = 445.188
WARNING: [Timing 38-313] There are no user specified timing constraints. Timing constraints are needed for proper timing analysis.
launch_runs impl_1 -to_step write_bitstream -jobs 8
[Thu Dec 14 23:04:20 2023] Launched impl_1...
Run output will be captured here: C:/Users/Administrator/Documents/GitHub/Piano/piano.runs/impl_1/runme.log
reset_run impl_1 -prev_step 
WARNING: [Vivado 12-1017] Problems encountered:
1. PID not specified

set_property IOSTANDARD LVCMOS33 [get_ports [list {guide_lights[7]} {guide_lights[6]} {guide_lights[5]} {guide_lights[4]} {guide_lights[3]} {guide_lights[2]} {guide_lights[1]} {guide_lights[0]}]]
save_constraints -force
reset_run impl_1
WARNING: [Vivado 12-1017] Problems encountered:
1. PID not specified

launch_runs impl_1 -jobs 8
[Thu Dec 14 23:05:35 2023] Launched impl_1...
Run output will be captured here: C:/Users/Administrator/Documents/GitHub/Piano/piano.runs/impl_1/runme.log
refresh_design
INFO: [Netlist 29-17] Analyzing 124 Unisim elements for replacement
INFO: [Netlist 29-28] Unisim Transformation completed in 0 CPU seconds
INFO: [Project 1-479] Netlist was created with Vivado 2017.4
INFO: [Project 1-570] Preparing netlist for logic optimization
Parsing XDC File [C:/Users/Administrator/Documents/GitHub/Piano/.Xil/Vivado-11644-S210-15/dcp11/learning_mode.xdc]
Finished Parsing XDC File [C:/Users/Administrator/Documents/GitHub/Piano/.Xil/Vivado-11644-S210-15/dcp11/learning_mode.xdc]
Reading XDEF placement.
Reading placer database...
Reading XDEF routing.
Read XDEF File: Time (s): cpu = 00:00:00 ; elapsed = 00:00:00.057 . Memory (MB): peak = 1744.723 ; gain = 0.000
Restored from archive | CPU: 0.000000 secs | Memory: 0.000000 MB |
Finished XDEF File Restore: Time (s): cpu = 00:00:00 ; elapsed = 00:00:00.057 . Memory (MB): peak = 1744.723 ; gain = 0.000
WARNING: [Timing 38-313] There are no user specified timing constraints. Timing constraints are needed for proper timing analysis.
reset_run synth_1
launch_runs impl_1 -jobs 8
[Thu Dec 14 23:08:16 2023] Launched synth_1...
Run output will be captured here: C:/Users/Administrator/Documents/GitHub/Piano/piano.runs/synth_1/runme.log
[Thu Dec 14 23:08:16 2023] Launched impl_1...
Run output will be captured here: C:/Users/Administrator/Documents/GitHub/Piano/piano.runs/impl_1/runme.log
refresh_design
INFO: [Netlist 29-17] Analyzing 128 Unisim elements for replacement
INFO: [Netlist 29-28] Unisim Transformation completed in 0 CPU seconds
INFO: [Project 1-479] Netlist was created with Vivado 2017.4
INFO: [Project 1-570] Preparing netlist for logic optimization
Parsing XDC File [C:/Users/Administrator/Documents/GitHub/Piano/.Xil/Vivado-11644-S210-15/dcp12/learning_mode.xdc]
Finished Parsing XDC File [C:/Users/Administrator/Documents/GitHub/Piano/.Xil/Vivado-11644-S210-15/dcp12/learning_mode.xdc]
Reading XDEF placement.
Reading placer database...
Reading XDEF routing.
Read XDEF File: Time (s): cpu = 00:00:00 ; elapsed = 00:00:00.061 . Memory (MB): peak = 1774.461 ; gain = 0.000
Restored from archive | CPU: 0.000000 secs | Memory: 0.000000 MB |
Finished XDEF File Restore: Time (s): cpu = 00:00:00 ; elapsed = 00:00:00.061 . Memory (MB): peak = 1774.461 ; gain = 0.000
WARNING: [Timing 38-313] There are no user specified timing constraints. Timing constraints are needed for proper timing analysis.
set_property IOSTANDARD LVCMOS33 [get_ports [list {button[2]} {button[1]} {button[0]}]]
set_property IOSTANDARD LVCMOS33 [get_ports [list {sw[7]} {sw[6]} {sw[5]} {sw[4]} {sw[3]} {sw[2]} {sw[1]} {sw[0]}]]
place_ports {button[2]} V2
place_ports {button[1]} V5
place_ports {button[0]} V4
place_ports {guide_lights[0]} P5
place_ports {guide_lights[1]} P4
place_ports {guide_lights[2]} P3
place_ports {guide_lights[3]} P2
place_ports {guide_lights[3]} A9
place_ports {guide_lights[3]} P2
place_ports {guide_lights[4]} R2
place_ports {guide_lights[5]} M4
place_ports {guide_lights[6]} N4
place_ports {guide_lights[7]} R1
startgroup
set_property package_pin "" [get_ports [list  {guide_lights[0]}]]
place_ports {sw[0]} P5
endgroup
place_ports {guide_lights[0]} F6
place_ports {guide_lights[1]} G4
place_ports {guide_lights[2]} G3
place_ports {guide_lights[3]} J4
place_ports {guide_lights[4]} H4
startgroup
set_property package_pin "" [get_ports [list  {sw[7]}]]
place_ports {guide_lights[5]} J3
endgroup
startgroup
set_property package_pin "" [get_ports [list  {sw[6]}]]
place_ports {guide_lights[6]} J2
endgroup
startgroup
set_property package_pin "" [get_ports [list  {sw[5]}]]
place_ports {guide_lights[7]} K2
endgroup
place_ports {sw[1]} P4
place_ports {sw[2]} P3
place_ports {sw[3]} P2
place_ports {sw[4]} R2
place_ports {sw[5]} M4
place_ports {sw[6]} N4
place_ports {sw[7]} R1
save_constraints
reset_run impl_1
launch_runs impl_1 -to_step write_bitstream -jobs 8
[Thu Dec 14 23:12:58 2023] Launched impl_1...
Run output will be captured here: C:/Users/Administrator/Documents/GitHub/Piano/piano.runs/impl_1/runme.log
reset_run impl_1 -prev_step 
launch_runs impl_1 -to_step write_bitstream -jobs 8
[Thu Dec 14 23:13:54 2023] Launched impl_1...
Run output will be captured here: C:/Users/Administrator/Documents/GitHub/Piano/piano.runs/impl_1/runme.log
startgroup
set_property package_pin "" [get_ports [list  {guide_lights[7]}]]
place_ports {guide_lights[0]} K2
endgroup
startgroup
set_property package_pin "" [get_ports [list  {guide_lights[6]}]]
place_ports {guide_lights[1]} J2
endgroup
startgroup
set_property package_pin "" [get_ports [list  {guide_lights[5]}]]
place_ports {guide_lights[2]} J3
endgroup
startgroup
set_property package_pin "" [get_ports [list  {guide_lights[4]}]]
place_ports {guide_lights[3]} H4
endgroup
place_ports {guide_lights[4]} J4
place_ports {guide_lights[5]} G3
place_ports {guide_lights[6]} G4
place_ports {guide_lights[7]} F6
startgroup
set_property package_pin "" [get_ports [list  {sw[7]}]]
place_ports {sw[0]} R1
endgroup
startgroup
set_property package_pin "" [get_ports [list  {sw[6]}]]
place_ports {sw[1]} N4
endgroup
startgroup
set_property package_pin "" [get_ports [list  {sw[5]}]]
place_ports {sw[2]} M4
endgroup
startgroup
set_property package_pin "" [get_ports [list  {sw[4]}]]
place_ports {sw[3]} R2
endgroup
place_ports {sw[4]} P2
place_ports {sw[5]} P3
place_ports {sw[6]} P4
place_ports {sw[7]} P5
save_constraints -force
reset_run impl_1
launch_runs impl_1 -to_step write_bitstream -jobs 8
[Thu Dec 14 23:18:21 2023] Launched impl_1...
Run output will be captured here: C:/Users/Administrator/Documents/GitHub/Piano/piano.runs/impl_1/runme.log
reset_run impl_1 -prev_step 
launch_runs impl_1 -to_step write_bitstream -jobs 8
[Thu Dec 14 23:20:20 2023] Launched impl_1...
Run output will be captured here: C:/Users/Administrator/Documents/GitHub/Piano/piano.runs/impl_1/runme.log
set_property DRIVE 12 [get_ports [list {guide_lights[7]} {guide_lights[6]} {guide_lights[5]} {guide_lights[4]} {guide_lights[3]} {guide_lights[2]} {guide_lights[1]} {guide_lights[0]}]]
save_constraints -force
reset_run impl_1
launch_runs impl_1 -jobs 8
[Thu Dec 14 23:26:20 2023] Launched impl_1...
Run output will be captured here: C:/Users/Administrator/Documents/GitHub/Piano/piano.runs/impl_1/runme.log
reset_run synth_1
launch_runs impl_1 -to_step write_bitstream -jobs 8
[Thu Dec 14 23:31:51 2023] Launched synth_1...
Run output will be captured here: C:/Users/Administrator/Documents/GitHub/Piano/piano.runs/synth_1/runme.log
[Thu Dec 14 23:31:51 2023] Launched impl_1...
Run output will be captured here: C:/Users/Administrator/Documents/GitHub/Piano/piano.runs/impl_1/runme.log
reset_run synth_1
launch_runs impl_1 -to_step write_bitstream -jobs 8
[Thu Dec 14 23:33:13 2023] Launched synth_1...
Run output will be captured here: C:/Users/Administrator/Documents/GitHub/Piano/piano.runs/synth_1/runme.log
[Thu Dec 14 23:33:13 2023] Launched impl_1...
Run output will be captured here: C:/Users/Administrator/Documents/GitHub/Piano/piano.runs/impl_1/runme.log
reset_run synth_1
launch_runs impl_1 -to_step write_bitstream -jobs 8
[Thu Dec 14 23:34:47 2023] Launched synth_1...
Run output will be captured here: C:/Users/Administrator/Documents/GitHub/Piano/piano.runs/synth_1/runme.log
[Thu Dec 14 23:34:47 2023] Launched impl_1...
Run output will be captured here: C:/Users/Administrator/Documents/GitHub/Piano/piano.runs/impl_1/runme.log
reset_run synth_1
launch_runs impl_1 -to_step write_bitstream -jobs 8
[Thu Dec 14 23:38:33 2023] Launched synth_1...
Run output will be captured here: C:/Users/Administrator/Documents/GitHub/Piano/piano.runs/synth_1/runme.log
[Thu Dec 14 23:38:33 2023] Launched impl_1...
>>>>>>> 2abe4914cee8466690aac9679b53b466a762c9c5
Run output will be captured here: C:/Users/Administrator/Documents/GitHub/Piano/piano.runs/impl_1/runme.log
open_hw
connect_hw_server
INFO: [Labtools 27-2285] Connecting to hw_server url TCP:localhost:3121
INFO: [Labtools 27-2222] Launching hw_server...
INFO: [Labtools 27-2221] Launch Output:

****** Xilinx hw_server v2017.4
  **** Build date : Dec 15 2017-21:08:27
    ** Copyright 1986-2017 Xilinx, Inc. All Rights Reserved.


open_hw_target
INFO: [Labtoolstcl 44-466] Opening hw_target localhost:3121/xilinx_tcf/Xilinx/1234-tulA
set_property PROGRAM.FILE {C:/Users/Administrator/Documents/GitHub/Piano/piano.runs/impl_1/learning_mode.bit} [get_hw_devices xc7a35t_0]
current_hw_device [get_hw_devices xc7a35t_0]
refresh_hw_device -update_hw_probes false [lindex [get_hw_devices xc7a35t_0] 0]
INFO: [Labtools 27-1434] Device xc7a35t (JTAG device index = 0) is programmed with a design that has no supported debug core(s) in it.
WARNING: [Labtools 27-3361] The debug hub core was not detected.
Resolution: 
1. Make sure the clock connected to the debug hub (dbg_hub) core is a free running clock and is active.
2. Make sure the BSCAN_SWITCH_USER_MASK device property in Vivado Hardware Manager reflects the user scan chain setting in the design and refresh the device.  To determine the user scan chain setting in the design, open the implemented design and use 'get_property C_USER_SCAN_CHAIN [get_debug_cores dbg_hub]'.
For more details on setting the scan chain property, consult the Vivado Debug and Programming User Guide (UG908).
set_property PROBES.FILE {} [get_hw_devices xc7a35t_0]
set_property FULL_PROBES.FILE {} [get_hw_devices xc7a35t_0]
<<<<<<< HEAD
set_property PROGRAM.FILE {C:/Users/Administrator/Documents/GitHub/Piano/piano.runs/impl_1/learn_mode.bit} [get_hw_devices xc7a35t_0]
=======
set_property PROGRAM.FILE {C:/Users/Administrator/Documents/GitHub/Piano/piano.runs/impl_1/learning_mode.bit} [get_hw_devices xc7a35t_0]
>>>>>>> 2abe4914cee8466690aac9679b53b466a762c9c5
program_hw_devices [get_hw_devices xc7a35t_0]
INFO: [Labtools 27-3164] End of startup status: HIGH
refresh_hw_device [lindex [get_hw_devices xc7a35t_0] 0]
INFO: [Labtools 27-1434] Device xc7a35t (JTAG device index = 0) is programmed with a design that has no supported debug core(s) in it.
WARNING: [Labtools 27-3361] The debug hub core was not detected.
Resolution: 
1. Make sure the clock connected to the debug hub (dbg_hub) core is a free running clock and is active.
2. Make sure the BSCAN_SWITCH_USER_MASK device property in Vivado Hardware Manager reflects the user scan chain setting in the design and refresh the device.  To determine the user scan chain setting in the design, open the implemented design and use 'get_property C_USER_SCAN_CHAIN [get_debug_cores dbg_hub]'.
For more details on setting the scan chain property, consult the Vivado Debug and Programming User Guide (UG908).
<<<<<<< HEAD
ERROR: [Labtoolstcl 44-513] HW Target shutdown. Closing target: localhost:3121/xilinx_tcf/Xilinx/1234-tulA
INFO: [Labtoolstcl 44-466] Opening hw_target localhost:3121/xilinx_tcf/Xilinx/1234-tulA
INFO: [Labtools 27-1434] Device xc7a35t (JTAG device index = 0) is programmed with a design that has no supported debug core(s) in it.
WARNING: [Labtools 27-3361] The debug hub core was not detected.
Resolution: 
1. Make sure the clock connected to the debug hub (dbg_hub) core is a free running clock and is active.
2. Make sure the BSCAN_SWITCH_USER_MASK device property in Vivado Hardware Manager reflects the user scan chain setting in the design and refresh the device.  To determine the user scan chain setting in the design, open the implemented design and use 'get_property C_USER_SCAN_CHAIN [get_debug_cores dbg_hub]'.
For more details on setting the scan chain property, consult the Vivado Debug and Programming User Guide (UG908).
WARNING: [Labtoolstcl 44-129] No matching hw_ila_data was found.
set_property PROBES.FILE {} [get_hw_devices xc7a35t_0]
set_property FULL_PROBES.FILE {} [get_hw_devices xc7a35t_0]
set_property PROGRAM.FILE {C:/Users/Administrator/Documents/GitHub/Piano/piano.runs/impl_1/learn_mode.bit} [get_hw_devices xc7a35t_0]
=======
reset_run impl_1 -prev_step 
launch_runs impl_1 -to_step write_bitstream -jobs 8
WARNING: [Vivado 12-872] Run step 'Design Initialization' is out-of-date.
[Thu Dec 14 23:45:48 2023] Launched impl_1...
Run output will be captured here: C:/Users/Administrator/Documents/GitHub/Piano/piano.runs/impl_1/runme.log
set_property PROBES.FILE {} [get_hw_devices xc7a35t_0]
set_property FULL_PROBES.FILE {} [get_hw_devices xc7a35t_0]
set_property PROGRAM.FILE {C:/Users/Administrator/Documents/GitHub/Piano/piano.runs/impl_1/learning_mode.bit} [get_hw_devices xc7a35t_0]
>>>>>>> 2abe4914cee8466690aac9679b53b466a762c9c5
program_hw_devices [get_hw_devices xc7a35t_0]
INFO: [Labtools 27-3164] End of startup status: HIGH
refresh_hw_device [lindex [get_hw_devices xc7a35t_0] 0]
INFO: [Labtools 27-1434] Device xc7a35t (JTAG device index = 0) is programmed with a design that has no supported debug core(s) in it.
WARNING: [Labtools 27-3361] The debug hub core was not detected.
Resolution: 
1. Make sure the clock connected to the debug hub (dbg_hub) core is a free running clock and is active.
2. Make sure the BSCAN_SWITCH_USER_MASK device property in Vivado Hardware Manager reflects the user scan chain setting in the design and refresh the device.  To determine the user scan chain setting in the design, open the implemented design and use 'get_property C_USER_SCAN_CHAIN [get_debug_cores dbg_hub]'.
For more details on setting the scan chain property, consult the Vivado Debug and Programming User Guide (UG908).
<<<<<<< HEAD
reset_run impl_1
launch_runs impl_1 -jobs 8
[Mon Dec 18 21:28:28 2023] Launched impl_1...
Run output will be captured here: C:/Users/Administrator/Documents/GitHub/Piano/piano.runs/impl_1/runme.log
reset_run synth_1
launch_runs impl_1 -to_step write_bitstream -jobs 8
[Mon Dec 18 21:29:21 2023] Launched synth_1...
Run output will be captured here: C:/Users/Administrator/Documents/GitHub/Piano/piano.runs/synth_1/runme.log
[Mon Dec 18 21:29:21 2023] Launched impl_1...
Run output will be captured here: C:/Users/Administrator/Documents/GitHub/Piano/piano.runs/impl_1/runme.log
set_property PROBES.FILE {} [get_hw_devices xc7a35t_0]
set_property FULL_PROBES.FILE {} [get_hw_devices xc7a35t_0]
set_property PROGRAM.FILE {C:/Users/Administrator/Documents/GitHub/Piano/piano.runs/impl_1/learn_mode.bit} [get_hw_devices xc7a35t_0]
program_hw_devices [get_hw_devices xc7a35t_0]
INFO: [Labtools 27-3164] End of startup status: HIGH
refresh_hw_device [lindex [get_hw_devices xc7a35t_0] 0]
INFO: [Labtools 27-1434] Device xc7a35t (JTAG device index = 0) is programmed with a design that has no supported debug core(s) in it.
WARNING: [Labtools 27-3361] The debug hub core was not detected.
Resolution: 
1. Make sure the clock connected to the debug hub (dbg_hub) core is a free running clock and is active.
2. Make sure the BSCAN_SWITCH_USER_MASK device property in Vivado Hardware Manager reflects the user scan chain setting in the design and refresh the device.  To determine the user scan chain setting in the design, open the implemented design and use 'get_property C_USER_SCAN_CHAIN [get_debug_cores dbg_hub]'.
For more details on setting the scan chain property, consult the Vivado Debug and Programming User Guide (UG908).
reset_run impl_1
launch_runs impl_1 -jobs 8
[Mon Dec 18 21:36:52 2023] Launched impl_1...
Run output will be captured here: C:/Users/Administrator/Documents/GitHub/Piano/piano.runs/impl_1/runme.log
reset_run synth_1
launch_runs impl_1 -to_step write_bitstream -jobs 8
[Mon Dec 18 21:37:43 2023] Launched synth_1...
Run output will be captured here: C:/Users/Administrator/Documents/GitHub/Piano/piano.runs/synth_1/runme.log
[Mon Dec 18 21:37:43 2023] Launched impl_1...
Run output will be captured here: C:/Users/Administrator/Documents/GitHub/Piano/piano.runs/impl_1/runme.log
set_property PROBES.FILE {} [get_hw_devices xc7a35t_0]
set_property FULL_PROBES.FILE {} [get_hw_devices xc7a35t_0]
set_property PROGRAM.FILE {C:/Users/Administrator/Documents/GitHub/Piano/piano.runs/impl_1/learn_mode.bit} [get_hw_devices xc7a35t_0]
program_hw_devices [get_hw_devices xc7a35t_0]
INFO: [Labtools 27-3164] End of startup status: HIGH
refresh_hw_device [lindex [get_hw_devices xc7a35t_0] 0]
INFO: [Labtools 27-1434] Device xc7a35t (JTAG device index = 0) is programmed with a design that has no supported debug core(s) in it.
WARNING: [Labtools 27-3361] The debug hub core was not detected.
Resolution: 
1. Make sure the clock connected to the debug hub (dbg_hub) core is a free running clock and is active.
2. Make sure the BSCAN_SWITCH_USER_MASK device property in Vivado Hardware Manager reflects the user scan chain setting in the design and refresh the device.  To determine the user scan chain setting in the design, open the implemented design and use 'get_property C_USER_SCAN_CHAIN [get_debug_cores dbg_hub]'.
For more details on setting the scan chain property, consult the Vivado Debug and Programming User Guide (UG908).
reset_run impl_1
launch_runs impl_1 -jobs 8
[Mon Dec 18 21:47:09 2023] Launched impl_1...
=======
reset_run synth_1
launch_runs impl_1 -to_step write_bitstream -jobs 8
[Thu Dec 14 23:48:38 2023] Launched synth_1...
Run output will be captured here: C:/Users/Administrator/Documents/GitHub/Piano/piano.runs/synth_1/runme.log
[Thu Dec 14 23:48:38 2023] Launched impl_1...
Run output will be captured here: C:/Users/Administrator/Documents/GitHub/Piano/piano.runs/impl_1/runme.log
reset_run synth_1
launch_runs impl_1 -to_step write_bitstream -jobs 8
[Thu Dec 14 23:51:18 2023] Launched synth_1...
Run output will be captured here: C:/Users/Administrator/Documents/GitHub/Piano/piano.runs/synth_1/runme.log
[Thu Dec 14 23:51:18 2023] Launched impl_1...
Run output will be captured here: C:/Users/Administrator/Documents/GitHub/Piano/piano.runs/impl_1/runme.log
reset_run impl_1 -prev_step 
launch_runs impl_1 -to_step write_bitstream -jobs 8
WARNING: [Vivado 12-872] Run step 'Design Initialization' is out-of-date.
[Thu Dec 14 23:54:12 2023] Launched impl_1...
>>>>>>> 2abe4914cee8466690aac9679b53b466a762c9c5
Run output will be captured here: C:/Users/Administrator/Documents/GitHub/Piano/piano.runs/impl_1/runme.log
update_compile_order -fileset sources_1
reset_run synth_1
launch_runs impl_1 -to_step write_bitstream -jobs 8
<<<<<<< HEAD
[Mon Dec 18 21:48:00 2023] Launched synth_1...
Run output will be captured here: C:/Users/Administrator/Documents/GitHub/Piano/piano.runs/synth_1/runme.log
[Mon Dec 18 21:48:00 2023] Launched impl_1...
Run output will be captured here: C:/Users/Administrator/Documents/GitHub/Piano/piano.runs/impl_1/runme.log
reset_run synth_1
launch_runs impl_1 -jobs 8
[Mon Dec 18 21:48:21 2023] Launched synth_1...
Run output will be captured here: C:/Users/Administrator/Documents/GitHub/Piano/piano.runs/synth_1/runme.log
[Mon Dec 18 21:48:21 2023] Launched impl_1...
Run output will be captured here: C:/Users/Administrator/Documents/GitHub/Piano/piano.runs/impl_1/runme.log
reset_run synth_1
launch_runs impl_1 -jobs 8
[Mon Dec 18 21:50:11 2023] Launched synth_1...
Run output will be captured here: C:/Users/Administrator/Documents/GitHub/Piano/piano.runs/synth_1/runme.log
[Mon Dec 18 21:50:11 2023] Launched impl_1...
Run output will be captured here: C:/Users/Administrator/Documents/GitHub/Piano/piano.runs/impl_1/runme.log
refresh_design
INFO: [Netlist 29-17] Analyzing 143 Unisim elements for replacement
INFO: [Netlist 29-28] Unisim Transformation completed in 0 CPU seconds
INFO: [Project 1-479] Netlist was created with Vivado 2017.4
INFO: [Project 1-570] Preparing netlist for logic optimization
Parsing XDC File [C:/Users/Administrator/Documents/GitHub/Piano/.Xil/Vivado-4636-S210-07/dcp11/learn_mode.xdc]
Finished Parsing XDC File [C:/Users/Administrator/Documents/GitHub/Piano/.Xil/Vivado-4636-S210-07/dcp11/learn_mode.xdc]
Reading XDEF placement.
Reading placer database...
Reading XDEF routing.
Read XDEF File: Time (s): cpu = 00:00:00 ; elapsed = 00:00:00.073 . Memory (MB): peak = 2447.164 ; gain = 0.000
Restored from archive | CPU: 0.000000 secs | Memory: 0.000000 MB |
Finished XDEF File Restore: Time (s): cpu = 00:00:00 ; elapsed = 00:00:00.073 . Memory (MB): peak = 2447.164 ; gain = 0.000
WARNING: [Timing 38-313] There are no user specified timing constraints. Timing constraints are needed for proper timing analysis.
launch_runs impl_1 -to_step write_bitstream -jobs 8
[Mon Dec 18 21:51:44 2023] Launched impl_1...
Run output will be captured here: C:/Users/Administrator/Documents/GitHub/Piano/piano.runs/impl_1/runme.log
set_property PROBES.FILE {} [get_hw_devices xc7a35t_0]
set_property FULL_PROBES.FILE {} [get_hw_devices xc7a35t_0]
set_property PROGRAM.FILE {C:/Users/Administrator/Documents/GitHub/Piano/piano.runs/impl_1/learn_mode.bit} [get_hw_devices xc7a35t_0]
program_hw_devices [get_hw_devices xc7a35t_0]
INFO: [Labtools 27-3164] End of startup status: HIGH
refresh_hw_device [lindex [get_hw_devices xc7a35t_0] 0]
INFO: [Labtools 27-1434] Device xc7a35t (JTAG device index = 0) is programmed with a design that has no supported debug core(s) in it.
WARNING: [Labtools 27-3361] The debug hub core was not detected.
Resolution: 
1. Make sure the clock connected to the debug hub (dbg_hub) core is a free running clock and is active.
2. Make sure the BSCAN_SWITCH_USER_MASK device property in Vivado Hardware Manager reflects the user scan chain setting in the design and refresh the device.  To determine the user scan chain setting in the design, open the implemented design and use 'get_property C_USER_SCAN_CHAIN [get_debug_cores dbg_hub]'.
For more details on setting the scan chain property, consult the Vivado Debug and Programming User Guide (UG908).
reset_run impl_1
launch_runs impl_1 -jobs 8
[Mon Dec 18 21:53:24 2023] Launched impl_1...
Run output will be captured here: C:/Users/Administrator/Documents/GitHub/Piano/piano.runs/impl_1/runme.log
reset_run synth_1
launch_runs impl_1 -to_step write_bitstream -jobs 8
[Mon Dec 18 21:54:17 2023] Launched synth_1...
Run output will be captured here: C:/Users/Administrator/Documents/GitHub/Piano/piano.runs/synth_1/runme.log
[Mon Dec 18 21:54:17 2023] Launched impl_1...
Run output will be captured here: C:/Users/Administrator/Documents/GitHub/Piano/piano.runs/impl_1/runme.log
set_property PROBES.FILE {} [get_hw_devices xc7a35t_0]
set_property FULL_PROBES.FILE {} [get_hw_devices xc7a35t_0]
set_property PROGRAM.FILE {C:/Users/Administrator/Documents/GitHub/Piano/piano.runs/impl_1/learn_mode.bit} [get_hw_devices xc7a35t_0]
program_hw_devices [get_hw_devices xc7a35t_0]
INFO: [Labtools 27-3164] End of startup status: HIGH
refresh_hw_device [lindex [get_hw_devices xc7a35t_0] 0]
INFO: [Labtools 27-1434] Device xc7a35t (JTAG device index = 0) is programmed with a design that has no supported debug core(s) in it.
WARNING: [Labtools 27-3361] The debug hub core was not detected.
Resolution: 
1. Make sure the clock connected to the debug hub (dbg_hub) core is a free running clock and is active.
2. Make sure the BSCAN_SWITCH_USER_MASK device property in Vivado Hardware Manager reflects the user scan chain setting in the design and refresh the device.  To determine the user scan chain setting in the design, open the implemented design and use 'get_property C_USER_SCAN_CHAIN [get_debug_cores dbg_hub]'.
For more details on setting the scan chain property, consult the Vivado Debug and Programming User Guide (UG908).
reset_run impl_1
launch_runs impl_1 -jobs 8
[Mon Dec 18 22:02:47 2023] Launched impl_1...
Run output will be captured here: C:/Users/Administrator/Documents/GitHub/Piano/piano.runs/impl_1/runme.log
reset_run synth_1
launch_runs impl_1 -to_step write_bitstream -jobs 8
[Mon Dec 18 22:03:39 2023] Launched synth_1...
Run output will be captured here: C:/Users/Administrator/Documents/GitHub/Piano/piano.runs/synth_1/runme.log
[Mon Dec 18 22:03:39 2023] Launched impl_1...
Run output will be captured here: C:/Users/Administrator/Documents/GitHub/Piano/piano.runs/impl_1/runme.log
set_property PROBES.FILE {} [get_hw_devices xc7a35t_0]
set_property FULL_PROBES.FILE {} [get_hw_devices xc7a35t_0]
set_property PROGRAM.FILE {C:/Users/Administrator/Documents/GitHub/Piano/piano.runs/impl_1/learn_mode.bit} [get_hw_devices xc7a35t_0]
program_hw_devices [get_hw_devices xc7a35t_0]
INFO: [Labtools 27-3164] End of startup status: HIGH
refresh_hw_device [lindex [get_hw_devices xc7a35t_0] 0]
INFO: [Labtools 27-1434] Device xc7a35t (JTAG device index = 0) is programmed with a design that has no supported debug core(s) in it.
WARNING: [Labtools 27-3361] The debug hub core was not detected.
Resolution: 
1. Make sure the clock connected to the debug hub (dbg_hub) core is a free running clock and is active.
2. Make sure the BSCAN_SWITCH_USER_MASK device property in Vivado Hardware Manager reflects the user scan chain setting in the design and refresh the device.  To determine the user scan chain setting in the design, open the implemented design and use 'get_property C_USER_SCAN_CHAIN [get_debug_cores dbg_hub]'.
For more details on setting the scan chain property, consult the Vivado Debug and Programming User Guide (UG908).
reset_run impl_1
launch_runs impl_1 -jobs 8
[Mon Dec 18 22:20:39 2023] Launched impl_1...
Run output will be captured here: C:/Users/Administrator/Documents/GitHub/Piano/piano.runs/impl_1/runme.log
reset_run synth_1
launch_runs impl_1 -to_step write_bitstream -jobs 8
[Mon Dec 18 22:22:02 2023] Launched synth_1...
Run output will be captured here: C:/Users/Administrator/Documents/GitHub/Piano/piano.runs/synth_1/runme.log
[Mon Dec 18 22:22:02 2023] Launched impl_1...
Run output will be captured here: C:/Users/Administrator/Documents/GitHub/Piano/piano.runs/impl_1/runme.log
set_property PROBES.FILE {} [get_hw_devices xc7a35t_0]
set_property FULL_PROBES.FILE {} [get_hw_devices xc7a35t_0]
set_property PROGRAM.FILE {C:/Users/Administrator/Documents/GitHub/Piano/piano.runs/impl_1/learn_mode.bit} [get_hw_devices xc7a35t_0]
program_hw_devices [get_hw_devices xc7a35t_0]
INFO: [Labtools 27-3164] End of startup status: HIGH
refresh_hw_device [lindex [get_hw_devices xc7a35t_0] 0]
INFO: [Labtools 27-1434] Device xc7a35t (JTAG device index = 0) is programmed with a design that has no supported debug core(s) in it.
WARNING: [Labtools 27-3361] The debug hub core was not detected.
Resolution: 
1. Make sure the clock connected to the debug hub (dbg_hub) core is a free running clock and is active.
2. Make sure the BSCAN_SWITCH_USER_MASK device property in Vivado Hardware Manager reflects the user scan chain setting in the design and refresh the device.  To determine the user scan chain setting in the design, open the implemented design and use 'get_property C_USER_SCAN_CHAIN [get_debug_cores dbg_hub]'.
For more details on setting the scan chain property, consult the Vivado Debug and Programming User Guide (UG908).
reset_run impl_1
launch_runs impl_1 -jobs 8
[Mon Dec 18 22:30:37 2023] Launched impl_1...
Run output will be captured here: C:/Users/Administrator/Documents/GitHub/Piano/piano.runs/impl_1/runme.log
reset_run synth_1
launch_runs impl_1 -to_step write_bitstream -jobs 8
[Mon Dec 18 22:31:28 2023] Launched synth_1...
Run output will be captured here: C:/Users/Administrator/Documents/GitHub/Piano/piano.runs/synth_1/runme.log
[Mon Dec 18 22:31:28 2023] Launched impl_1...
Run output will be captured here: C:/Users/Administrator/Documents/GitHub/Piano/piano.runs/impl_1/runme.log
set_property PROBES.FILE {} [get_hw_devices xc7a35t_0]
set_property FULL_PROBES.FILE {} [get_hw_devices xc7a35t_0]
set_property PROGRAM.FILE {C:/Users/Administrator/Documents/GitHub/Piano/piano.runs/impl_1/learn_mode.bit} [get_hw_devices xc7a35t_0]
program_hw_devices [get_hw_devices xc7a35t_0]
INFO: [Labtools 27-3164] End of startup status: HIGH
refresh_hw_device [lindex [get_hw_devices xc7a35t_0] 0]
INFO: [Labtools 27-1434] Device xc7a35t (JTAG device index = 0) is programmed with a design that has no supported debug core(s) in it.
WARNING: [Labtools 27-3361] The debug hub core was not detected.
Resolution: 
1. Make sure the clock connected to the debug hub (dbg_hub) core is a free running clock and is active.
2. Make sure the BSCAN_SWITCH_USER_MASK device property in Vivado Hardware Manager reflects the user scan chain setting in the design and refresh the device.  To determine the user scan chain setting in the design, open the implemented design and use 'get_property C_USER_SCAN_CHAIN [get_debug_cores dbg_hub]'.
For more details on setting the scan chain property, consult the Vivado Debug and Programming User Guide (UG908).
reset_run impl_1
launch_runs impl_1 -jobs 8
[Mon Dec 18 22:33:46 2023] Launched impl_1...
Run output will be captured here: C:/Users/Administrator/Documents/GitHub/Piano/piano.runs/impl_1/runme.log
reset_run synth_1
launch_runs impl_1 -to_step write_bitstream -jobs 8
[Mon Dec 18 22:34:37 2023] Launched synth_1...
Run output will be captured here: C:/Users/Administrator/Documents/GitHub/Piano/piano.runs/synth_1/runme.log
[Mon Dec 18 22:34:37 2023] Launched impl_1...
Run output will be captured here: C:/Users/Administrator/Documents/GitHub/Piano/piano.runs/impl_1/runme.log
set_property PROBES.FILE {} [get_hw_devices xc7a35t_0]
set_property FULL_PROBES.FILE {} [get_hw_devices xc7a35t_0]
set_property PROGRAM.FILE {C:/Users/Administrator/Documents/GitHub/Piano/piano.runs/impl_1/learn_mode.bit} [get_hw_devices xc7a35t_0]
program_hw_devices [get_hw_devices xc7a35t_0]
INFO: [Labtools 27-3164] End of startup status: HIGH
refresh_hw_device [lindex [get_hw_devices xc7a35t_0] 0]
INFO: [Labtools 27-1434] Device xc7a35t (JTAG device index = 0) is programmed with a design that has no supported debug core(s) in it.
WARNING: [Labtools 27-3361] The debug hub core was not detected.
Resolution: 
1. Make sure the clock connected to the debug hub (dbg_hub) core is a free running clock and is active.
2. Make sure the BSCAN_SWITCH_USER_MASK device property in Vivado Hardware Manager reflects the user scan chain setting in the design and refresh the device.  To determine the user scan chain setting in the design, open the implemented design and use 'get_property C_USER_SCAN_CHAIN [get_debug_cores dbg_hub]'.
For more details on setting the scan chain property, consult the Vivado Debug and Programming User Guide (UG908).
reset_run impl_1
launch_runs impl_1 -jobs 8
[Mon Dec 18 22:38:22 2023] Launched impl_1...
Run output will be captured here: C:/Users/Administrator/Documents/GitHub/Piano/piano.runs/impl_1/runme.log
reset_run synth_1
launch_runs impl_1 -to_step write_bitstream -jobs 8
[Mon Dec 18 22:39:16 2023] Launched synth_1...
Run output will be captured here: C:/Users/Administrator/Documents/GitHub/Piano/piano.runs/synth_1/runme.log
[Mon Dec 18 22:39:16 2023] Launched impl_1...
Run output will be captured here: C:/Users/Administrator/Documents/GitHub/Piano/piano.runs/impl_1/runme.log
set_property PROBES.FILE {} [get_hw_devices xc7a35t_0]
set_property FULL_PROBES.FILE {} [get_hw_devices xc7a35t_0]
set_property PROGRAM.FILE {C:/Users/Administrator/Documents/GitHub/Piano/piano.runs/impl_1/learn_mode.bit} [get_hw_devices xc7a35t_0]
program_hw_devices [get_hw_devices xc7a35t_0]
INFO: [Labtools 27-3164] End of startup status: HIGH
refresh_hw_device [lindex [get_hw_devices xc7a35t_0] 0]
INFO: [Labtools 27-1434] Device xc7a35t (JTAG device index = 0) is programmed with a design that has no supported debug core(s) in it.
WARNING: [Labtools 27-3361] The debug hub core was not detected.
Resolution: 
1. Make sure the clock connected to the debug hub (dbg_hub) core is a free running clock and is active.
2. Make sure the BSCAN_SWITCH_USER_MASK device property in Vivado Hardware Manager reflects the user scan chain setting in the design and refresh the device.  To determine the user scan chain setting in the design, open the implemented design and use 'get_property C_USER_SCAN_CHAIN [get_debug_cores dbg_hub]'.
For more details on setting the scan chain property, consult the Vivado Debug and Programming User Guide (UG908).
reset_run impl_1
launch_runs impl_1 -jobs 8
[Mon Dec 18 22:43:36 2023] Launched impl_1...
Run output will be captured here: C:/Users/Administrator/Documents/GitHub/Piano/piano.runs/impl_1/runme.log
reset_run synth_1
launch_runs impl_1 -to_step write_bitstream -jobs 8
[Mon Dec 18 22:44:26 2023] Launched synth_1...
Run output will be captured here: C:/Users/Administrator/Documents/GitHub/Piano/piano.runs/synth_1/runme.log
[Mon Dec 18 22:44:26 2023] Launched impl_1...
Run output will be captured here: C:/Users/Administrator/Documents/GitHub/Piano/piano.runs/impl_1/runme.log
set_property PROBES.FILE {} [get_hw_devices xc7a35t_0]
set_property FULL_PROBES.FILE {} [get_hw_devices xc7a35t_0]
set_property PROGRAM.FILE {C:/Users/Administrator/Documents/GitHub/Piano/piano.runs/impl_1/learn_mode.bit} [get_hw_devices xc7a35t_0]
program_hw_devices [get_hw_devices xc7a35t_0]
INFO: [Labtools 27-3164] End of startup status: HIGH
refresh_hw_device [lindex [get_hw_devices xc7a35t_0] 0]
INFO: [Labtools 27-1434] Device xc7a35t (JTAG device index = 0) is programmed with a design that has no supported debug core(s) in it.
WARNING: [Labtools 27-3361] The debug hub core was not detected.
Resolution: 
1. Make sure the clock connected to the debug hub (dbg_hub) core is a free running clock and is active.
2. Make sure the BSCAN_SWITCH_USER_MASK device property in Vivado Hardware Manager reflects the user scan chain setting in the design and refresh the device.  To determine the user scan chain setting in the design, open the implemented design and use 'get_property C_USER_SCAN_CHAIN [get_debug_cores dbg_hub]'.
For more details on setting the scan chain property, consult the Vivado Debug and Programming User Guide (UG908).
reset_run impl_1
launch_runs impl_1 -jobs 8
[Mon Dec 18 22:49:12 2023] Launched impl_1...
Run output will be captured here: C:/Users/Administrator/Documents/GitHub/Piano/piano.runs/impl_1/runme.log
reset_run synth_1
launch_runs impl_1 -to_step write_bitstream -jobs 8
[Mon Dec 18 22:50:12 2023] Launched synth_1...
Run output will be captured here: C:/Users/Administrator/Documents/GitHub/Piano/piano.runs/synth_1/runme.log
[Mon Dec 18 22:50:12 2023] Launched impl_1...
Run output will be captured here: C:/Users/Administrator/Documents/GitHub/Piano/piano.runs/impl_1/runme.log
set_property PROBES.FILE {} [get_hw_devices xc7a35t_0]
set_property FULL_PROBES.FILE {} [get_hw_devices xc7a35t_0]
set_property PROGRAM.FILE {C:/Users/Administrator/Documents/GitHub/Piano/piano.runs/impl_1/learn_mode.bit} [get_hw_devices xc7a35t_0]
program_hw_devices [get_hw_devices xc7a35t_0]
INFO: [Labtools 27-3164] End of startup status: HIGH
refresh_hw_device [lindex [get_hw_devices xc7a35t_0] 0]
INFO: [Labtools 27-1434] Device xc7a35t (JTAG device index = 0) is programmed with a design that has no supported debug core(s) in it.
WARNING: [Labtools 27-3361] The debug hub core was not detected.
Resolution: 
1. Make sure the clock connected to the debug hub (dbg_hub) core is a free running clock and is active.
2. Make sure the BSCAN_SWITCH_USER_MASK device property in Vivado Hardware Manager reflects the user scan chain setting in the design and refresh the device.  To determine the user scan chain setting in the design, open the implemented design and use 'get_property C_USER_SCAN_CHAIN [get_debug_cores dbg_hub]'.
For more details on setting the scan chain property, consult the Vivado Debug and Programming User Guide (UG908).
reset_run impl_1
launch_runs impl_1 -jobs 8
[Mon Dec 18 22:53:54 2023] Launched impl_1...
Run output will be captured here: C:/Users/Administrator/Documents/GitHub/Piano/piano.runs/impl_1/runme.log
reset_run synth_1
launch_runs impl_1 -to_step write_bitstream -jobs 8
[Mon Dec 18 22:54:45 2023] Launched synth_1...
Run output will be captured here: C:/Users/Administrator/Documents/GitHub/Piano/piano.runs/synth_1/runme.log
[Mon Dec 18 22:54:45 2023] Launched impl_1...
=======
[Thu Dec 14 23:56:15 2023] Launched synth_1...
Run output will be captured here: C:/Users/Administrator/Documents/GitHub/Piano/piano.runs/synth_1/runme.log
[Thu Dec 14 23:56:15 2023] Launched impl_1...
Run output will be captured here: C:/Users/Administrator/Documents/GitHub/Piano/piano.runs/impl_1/runme.log
reset_run impl_1 -prev_step 
launch_runs impl_1 -to_step write_bitstream -jobs 8
WARNING: [Vivado 12-872] Run step 'Design Initialization' is out-of-date.
[Fri Dec 15 00:00:06 2023] Launched impl_1...
Run output will be captured here: C:/Users/Administrator/Documents/GitHub/Piano/piano.runs/impl_1/runme.log
reset_run synth_1
launch_runs impl_1 -to_step write_bitstream -jobs 8
[Fri Dec 15 00:04:46 2023] Launched synth_1...
Run output will be captured here: C:/Users/Administrator/Documents/GitHub/Piano/piano.runs/synth_1/runme.log
[Fri Dec 15 00:04:46 2023] Launched impl_1...
Run output will be captured here: C:/Users/Administrator/Documents/GitHub/Piano/piano.runs/impl_1/runme.log
reset_run impl_1 -prev_step 
launch_runs impl_1 -to_step write_bitstream -jobs 8
WARNING: [Vivado 12-872] Run step 'Design Initialization' is out-of-date.
[Fri Dec 15 00:07:16 2023] Launched impl_1...
Run output will be captured here: C:/Users/Administrator/Documents/GitHub/Piano/piano.runs/impl_1/runme.log
reset_run synth_1
launch_runs impl_1 -to_step write_bitstream -jobs 8
[Fri Dec 15 00:08:16 2023] Launched synth_1...
Run output will be captured here: C:/Users/Administrator/Documents/GitHub/Piano/piano.runs/synth_1/runme.log
[Fri Dec 15 00:08:16 2023] Launched impl_1...
>>>>>>> 2abe4914cee8466690aac9679b53b466a762c9c5
Run output will be captured here: C:/Users/Administrator/Documents/GitHub/Piano/piano.runs/impl_1/runme.log
set_property PROBES.FILE {} [get_hw_devices xc7a35t_0]
set_property FULL_PROBES.FILE {} [get_hw_devices xc7a35t_0]
set_property PROGRAM.FILE {C:/Users/Administrator/Documents/GitHub/Piano/piano.runs/impl_1/learning_mode.bit} [get_hw_devices xc7a35t_0]
program_hw_devices [get_hw_devices xc7a35t_0]
INFO: [Labtools 27-3164] End of startup status: HIGH
refresh_hw_device [lindex [get_hw_devices xc7a35t_0] 0]
INFO: [Labtools 27-1434] Device xc7a35t (JTAG device index = 0) is programmed with a design that has no supported debug core(s) in it.
WARNING: [Labtools 27-3361] The debug hub core was not detected.
Resolution: 
1. Make sure the clock connected to the debug hub (dbg_hub) core is a free running clock and is active.
2. Make sure the BSCAN_SWITCH_USER_MASK device property in Vivado Hardware Manager reflects the user scan chain setting in the design and refresh the device.  To determine the user scan chain setting in the design, open the implemented design and use 'get_property C_USER_SCAN_CHAIN [get_debug_cores dbg_hub]'.
For more details on setting the scan chain property, consult the Vivado Debug and Programming User Guide (UG908).
exit
<<<<<<< HEAD
INFO: [Common 17-206] Exiting Vivado at Mon Dec 18 23:04:02 2023...
=======
INFO: [Common 17-206] Exiting Vivado at Fri Dec 15 00:13:06 2023...
>>>>>>> 2abe4914cee8466690aac9679b53b466a762c9c5
