#-----------------------------------------------------------
# Vivado v2017.4 (64-bit)
# SW Build 2086221 on Fri Dec 15 20:55:39 MST 2017
# IP Build 2085800 on Fri Dec 15 22:25:07 MST 2017
# Start of session at: Mon Nov 20 14:12:51 2023
# Process ID: 14096
# Current directory: C:/Users/86138/Documents/GitHub/Piano
# Command line: vivado.exe -gui_launcher_event rodinguilauncherevent17216 C:\Users\86138\Documents\GitHub\Piano\piano.xpr
# Log file: C:/Users/86138/Documents/GitHub/Piano/vivado.log
# Journal file: C:/Users/86138/Documents/GitHub/Piano\vivado.jou
#-----------------------------------------------------------
start_gui
open_project C:/Users/86138/Documents/GitHub/Piano/piano.xpr
Scanning sources...
Finished scanning sources
WARNING: [filemgmt 56-3] IPUserFilesDir: Could not find the directory 'C:/Users/86138/Documents/GitHub/Piano/piano.ip_user_files'.
INFO: [IP_Flow 19-234] Refreshing IP repositories
INFO: [IP_Flow 19-1704] No user IP repositories specified
INFO: [IP_Flow 19-2313] Loaded Vivado IP repository 'C:/Xilinx/Vivado/2017.4/data/ip'.
open_project: Time (s): cpu = 00:00:08 ; elapsed = 00:00:06 . Memory (MB): peak = 825.691 ; gain = 86.227
update_compile_order -fileset sources_1
close [ open C:/Users/86138/Documents/GitHub/Piano/piano.srcs/sources_1/new/free_play.v w ]
add_files C:/Users/86138/Documents/GitHub/Piano/piano.srcs/sources_1/new/free_play.v
update_compile_order -fileset sources_1
close [ open C:/Users/86138/Documents/GitHub/Piano/piano.srcs/sources_1/new/auto_play.v w ]
add_files C:/Users/86138/Documents/GitHub/Piano/piano.srcs/sources_1/new/auto_play.v
update_compile_order -fileset sources_1
exit
INFO: [Common 17-206] Exiting Vivado at Mon Nov 20 14:56:32 2023...
