#-----------------------------------------------------------
# Vivado v2017.4 (64-bit)
# SW Build 2086221 on Fri Dec 15 20:55:39 MST 2017
# IP Build 2085800 on Fri Dec 15 22:25:07 MST 2017
# Start of session at: Thu Dec 21 21:14:33 2023
# Process ID: 2324
# Current directory: C:/Users/Administrator/Documents/GitHub/Piano
# Command line: vivado.exe -gui_launcher_event rodinguilauncherevent868 C:\Users\Administrator\Documents\GitHub\Piano\piano.xpr
# Log file: C:/Users/Administrator/Documents/GitHub/Piano/vivado.log
# Journal file: C:/Users/Administrator/Documents/GitHub/Piano\vivado.jou
#-----------------------------------------------------------
start_gui
open_project C:/Users/Administrator/Documents/GitHub/Piano/piano.xpr
INFO: [Project 1-313] Project file moved from 'C:/Users/86138/Documents/GitHub/Piano' since last save.
CRITICAL WARNING: [Project 1-19] Could not find the file 'D:/keyboard.v'.
CRITICAL WARNING: [Project 1-19] Could not find the file 'D:/sim_keyboard.v'.
Scanning sources...
Finished scanning sources
INFO: [IP_Flow 19-234] Refreshing IP repositories
INFO: [IP_Flow 19-1704] No user IP repositories specified
INFO: [IP_Flow 19-2313] Loaded Vivado IP repository 'C:/Xilinx/Vivado/2017.4/data/ip'.
update_compile_order -fileset sources_1
reset_run synth_1
launch_runs synth_1 -jobs 8
[Thu Dec 21 21:18:42 2023] Launched synth_1...
Run output will be captured here: C:/Users/Administrator/Documents/GitHub/Piano/piano.runs/synth_1/runme.log
launch_runs impl_1 -jobs 8
[Thu Dec 21 21:19:16 2023] Launched impl_1...
Run output will be captured here: C:/Users/Administrator/Documents/GitHub/Piano/piano.runs/impl_1/runme.log
launch_runs impl_1 -to_step write_bitstream -jobs 8
[Thu Dec 21 21:20:06 2023] Launched impl_1...
Run output will be captured here: C:/Users/Administrator/Documents/GitHub/Piano/piano.runs/impl_1/runme.log
open_run impl_1
INFO: [Netlist 29-17] Analyzing 30 Unisim elements for replacement
INFO: [Netlist 29-28] Unisim Transformation completed in 0 CPU seconds
INFO: [Project 1-479] Netlist was created with Vivado 2017.4
INFO: [Device 21-403] Loading part xc7a35tcsg324-1
INFO: [Project 1-570] Preparing netlist for logic optimization
Parsing XDC File [C:/Users/Administrator/Documents/GitHub/Piano/.Xil/Vivado-2324-S210-07/dcp2/auto_play.xdc]
Finished Parsing XDC File [C:/Users/Administrator/Documents/GitHub/Piano/.Xil/Vivado-2324-S210-07/dcp2/auto_play.xdc]
Reading XDEF placement.
Reading placer database...
Reading XDEF routing.
Read XDEF File: Time (s): cpu = 00:00:00 ; elapsed = 00:00:00.041 . Memory (MB): peak = 1219.977 ; gain = 0.328
Restored from archive | CPU: 0.000000 secs | Memory: 0.000000 MB |
Finished XDEF File Restore: Time (s): cpu = 00:00:00 ; elapsed = 00:00:00.041 . Memory (MB): peak = 1219.977 ; gain = 0.328
INFO: [Project 1-111] Unisim Transformation Summary:
No Unisim elements were transformed.

open_run: Time (s): cpu = 00:00:13 ; elapsed = 00:00:07 . Memory (MB): peak = 1357.797 ; gain = 422.805
WARNING: [Timing 38-313] There are no user specified timing constraints. Timing constraints are needed for proper timing analysis.
set_property target_constrs_file C:/Users/Administrator/Documents/GitHub/Piano/piano.srcs/constrs_1/new/freecon.xdc [current_fileset -constrset]
reset_run impl_1
launch_runs impl_1 -jobs 8
[Thu Dec 21 21:34:24 2023] Launched impl_1...
Run output will be captured here: C:/Users/Administrator/Documents/GitHub/Piano/piano.runs/impl_1/runme.log
launch_runs impl_1 -to_step write_bitstream -jobs 8
[Thu Dec 21 21:35:13 2023] Launched impl_1...
Run output will be captured here: C:/Users/Administrator/Documents/GitHub/Piano/piano.runs/impl_1/runme.log
open_hw
connect_hw_server
INFO: [Labtools 27-2285] Connecting to hw_server url TCP:localhost:3121
INFO: [Labtools 27-2222] Launching hw_server...
INFO: [Labtools 27-2221] Launch Output:

****** Xilinx hw_server v2017.4
  **** Build date : Dec 15 2017-21:08:27
    ** Copyright 1986-2017 Xilinx, Inc. All Rights Reserved.


open_hw_target
INFO: [Labtoolstcl 44-466] Opening hw_target localhost:3121/xilinx_tcf/Xilinx/1234-tulA
set_property PROGRAM.FILE {C:/Users/Administrator/Documents/GitHub/Piano/piano.runs/impl_1/auto_play.bit} [get_hw_devices xc7a35t_0]
current_hw_device [get_hw_devices xc7a35t_0]
refresh_hw_device -update_hw_probes false [lindex [get_hw_devices xc7a35t_0] 0]
INFO: [Labtools 27-1434] Device xc7a35t (JTAG device index = 0) is programmed with a design that has no supported debug core(s) in it.
WARNING: [Labtools 27-3361] The debug hub core was not detected.
Resolution: 
1. Make sure the clock connected to the debug hub (dbg_hub) core is a free running clock and is active.
2. Make sure the BSCAN_SWITCH_USER_MASK device property in Vivado Hardware Manager reflects the user scan chain setting in the design and refresh the device.  To determine the user scan chain setting in the design, open the implemented design and use 'get_property C_USER_SCAN_CHAIN [get_debug_cores dbg_hub]'.
For more details on setting the scan chain property, consult the Vivado Debug and Programming User Guide (UG908).
set_property PROBES.FILE {} [get_hw_devices xc7a35t_0]
set_property FULL_PROBES.FILE {} [get_hw_devices xc7a35t_0]
set_property PROGRAM.FILE {C:/Users/Administrator/Documents/GitHub/Piano/piano.runs/impl_1/auto_play.bit} [get_hw_devices xc7a35t_0]
program_hw_devices [get_hw_devices xc7a35t_0]
INFO: [Labtools 27-3164] End of startup status: HIGH
refresh_hw_device [lindex [get_hw_devices xc7a35t_0] 0]
INFO: [Labtools 27-1434] Device xc7a35t (JTAG device index = 0) is programmed with a design that has no supported debug core(s) in it.
WARNING: [Labtools 27-3361] The debug hub core was not detected.
Resolution: 
1. Make sure the clock connected to the debug hub (dbg_hub) core is a free running clock and is active.
2. Make sure the BSCAN_SWITCH_USER_MASK device property in Vivado Hardware Manager reflects the user scan chain setting in the design and refresh the device.  To determine the user scan chain setting in the design, open the implemented design and use 'get_property C_USER_SCAN_CHAIN [get_debug_cores dbg_hub]'.
For more details on setting the scan chain property, consult the Vivado Debug and Programming User Guide (UG908).
set_property top learn_mode [current_fileset]
update_compile_order -fileset sources_1
reset_run synth_1
launch_runs impl_1 -jobs 8
[Thu Dec 21 21:36:35 2023] Launched synth_1...
Run output will be captured here: C:/Users/Administrator/Documents/GitHub/Piano/piano.runs/synth_1/runme.log
[Thu Dec 21 21:36:36 2023] Launched impl_1...
Run output will be captured here: C:/Users/Administrator/Documents/GitHub/Piano/piano.runs/impl_1/runme.log
reset_run synth_1
launch_runs synth_1 -jobs 8
[Thu Dec 21 21:38:05 2023] Launched synth_1...
Run output will be captured here: C:/Users/Administrator/Documents/GitHub/Piano/piano.runs/synth_1/runme.log
reset_run synth_1
launch_runs synth_1 -jobs 8
[Thu Dec 21 21:40:48 2023] Launched synth_1...
Run output will be captured here: C:/Users/Administrator/Documents/GitHub/Piano/piano.runs/synth_1/runme.log
launch_runs impl_1 -jobs 8
[Thu Dec 21 21:41:28 2023] Launched impl_1...
Run output will be captured here: C:/Users/Administrator/Documents/GitHub/Piano/piano.runs/impl_1/runme.log
reset_run impl_1
launch_runs impl_1 -jobs 8
[Thu Dec 21 21:43:08 2023] Launched impl_1...
Run output will be captured here: C:/Users/Administrator/Documents/GitHub/Piano/piano.runs/impl_1/runme.log
reset_run synth_1
launch_runs impl_1 -jobs 8
[Thu Dec 21 21:44:33 2023] Launched synth_1...
Run output will be captured here: C:/Users/Administrator/Documents/GitHub/Piano/piano.runs/synth_1/runme.log
[Thu Dec 21 21:44:33 2023] Launched impl_1...
Run output will be captured here: C:/Users/Administrator/Documents/GitHub/Piano/piano.runs/impl_1/runme.log
launch_runs impl_1 -to_step write_bitstream -jobs 8
[Thu Dec 21 21:45:53 2023] Launched impl_1...
Run output will be captured here: C:/Users/Administrator/Documents/GitHub/Piano/piano.runs/impl_1/runme.log
set_property PROBES.FILE {} [get_hw_devices xc7a35t_0]
set_property FULL_PROBES.FILE {} [get_hw_devices xc7a35t_0]
set_property PROGRAM.FILE {C:/Users/Administrator/Documents/GitHub/Piano/piano.runs/impl_1/learn_mode.bit} [get_hw_devices xc7a35t_0]
program_hw_devices [get_hw_devices xc7a35t_0]
INFO: [Labtools 27-3164] End of startup status: HIGH
refresh_hw_device [lindex [get_hw_devices xc7a35t_0] 0]
INFO: [Labtools 27-1434] Device xc7a35t (JTAG device index = 0) is programmed with a design that has no supported debug core(s) in it.
WARNING: [Labtools 27-3361] The debug hub core was not detected.
Resolution: 
1. Make sure the clock connected to the debug hub (dbg_hub) core is a free running clock and is active.
2. Make sure the BSCAN_SWITCH_USER_MASK device property in Vivado Hardware Manager reflects the user scan chain setting in the design and refresh the device.  To determine the user scan chain setting in the design, open the implemented design and use 'get_property C_USER_SCAN_CHAIN [get_debug_cores dbg_hub]'.
For more details on setting the scan chain property, consult the Vivado Debug and Programming User Guide (UG908).
reset_run impl_1 -prev_step 
launch_runs impl_1 -to_step write_bitstream -jobs 8
WARNING: [Vivado 12-872] Run step 'Design Initialization' is out-of-date.
[Thu Dec 21 21:48:16 2023] Launched impl_1...
Run output will be captured here: C:/Users/Administrator/Documents/GitHub/Piano/piano.runs/impl_1/runme.log
set_property PROBES.FILE {} [get_hw_devices xc7a35t_0]
set_property FULL_PROBES.FILE {} [get_hw_devices xc7a35t_0]
set_property PROGRAM.FILE {C:/Users/Administrator/Documents/GitHub/Piano/piano.runs/impl_1/learn_mode.bit} [get_hw_devices xc7a35t_0]
program_hw_devices [get_hw_devices xc7a35t_0]
INFO: [Labtools 27-3164] End of startup status: HIGH
refresh_hw_device [lindex [get_hw_devices xc7a35t_0] 0]
INFO: [Labtools 27-1434] Device xc7a35t (JTAG device index = 0) is programmed with a design that has no supported debug core(s) in it.
WARNING: [Labtools 27-3361] The debug hub core was not detected.
Resolution: 
1. Make sure the clock connected to the debug hub (dbg_hub) core is a free running clock and is active.
2. Make sure the BSCAN_SWITCH_USER_MASK device property in Vivado Hardware Manager reflects the user scan chain setting in the design and refresh the device.  To determine the user scan chain setting in the design, open the implemented design and use 'get_property C_USER_SCAN_CHAIN [get_debug_cores dbg_hub]'.
For more details on setting the scan chain property, consult the Vivado Debug and Programming User Guide (UG908).
reset_run synth_1
launch_runs impl_1 -to_step write_bitstream -jobs 8
[Thu Dec 21 21:57:07 2023] Launched synth_1...
Run output will be captured here: C:/Users/Administrator/Documents/GitHub/Piano/piano.runs/synth_1/runme.log
[Thu Dec 21 21:57:07 2023] Launched impl_1...
Run output will be captured here: C:/Users/Administrator/Documents/GitHub/Piano/piano.runs/impl_1/runme.log
set_property PROBES.FILE {} [get_hw_devices xc7a35t_0]
set_property FULL_PROBES.FILE {} [get_hw_devices xc7a35t_0]
set_property PROGRAM.FILE {C:/Users/Administrator/Documents/GitHub/Piano/piano.runs/impl_1/learn_mode.bit} [get_hw_devices xc7a35t_0]
program_hw_devices [get_hw_devices xc7a35t_0]
INFO: [Labtools 27-3164] End of startup status: HIGH
refresh_hw_device [lindex [get_hw_devices xc7a35t_0] 0]
INFO: [Labtools 27-1434] Device xc7a35t (JTAG device index = 0) is programmed with a design that has no supported debug core(s) in it.
WARNING: [Labtools 27-3361] The debug hub core was not detected.
Resolution: 
1. Make sure the clock connected to the debug hub (dbg_hub) core is a free running clock and is active.
2. Make sure the BSCAN_SWITCH_USER_MASK device property in Vivado Hardware Manager reflects the user scan chain setting in the design and refresh the device.  To determine the user scan chain setting in the design, open the implemented design and use 'get_property C_USER_SCAN_CHAIN [get_debug_cores dbg_hub]'.
For more details on setting the scan chain property, consult the Vivado Debug and Programming User Guide (UG908).
reset_run impl_1 -prev_step 
launch_runs impl_1 -to_step write_bitstream -jobs 8
WARNING: [Vivado 12-872] Run step 'Design Initialization' is out-of-date.
[Thu Dec 21 22:00:20 2023] Launched impl_1...
Run output will be captured here: C:/Users/Administrator/Documents/GitHub/Piano/piano.runs/impl_1/runme.log
set_property PROBES.FILE {} [get_hw_devices xc7a35t_0]
set_property FULL_PROBES.FILE {} [get_hw_devices xc7a35t_0]
set_property PROGRAM.FILE {C:/Users/Administrator/Documents/GitHub/Piano/piano.runs/impl_1/learn_mode.bit} [get_hw_devices xc7a35t_0]
program_hw_devices [get_hw_devices xc7a35t_0]
INFO: [Labtools 27-3164] End of startup status: HIGH
refresh_hw_device [lindex [get_hw_devices xc7a35t_0] 0]
INFO: [Labtools 27-1434] Device xc7a35t (JTAG device index = 0) is programmed with a design that has no supported debug core(s) in it.
WARNING: [Labtools 27-3361] The debug hub core was not detected.
Resolution: 
1. Make sure the clock connected to the debug hub (dbg_hub) core is a free running clock and is active.
2. Make sure the BSCAN_SWITCH_USER_MASK device property in Vivado Hardware Manager reflects the user scan chain setting in the design and refresh the device.  To determine the user scan chain setting in the design, open the implemented design and use 'get_property C_USER_SCAN_CHAIN [get_debug_cores dbg_hub]'.
For more details on setting the scan chain property, consult the Vivado Debug and Programming User Guide (UG908).
reset_run synth_1
launch_runs impl_1 -to_step write_bitstream -jobs 8
[Thu Dec 21 22:02:54 2023] Launched synth_1...
Run output will be captured here: C:/Users/Administrator/Documents/GitHub/Piano/piano.runs/synth_1/runme.log
[Thu Dec 21 22:02:54 2023] Launched impl_1...
Run output will be captured here: C:/Users/Administrator/Documents/GitHub/Piano/piano.runs/impl_1/runme.log
ERROR: [Labtoolstcl 44-513] HW Target shutdown. Closing target: localhost:3121/xilinx_tcf/Xilinx/1234-tulA
reset_run impl_1
reset_run synth_1
launch_runs impl_1 -to_step write_bitstream -jobs 8
[Thu Dec 21 23:39:31 2023] Launched synth_1...
Run output will be captured here: C:/Users/Administrator/Documents/GitHub/Piano/piano.runs/synth_1/runme.log
[Thu Dec 21 23:39:31 2023] Launched impl_1...
Run output will be captured here: C:/Users/Administrator/Documents/GitHub/Piano/piano.runs/impl_1/runme.log
reset_run synth_1
launch_runs impl_1 -to_step write_bitstream -jobs 8
[Thu Dec 21 23:40:58 2023] Launched synth_1...
Run output will be captured here: C:/Users/Administrator/Documents/GitHub/Piano/piano.runs/synth_1/runme.log
[Thu Dec 21 23:40:58 2023] Launched impl_1...
Run output will be captured here: C:/Users/Administrator/Documents/GitHub/Piano/piano.runs/impl_1/runme.log
reset_run synth_1
launch_runs impl_1 -jobs 8
[Thu Dec 21 23:42:44 2023] Launched synth_1...
Run output will be captured here: C:/Users/Administrator/Documents/GitHub/Piano/piano.runs/synth_1/runme.log
[Thu Dec 21 23:42:44 2023] Launched impl_1...
Run output will be captured here: C:/Users/Administrator/Documents/GitHub/Piano/piano.runs/impl_1/runme.log
refresh_design
INFO: [Netlist 29-17] Analyzing 137 Unisim elements for replacement
INFO: [Netlist 29-28] Unisim Transformation completed in 0 CPU seconds
INFO: [Project 1-479] Netlist was created with Vivado 2017.4
INFO: [Project 1-570] Preparing netlist for logic optimization
Parsing XDC File [C:/Users/Administrator/Documents/GitHub/Piano/.Xil/Vivado-2324-S210-07/dcp9/learn_mode.xdc]
Finished Parsing XDC File [C:/Users/Administrator/Documents/GitHub/Piano/.Xil/Vivado-2324-S210-07/dcp9/learn_mode.xdc]
Reading XDEF placement.
Reading placer database...
Reading XDEF routing.
Read XDEF File: Time (s): cpu = 00:00:00 ; elapsed = 00:00:00.081 . Memory (MB): peak = 2433.473 ; gain = 0.000
Restored from archive | CPU: 0.000000 secs | Memory: 0.000000 MB |
Finished XDEF File Restore: Time (s): cpu = 00:00:00 ; elapsed = 00:00:00.081 . Memory (MB): peak = 2433.473 ; gain = 0.000
WARNING: [Timing 38-313] There are no user specified timing constraints. Timing constraints are needed for proper timing analysis.
set_property IOSTANDARD LVCMOS33 [get_ports [list {seg_out2[7]} {seg_out2[6]} {seg_out2[5]} {seg_out2[4]} {seg_out2[3]} {seg_out2[2]} {seg_out2[1]} {seg_out2[0]}]]
startgroup
set_property package_pin "" [get_ports [list  {seg_out1[7]}]]
place_ports {seg_out2[7]} D4
endgroup
startgroup
set_property package_pin "" [get_ports [list  {seg_out2[7]}]]
place_ports {seg_out1[7]} D4
endgroup
save_constraints
reset_run impl_1
launch_runs impl_1 -jobs 8
[Thu Dec 21 23:55:39 2023] Launched impl_1...
Run output will be captured here: C:/Users/Administrator/Documents/GitHub/Piano/piano.runs/impl_1/runme.log
refresh_design
INFO: [Netlist 29-17] Analyzing 137 Unisim elements for replacement
INFO: [Netlist 29-28] Unisim Transformation completed in 0 CPU seconds
INFO: [Project 1-479] Netlist was created with Vivado 2017.4
INFO: [Project 1-570] Preparing netlist for logic optimization
Parsing XDC File [C:/Users/Administrator/Documents/GitHub/Piano/.Xil/Vivado-2324-S210-07/dcp12/learn_mode.xdc]
Finished Parsing XDC File [C:/Users/Administrator/Documents/GitHub/Piano/.Xil/Vivado-2324-S210-07/dcp12/learn_mode.xdc]
Reading XDEF placement.
Reading placer database...
Reading XDEF routing.
Read XDEF File: Time (s): cpu = 00:00:00 ; elapsed = 00:00:00.068 . Memory (MB): peak = 2486.645 ; gain = 0.000
Restored from archive | CPU: 0.000000 secs | Memory: 0.000000 MB |
Finished XDEF File Restore: Time (s): cpu = 00:00:00 ; elapsed = 00:00:00.068 . Memory (MB): peak = 2486.645 ; gain = 0.000
WARNING: [Timing 38-313] There are no user specified timing constraints. Timing constraints are needed for proper timing analysis.
reset_run synth_1
launch_runs impl_1 -jobs 8
[Thu Dec 21 23:57:28 2023] Launched synth_1...
Run output will be captured here: C:/Users/Administrator/Documents/GitHub/Piano/piano.runs/synth_1/runme.log
[Thu Dec 21 23:57:28 2023] Launched impl_1...
Run output will be captured here: C:/Users/Administrator/Documents/GitHub/Piano/piano.runs/impl_1/runme.log
refresh_design
INFO: [Netlist 29-17] Analyzing 137 Unisim elements for replacement
INFO: [Netlist 29-28] Unisim Transformation completed in 0 CPU seconds
INFO: [Project 1-479] Netlist was created with Vivado 2017.4
INFO: [Project 1-570] Preparing netlist for logic optimization
Parsing XDC File [C:/Users/Administrator/Documents/GitHub/Piano/.Xil/Vivado-2324-S210-07/dcp13/learn_mode.xdc]
Finished Parsing XDC File [C:/Users/Administrator/Documents/GitHub/Piano/.Xil/Vivado-2324-S210-07/dcp13/learn_mode.xdc]
Reading XDEF placement.
Reading placer database...
Reading XDEF routing.
Read XDEF File: Time (s): cpu = 00:00:00 ; elapsed = 00:00:00.071 . Memory (MB): peak = 2507.109 ; gain = 0.000
Restored from archive | CPU: 0.000000 secs | Memory: 0.000000 MB |
Finished XDEF File Restore: Time (s): cpu = 00:00:00 ; elapsed = 00:00:00.071 . Memory (MB): peak = 2507.109 ; gain = 0.000
WARNING: [Timing 38-313] There are no user specified timing constraints. Timing constraints are needed for proper timing analysis.
launch_runs impl_1 -to_step write_bitstream -jobs 8
[Thu Dec 21 23:59:05 2023] Launched impl_1...
Run output will be captured here: C:/Users/Administrator/Documents/GitHub/Piano/piano.runs/impl_1/runme.log
INFO: [Labtoolstcl 44-466] Opening hw_target localhost:3121/xilinx_tcf/Xilinx/1234-tulA
INFO: [Labtools 27-1434] Device xc7a35t (JTAG device index = 0) is programmed with a design that has no supported debug core(s) in it.
WARNING: [Labtools 27-3361] The debug hub core was not detected.
Resolution: 
1. Make sure the clock connected to the debug hub (dbg_hub) core is a free running clock and is active.
2. Make sure the BSCAN_SWITCH_USER_MASK device property in Vivado Hardware Manager reflects the user scan chain setting in the design and refresh the device.  To determine the user scan chain setting in the design, open the implemented design and use 'get_property C_USER_SCAN_CHAIN [get_debug_cores dbg_hub]'.
For more details on setting the scan chain property, consult the Vivado Debug and Programming User Guide (UG908).
WARNING: [Labtoolstcl 44-129] No matching hw_ila_data was found.
set_property PROBES.FILE {} [get_hw_devices xc7a35t_0]
set_property FULL_PROBES.FILE {} [get_hw_devices xc7a35t_0]
set_property PROGRAM.FILE {C:/Users/Administrator/Documents/GitHub/Piano/piano.runs/impl_1/learn_mode.bit} [get_hw_devices xc7a35t_0]
program_hw_devices [get_hw_devices xc7a35t_0]
INFO: [Labtools 27-3164] End of startup status: HIGH
refresh_hw_device [lindex [get_hw_devices xc7a35t_0] 0]
INFO: [Labtools 27-1434] Device xc7a35t (JTAG device index = 0) is programmed with a design that has no supported debug core(s) in it.
WARNING: [Labtools 27-3361] The debug hub core was not detected.
Resolution: 
1. Make sure the clock connected to the debug hub (dbg_hub) core is a free running clock and is active.
2. Make sure the BSCAN_SWITCH_USER_MASK device property in Vivado Hardware Manager reflects the user scan chain setting in the design and refresh the device.  To determine the user scan chain setting in the design, open the implemented design and use 'get_property C_USER_SCAN_CHAIN [get_debug_cores dbg_hub]'.
For more details on setting the scan chain property, consult the Vivado Debug and Programming User Guide (UG908).
set_property SOURCE_SET sources_1 [get_filesets sim_1]
close [ open C:/Users/Administrator/Documents/GitHub/Piano/piano.srcs/sim_1/new/tubs_tb.v w ]
add_files -fileset sim_1 C:/Users/Administrator/Documents/GitHub/Piano/piano.srcs/sim_1/new/tubs_tb.v
update_compile_order -fileset sim_1
set_property top tubs_tb [get_filesets sim_1]
set_property top_lib xil_defaultlib [get_filesets sim_1]
update_compile_order -fileset sim_1
launch_simulation
INFO: [Vivado 12-5682] Launching behavioral simulation in 'C:/Users/Administrator/Documents/GitHub/Piano/piano.sim/sim_1/behav/xsim'
INFO: [SIM-utils-51] Simulation object is 'sim_1'
INFO: [SIM-utils-54] Inspecting design source files for 'tubs_tb' in fileset 'sim_1'...
INFO: [USF-XSim-97] Finding global include files...
INFO: [USF-XSim-98] Fetching design files from 'sim_1'...
INFO: [USF-XSim-2] XSim::Compile design
INFO: [USF-XSim-61] Executing 'COMPILE and ANALYZE' step in 'C:/Users/Administrator/Documents/GitHub/Piano/piano.sim/sim_1/behav/xsim'
"xvlog --incr --relax -prj tubs_tb_vlog.prj"
INFO: [VRFC 10-2263] Analyzing Verilog file "C:/Users/Administrator/Documents/GitHub/Piano/piano.srcs/sources_1/new/light_7seg_ego1.v" into library xil_defaultlib
INFO: [VRFC 10-311] analyzing module light_7seg_ego1
INFO: [VRFC 10-2263] Analyzing Verilog file "C:/Users/Administrator/Documents/GitHub/Piano/piano.srcs/sources_1/new/scan_seg.v" into library xil_defaultlib
INFO: [VRFC 10-311] analyzing module scan_seg
INFO: [VRFC 10-2263] Analyzing Verilog file "C:/Users/Administrator/Documents/GitHub/Piano/piano.srcs/sim_1/new/tubs_tb.v" into library xil_defaultlib
INFO: [VRFC 10-311] analyzing module tubs_tb
INFO: [VRFC 10-2458] undeclared symbol scan_seg, assumed default net type wire [C:/Users/Administrator/Documents/GitHub/Piano/piano.srcs/sim_1/new/tubs_tb.v:35]
INFO: [VRFC 10-2263] Analyzing Verilog file "C:/Users/Administrator/Documents/GitHub/Piano/piano.sim/sim_1/behav/xsim/glbl.v" into library xil_defaultlib
INFO: [VRFC 10-311] analyzing module glbl
INFO: [USF-XSim-69] 'compile' step finished in '2' seconds
INFO: [USF-XSim-3] XSim::Elaborate design
INFO: [USF-XSim-61] Executing 'ELABORATE' step in 'C:/Users/Administrator/Documents/GitHub/Piano/piano.sim/sim_1/behav/xsim'
Vivado Simulator 2017.4
Copyright 1986-1999, 2001-2016 Xilinx, Inc. All Rights Reserved.
Running: C:/Xilinx/Vivado/2017.4/bin/unwrapped/win64.o/xelab.exe -wto d27275362db04977b7e3347b5f3884ed --incr --debug typical --relax --mt 2 -L xil_defaultlib -L unisims_ver -L unimacro_ver -L secureip --snapshot tubs_tb_behav xil_defaultlib.tubs_tb xil_defaultlib.glbl -log elaborate.log 
Using 2 slave threads.
Starting static elaboration
WARNING: [VRFC 10-278] actual bit length 1 differs from formal bit length 8 for port seg_en [C:/Users/Administrator/Documents/GitHub/Piano/piano.srcs/sim_1/new/tubs_tb.v:35]
Completed static elaboration
Starting simulation data flow analysis
Completed simulation data flow analysis
Time Resolution for simulation is 1ps
Compiling module xil_defaultlib.light_7seg_ego1
Compiling module xil_defaultlib.scan_seg
Compiling module xil_defaultlib.tubs_tb
Compiling module xil_defaultlib.glbl
Built simulation snapshot tubs_tb_behav

****** Webtalk v2017.4 (64-bit)
  **** SW Build 2086221 on Fri Dec 15 20:55:39 MST 2017
  **** IP Build 2085800 on Fri Dec 15 22:25:07 MST 2017
    ** Copyright 1986-2017 Xilinx, Inc. All Rights Reserved.

source C:/Users/Administrator/Documents/GitHub/Piano/piano.sim/sim_1/behav/xsim/xsim.dir/tubs_tb_behav/webtalk/xsim_webtalk.tcl -notrace
INFO: [Common 17-206] Exiting Webtalk at Fri Dec 22 00:10:22 2023...
run_program: Time (s): cpu = 00:00:00 ; elapsed = 00:00:11 . Memory (MB): peak = 2512.871 ; gain = 0.000
INFO: [USF-XSim-69] 'elaborate' step finished in '10' seconds
INFO: [USF-XSim-4] XSim::Simulate design
INFO: [USF-XSim-61] Executing 'SIMULATE' step in 'C:/Users/Administrator/Documents/GitHub/Piano/piano.sim/sim_1/behav/xsim'
INFO: [USF-XSim-98] *** Running xsim
   with args "tubs_tb_behav -key {Behavioral:sim_1:Functional:tubs_tb} -tclbatch {tubs_tb.tcl} -view {C:/Users/Administrator/Documents/GitHub/Piano/freeplay_tb_behav.wcfg} -log {simulate.log}"
INFO: [USF-XSim-8] Loading simulator feature
Vivado Simulator 2017.4
Time resolution is 1 ps
open_wave_config C:/Users/Administrator/Documents/GitHub/Piano/freeplay_tb_behav.wcfg
WARNING: Simulation object /auto_play_tb2/ap/clk was not found in the design.
WARNING: Simulation object /auto_play_tb2/ap/reset was not found in the design.
WARNING: Simulation object /auto_play_tb2/ap/selectsongbtn was not found in the design.
WARNING: Simulation object /auto_play_tb2/ap/select was not found in the design.
WARNING: Simulation object /auto_play_tb2/ap/pausebtn was not found in the design.
WARNING: Simulation object /auto_play_tb2/ap/pause was not found in the design.
WARNING: Simulation object /auto_play_tb2/ap/stopbtn was not found in the design.
WARNING: Simulation object /auto_play_tb2/ap/stop was not found in the design.
WARNING: Simulation object /auto_play_tb2/ap/playbtn was not found in the design.
WARNING: Simulation object /auto_play_tb2/ap/play was not found in the design.
WARNING: Simulation object /auto_play_tb2/ap/melody was not found in the design.
WARNING: Simulation object /auto_play_tb2/ap/cnt was not found in the design.
WARNING: Simulation object /auto_play_tb2/ap/music was not found in the design.
WARNING: Simulation object /auto_play_tb2/ap/music1 was not found in the design.
WARNING: Simulation object /auto_play_tb2/ap/music2 was not found in the design.
WARNING: Simulation object /auto_play_tb2/ap/music3 was not found in the design.
WARNING: Simulation object /auto_play_tb2/ap/counter was not found in the design.
WARNING: Simulation object /auto_play_tb2/ap/state was not found in the design.
source tubs_tb.tcl
# set curr_wave [current_wave_config]
# if { [string length $curr_wave] == 0 } {
#   if { [llength [get_objects]] > 0} {
#     add_wave /
#     set_property needs_save false [current_wave_config]
#   } else {
#      send_msg_id Add_Wave-1 WARNING "No top level signals found. Simulator will start without a wave window. If you want to open a wave window go to 'File->New Waveform Configuration' or type 'create_wave_config' in the TCL console."
#   }
# }
# run 1000ns
INFO: [USF-XSim-96] XSim completed. Design snapshot 'tubs_tb_behav' loaded.
INFO: [USF-XSim-97] XSim simulation ran for 1000ns
launch_simulation: Time (s): cpu = 00:00:02 ; elapsed = 00:00:16 . Memory (MB): peak = 2539.234 ; gain = 26.363
run all
run: Time (s): cpu = 00:00:03 ; elapsed = 00:00:10 . Memory (MB): peak = 2564.398 ; gain = 0.000
add_wave {{/tubs_tb}} 
run all
run: Time (s): cpu = 00:00:27 ; elapsed = 00:00:15 . Memory (MB): peak = 2564.398 ; gain = 0.000
run all
run: Time (s): cpu = 00:00:19 ; elapsed = 00:00:10 . Memory (MB): peak = 2564.398 ; gain = 0.000
save_wave_config {C:/Users/Administrator/Documents/GitHub/Piano/freeplay_tb_behav.wcfg}
close_sim
INFO: [Simtcl 6-16] Simulation closed
launch_simulation
INFO: [Vivado 12-5682] Launching behavioral simulation in 'C:/Users/Administrator/Documents/GitHub/Piano/piano.sim/sim_1/behav/xsim'
INFO: [SIM-utils-51] Simulation object is 'sim_1'
INFO: [SIM-utils-54] Inspecting design source files for 'tubs_tb' in fileset 'sim_1'...
INFO: [USF-XSim-97] Finding global include files...
INFO: [USF-XSim-98] Fetching design files from 'sim_1'...
INFO: [USF-XSim-2] XSim::Compile design
INFO: [USF-XSim-61] Executing 'COMPILE and ANALYZE' step in 'C:/Users/Administrator/Documents/GitHub/Piano/piano.sim/sim_1/behav/xsim'
"xvlog --incr --relax -prj tubs_tb_vlog.prj"
INFO: [USF-XSim-69] 'compile' step finished in '1' seconds
INFO: [USF-XSim-3] XSim::Elaborate design
INFO: [USF-XSim-61] Executing 'ELABORATE' step in 'C:/Users/Administrator/Documents/GitHub/Piano/piano.sim/sim_1/behav/xsim'
Vivado Simulator 2017.4
Copyright 1986-1999, 2001-2016 Xilinx, Inc. All Rights Reserved.
Running: C:/Xilinx/Vivado/2017.4/bin/unwrapped/win64.o/xelab.exe -wto d27275362db04977b7e3347b5f3884ed --incr --debug typical --relax --mt 2 -L xil_defaultlib -L unisims_ver -L unimacro_ver -L secureip --snapshot tubs_tb_behav xil_defaultlib.tubs_tb xil_defaultlib.glbl -log elaborate.log 
Using 2 slave threads.
Starting static elaboration
WARNING: [VRFC 10-278] actual bit length 1 differs from formal bit length 8 for port seg_en [C:/Users/Administrator/Documents/GitHub/Piano/piano.srcs/sim_1/new/tubs_tb.v:35]
Completed static elaboration
INFO: [XSIM 43-4323] No Change in HDL. Linking previously generated obj files to create kernel
INFO: [USF-XSim-69] 'elaborate' step finished in '1' seconds
INFO: [USF-XSim-4] XSim::Simulate design
INFO: [USF-XSim-61] Executing 'SIMULATE' step in 'C:/Users/Administrator/Documents/GitHub/Piano/piano.sim/sim_1/behav/xsim'
INFO: [USF-XSim-98] *** Running xsim
   with args "tubs_tb_behav -key {Behavioral:sim_1:Functional:tubs_tb} -tclbatch {tubs_tb.tcl} -view {C:/Users/Administrator/Documents/GitHub/Piano/freeplay_tb_behav.wcfg} -log {simulate.log}"
INFO: [USF-XSim-8] Loading simulator feature
Vivado Simulator 2017.4
Time resolution is 1 ps
open_wave_config C:/Users/Administrator/Documents/GitHub/Piano/freeplay_tb_behav.wcfg
source tubs_tb.tcl
# set curr_wave [current_wave_config]
# if { [string length $curr_wave] == 0 } {
#   if { [llength [get_objects]] > 0} {
#     add_wave /
#     set_property needs_save false [current_wave_config]
#   } else {
#      send_msg_id Add_Wave-1 WARNING "No top level signals found. Simulator will start without a wave window. If you want to open a wave window go to 'File->New Waveform Configuration' or type 'create_wave_config' in the TCL console."
#   }
# }
# run 1000ns
INFO: [USF-XSim-96] XSim completed. Design snapshot 'tubs_tb_behav' loaded.
INFO: [USF-XSim-97] XSim simulation ran for 1000ns
run all
run: Time (s): cpu = 00:00:33 ; elapsed = 00:00:18 . Memory (MB): peak = 2564.398 ; gain = 0.000
add_wave {{/tubs_tb/dut/scan_cnt}} 
save_wave_config {C:/Users/Administrator/Documents/GitHub/Piano/freeplay_tb_behav.wcfg}
close_sim
INFO: [Simtcl 6-16] Simulation closed
launch_simulation
INFO: [Vivado 12-5682] Launching behavioral simulation in 'C:/Users/Administrator/Documents/GitHub/Piano/piano.sim/sim_1/behav/xsim'
INFO: [SIM-utils-51] Simulation object is 'sim_1'
INFO: [SIM-utils-54] Inspecting design source files for 'tubs_tb' in fileset 'sim_1'...
INFO: [USF-XSim-97] Finding global include files...
INFO: [USF-XSim-98] Fetching design files from 'sim_1'...
INFO: [USF-XSim-2] XSim::Compile design
INFO: [USF-XSim-61] Executing 'COMPILE and ANALYZE' step in 'C:/Users/Administrator/Documents/GitHub/Piano/piano.sim/sim_1/behav/xsim'
"xvlog --incr --relax -prj tubs_tb_vlog.prj"
INFO: [USF-XSim-69] 'compile' step finished in '1' seconds
INFO: [USF-XSim-3] XSim::Elaborate design
INFO: [USF-XSim-61] Executing 'ELABORATE' step in 'C:/Users/Administrator/Documents/GitHub/Piano/piano.sim/sim_1/behav/xsim'
Vivado Simulator 2017.4
Copyright 1986-1999, 2001-2016 Xilinx, Inc. All Rights Reserved.
Running: C:/Xilinx/Vivado/2017.4/bin/unwrapped/win64.o/xelab.exe -wto d27275362db04977b7e3347b5f3884ed --incr --debug typical --relax --mt 2 -L xil_defaultlib -L unisims_ver -L unimacro_ver -L secureip --snapshot tubs_tb_behav xil_defaultlib.tubs_tb xil_defaultlib.glbl -log elaborate.log 
Using 2 slave threads.
Starting static elaboration
WARNING: [VRFC 10-278] actual bit length 1 differs from formal bit length 8 for port seg_en [C:/Users/Administrator/Documents/GitHub/Piano/piano.srcs/sim_1/new/tubs_tb.v:35]
Completed static elaboration
INFO: [XSIM 43-4323] No Change in HDL. Linking previously generated obj files to create kernel
INFO: [USF-XSim-69] 'elaborate' step finished in '1' seconds
INFO: [USF-XSim-4] XSim::Simulate design
INFO: [USF-XSim-61] Executing 'SIMULATE' step in 'C:/Users/Administrator/Documents/GitHub/Piano/piano.sim/sim_1/behav/xsim'
INFO: [USF-XSim-98] *** Running xsim
   with args "tubs_tb_behav -key {Behavioral:sim_1:Functional:tubs_tb} -tclbatch {tubs_tb.tcl} -view {C:/Users/Administrator/Documents/GitHub/Piano/freeplay_tb_behav.wcfg} -log {simulate.log}"
INFO: [USF-XSim-8] Loading simulator feature
Vivado Simulator 2017.4
Time resolution is 1 ps
open_wave_config C:/Users/Administrator/Documents/GitHub/Piano/freeplay_tb_behav.wcfg
source tubs_tb.tcl
# set curr_wave [current_wave_config]
# if { [string length $curr_wave] == 0 } {
#   if { [llength [get_objects]] > 0} {
#     add_wave /
#     set_property needs_save false [current_wave_config]
#   } else {
#      send_msg_id Add_Wave-1 WARNING "No top level signals found. Simulator will start without a wave window. If you want to open a wave window go to 'File->New Waveform Configuration' or type 'create_wave_config' in the TCL console."
#   }
# }
# run 1000ns
INFO: [USF-XSim-96] XSim completed. Design snapshot 'tubs_tb_behav' loaded.
INFO: [USF-XSim-97] XSim simulation ran for 1000ns
run all
run: Time (s): cpu = 00:00:48 ; elapsed = 00:00:25 . Memory (MB): peak = 2564.398 ; gain = 0.000
close_sim
INFO: [Simtcl 6-16] Simulation closed
launch_simulation
INFO: [Vivado 12-5682] Launching behavioral simulation in 'C:/Users/Administrator/Documents/GitHub/Piano/piano.sim/sim_1/behav/xsim'
INFO: [SIM-utils-51] Simulation object is 'sim_1'
INFO: [SIM-utils-54] Inspecting design source files for 'tubs_tb' in fileset 'sim_1'...
INFO: [USF-XSim-97] Finding global include files...
INFO: [USF-XSim-98] Fetching design files from 'sim_1'...
INFO: [USF-XSim-2] XSim::Compile design
INFO: [USF-XSim-61] Executing 'COMPILE and ANALYZE' step in 'C:/Users/Administrator/Documents/GitHub/Piano/piano.sim/sim_1/behav/xsim'
"xvlog --incr --relax -prj tubs_tb_vlog.prj"
INFO: [VRFC 10-2263] Analyzing Verilog file "C:/Users/Administrator/Documents/GitHub/Piano/piano.srcs/sources_1/new/scan_seg.v" into library xil_defaultlib
INFO: [VRFC 10-311] analyzing module scan_seg
INFO: [VRFC 10-2263] Analyzing Verilog file "C:/Users/Administrator/Documents/GitHub/Piano/piano.srcs/sim_1/new/tubs_tb.v" into library xil_defaultlib
INFO: [VRFC 10-311] analyzing module tubs_tb
INFO: [VRFC 10-2458] undeclared symbol scan_seg, assumed default net type wire [C:/Users/Administrator/Documents/GitHub/Piano/piano.srcs/sim_1/new/tubs_tb.v:35]
INFO: [USF-XSim-69] 'compile' step finished in '1' seconds
INFO: [USF-XSim-3] XSim::Elaborate design
INFO: [USF-XSim-61] Executing 'ELABORATE' step in 'C:/Users/Administrator/Documents/GitHub/Piano/piano.sim/sim_1/behav/xsim'
Vivado Simulator 2017.4
Copyright 1986-1999, 2001-2016 Xilinx, Inc. All Rights Reserved.
Running: C:/Xilinx/Vivado/2017.4/bin/unwrapped/win64.o/xelab.exe -wto d27275362db04977b7e3347b5f3884ed --incr --debug typical --relax --mt 2 -L xil_defaultlib -L unisims_ver -L unimacro_ver -L secureip --snapshot tubs_tb_behav xil_defaultlib.tubs_tb xil_defaultlib.glbl -log elaborate.log 
Using 2 slave threads.
Starting static elaboration
WARNING: [VRFC 10-278] actual bit length 1 differs from formal bit length 8 for port seg_en [C:/Users/Administrator/Documents/GitHub/Piano/piano.srcs/sim_1/new/tubs_tb.v:35]
Completed static elaboration
Starting simulation data flow analysis
Completed simulation data flow analysis
Time Resolution for simulation is 1ps
Compiling module xil_defaultlib.scan_seg
Compiling module xil_defaultlib.tubs_tb
Compiling module xil_defaultlib.glbl
Built simulation snapshot tubs_tb_behav
INFO: [USF-XSim-69] 'elaborate' step finished in '1' seconds
INFO: [USF-XSim-4] XSim::Simulate design
INFO: [USF-XSim-61] Executing 'SIMULATE' step in 'C:/Users/Administrator/Documents/GitHub/Piano/piano.sim/sim_1/behav/xsim'
INFO: [USF-XSim-98] *** Running xsim
   with args "tubs_tb_behav -key {Behavioral:sim_1:Functional:tubs_tb} -tclbatch {tubs_tb.tcl} -view {C:/Users/Administrator/Documents/GitHub/Piano/freeplay_tb_behav.wcfg} -log {simulate.log}"
INFO: [USF-XSim-8] Loading simulator feature
Vivado Simulator 2017.4
Time resolution is 1 ps
open_wave_config C:/Users/Administrator/Documents/GitHub/Piano/freeplay_tb_behav.wcfg
source tubs_tb.tcl
# set curr_wave [current_wave_config]
# if { [string length $curr_wave] == 0 } {
#   if { [llength [get_objects]] > 0} {
#     add_wave /
#     set_property needs_save false [current_wave_config]
#   } else {
#      send_msg_id Add_Wave-1 WARNING "No top level signals found. Simulator will start without a wave window. If you want to open a wave window go to 'File->New Waveform Configuration' or type 'create_wave_config' in the TCL console."
#   }
# }
# run 1000ns
INFO: [USF-XSim-96] XSim completed. Design snapshot 'tubs_tb_behav' loaded.
INFO: [USF-XSim-97] XSim simulation ran for 1000ns
run all
run: Time (s): cpu = 00:02:14 ; elapsed = 00:01:13 . Memory (MB): peak = 2564.398 ; gain = 0.000
update_compile_order -fileset sources_1
close_sim
INFO: [Simtcl 6-16] Simulation closed
launch_simulation
INFO: [Vivado 12-5682] Launching behavioral simulation in 'C:/Users/Administrator/Documents/GitHub/Piano/piano.sim/sim_1/behav/xsim'
INFO: [SIM-utils-51] Simulation object is 'sim_1'
INFO: [SIM-utils-54] Inspecting design source files for 'tubs_tb' in fileset 'sim_1'...
INFO: [USF-XSim-97] Finding global include files...
INFO: [USF-XSim-98] Fetching design files from 'sim_1'...
INFO: [USF-XSim-2] XSim::Compile design
INFO: [USF-XSim-61] Executing 'COMPILE and ANALYZE' step in 'C:/Users/Administrator/Documents/GitHub/Piano/piano.sim/sim_1/behav/xsim'
"xvlog --incr --relax -prj tubs_tb_vlog.prj"
INFO: [VRFC 10-2263] Analyzing Verilog file "C:/Users/Administrator/Documents/GitHub/Piano/piano.srcs/sources_1/new/light_7seg_ego1.v" into library xil_defaultlib
INFO: [VRFC 10-311] analyzing module light_7seg_ego1
INFO: [VRFC 10-2263] Analyzing Verilog file "C:/Users/Administrator/Documents/GitHub/Piano/piano.srcs/sources_1/new/scan_seg.v" into library xil_defaultlib
INFO: [VRFC 10-311] analyzing module scan_seg
INFO: [VRFC 10-2263] Analyzing Verilog file "C:/Users/Administrator/Documents/GitHub/Piano/piano.srcs/sim_1/new/tubs_tb.v" into library xil_defaultlib
INFO: [VRFC 10-311] analyzing module tubs_tb
INFO: [VRFC 10-2458] undeclared symbol scan_seg, assumed default net type wire [C:/Users/Administrator/Documents/GitHub/Piano/piano.srcs/sim_1/new/tubs_tb.v:35]
INFO: [USF-XSim-69] 'compile' step finished in '1' seconds
INFO: [USF-XSim-3] XSim::Elaborate design
INFO: [USF-XSim-61] Executing 'ELABORATE' step in 'C:/Users/Administrator/Documents/GitHub/Piano/piano.sim/sim_1/behav/xsim'
Vivado Simulator 2017.4
Copyright 1986-1999, 2001-2016 Xilinx, Inc. All Rights Reserved.
Running: C:/Xilinx/Vivado/2017.4/bin/unwrapped/win64.o/xelab.exe -wto d27275362db04977b7e3347b5f3884ed --incr --debug typical --relax --mt 2 -L xil_defaultlib -L unisims_ver -L unimacro_ver -L secureip --snapshot tubs_tb_behav xil_defaultlib.tubs_tb xil_defaultlib.glbl -log elaborate.log 
Using 2 slave threads.
Starting static elaboration
WARNING: [VRFC 10-278] actual bit length 1 differs from formal bit length 8 for port seg_en [C:/Users/Administrator/Documents/GitHub/Piano/piano.srcs/sim_1/new/tubs_tb.v:35]
Completed static elaboration
Starting simulation data flow analysis
Completed simulation data flow analysis
Time Resolution for simulation is 1ps
Compiling module xil_defaultlib.light_7seg_ego1
Compiling module xil_defaultlib.scan_seg
Compiling module xil_defaultlib.tubs_tb
Compiling module xil_defaultlib.glbl
Built simulation snapshot tubs_tb_behav
INFO: [USF-XSim-69] 'elaborate' step finished in '1' seconds
INFO: [USF-XSim-4] XSim::Simulate design
INFO: [USF-XSim-61] Executing 'SIMULATE' step in 'C:/Users/Administrator/Documents/GitHub/Piano/piano.sim/sim_1/behav/xsim'
INFO: [USF-XSim-98] *** Running xsim
   with args "tubs_tb_behav -key {Behavioral:sim_1:Functional:tubs_tb} -tclbatch {tubs_tb.tcl} -view {C:/Users/Administrator/Documents/GitHub/Piano/freeplay_tb_behav.wcfg} -log {simulate.log}"
INFO: [USF-XSim-8] Loading simulator feature
Vivado Simulator 2017.4
Time resolution is 1 ps
open_wave_config C:/Users/Administrator/Documents/GitHub/Piano/freeplay_tb_behav.wcfg
source tubs_tb.tcl
# set curr_wave [current_wave_config]
# if { [string length $curr_wave] == 0 } {
#   if { [llength [get_objects]] > 0} {
#     add_wave /
#     set_property needs_save false [current_wave_config]
#   } else {
#      send_msg_id Add_Wave-1 WARNING "No top level signals found. Simulator will start without a wave window. If you want to open a wave window go to 'File->New Waveform Configuration' or type 'create_wave_config' in the TCL console."
#   }
# }
# run 1000ns
INFO: [USF-XSim-96] XSim completed. Design snapshot 'tubs_tb_behav' loaded.
INFO: [USF-XSim-97] XSim simulation ran for 1000ns
launch_simulation: Time (s): cpu = 00:00:02 ; elapsed = 00:00:06 . Memory (MB): peak = 2564.398 ; gain = 0.000
update_compile_order -fileset sources_1
run all
run: Time (s): cpu = 00:08:53 ; elapsed = 00:04:53 . Memory (MB): peak = 2564.398 ; gain = 0.000
reset_run synth_1
WARNING: [Vivado 12-1017] Problems encountered:
1. Failed to delete one or more files in run directory C:/Users/Administrator/Documents/GitHub/Piano/piano.runs/synth_1

launch_runs impl_1 -to_step write_bitstream -jobs 8
[Fri Dec 22 00:24:28 2023] Launched synth_1...
Run output will be captured here: C:/Users/Administrator/Documents/GitHub/Piano/piano.runs/synth_1/runme.log
[Fri Dec 22 00:24:28 2023] Launched impl_1...
Run output will be captured here: C:/Users/Administrator/Documents/GitHub/Piano/piano.runs/impl_1/runme.log
set_property PROBES.FILE {} [get_hw_devices xc7a35t_0]
set_property FULL_PROBES.FILE {} [get_hw_devices xc7a35t_0]
set_property PROGRAM.FILE {C:/Users/Administrator/Documents/GitHub/Piano/piano.runs/impl_1/learn_mode.bit} [get_hw_devices xc7a35t_0]
program_hw_devices [get_hw_devices xc7a35t_0]
INFO: [Labtools 27-3164] End of startup status: HIGH
refresh_hw_device [lindex [get_hw_devices xc7a35t_0] 0]
INFO: [Labtools 27-1434] Device xc7a35t (JTAG device index = 0) is programmed with a design that has no supported debug core(s) in it.
WARNING: [Labtools 27-3361] The debug hub core was not detected.
Resolution: 
1. Make sure the clock connected to the debug hub (dbg_hub) core is a free running clock and is active.
2. Make sure the BSCAN_SWITCH_USER_MASK device property in Vivado Hardware Manager reflects the user scan chain setting in the design and refresh the device.  To determine the user scan chain setting in the design, open the implemented design and use 'get_property C_USER_SCAN_CHAIN [get_debug_cores dbg_hub]'.
For more details on setting the scan chain property, consult the Vivado Debug and Programming User Guide (UG908).
reset_run impl_1 -prev_step 
launch_runs impl_1 -to_step write_bitstream -jobs 8
WARNING: [Vivado 12-872] Run step 'Design Initialization' is out-of-date.
[Fri Dec 22 00:29:11 2023] Launched impl_1...
Run output will be captured here: C:/Users/Administrator/Documents/GitHub/Piano/piano.runs/impl_1/runme.log
reset_run synth_1
WARNING: [Vivado 12-1017] Problems encountered:
1. Failed to delete one or more files in run directory C:/Users/Administrator/Documents/GitHub/Piano/piano.runs/synth_1

launch_runs impl_1 -jobs 8
[Fri Dec 22 00:29:58 2023] Launched synth_1...
Run output will be captured here: C:/Users/Administrator/Documents/GitHub/Piano/piano.runs/synth_1/runme.log
[Fri Dec 22 00:29:58 2023] Launched impl_1...
Run output will be captured here: C:/Users/Administrator/Documents/GitHub/Piano/piano.runs/impl_1/runme.log
set_property top scan_seg [current_fileset]
update_compile_order -fileset sources_1
reset_run synth_1
WARNING: [Vivado 12-1017] Problems encountered:
1. Failed to delete one or more files in run directory C:/Users/Administrator/Documents/GitHub/Piano/piano.runs/synth_1

launch_runs synth_1 -jobs 8
[Fri Dec 22 00:30:57 2023] Launched synth_1...
Run output will be captured here: C:/Users/Administrator/Documents/GitHub/Piano/piano.runs/synth_1/runme.log
launch_runs impl_1 -jobs 8
[Fri Dec 22 00:31:29 2023] Launched impl_1...
Run output will be captured here: C:/Users/Administrator/Documents/GitHub/Piano/piano.runs/impl_1/runme.log
refresh_design
INFO: [Netlist 29-17] Analyzing 10 Unisim elements for replacement
INFO: [Netlist 29-28] Unisim Transformation completed in 0 CPU seconds
INFO: [Project 1-479] Netlist was created with Vivado 2017.4
INFO: [Project 1-570] Preparing netlist for logic optimization
Parsing XDC File [C:/Users/Administrator/Documents/GitHub/Piano/.Xil/Vivado-2324-S210-07/dcp16/scan_seg.xdc]
Finished Parsing XDC File [C:/Users/Administrator/Documents/GitHub/Piano/.Xil/Vivado-2324-S210-07/dcp16/scan_seg.xdc]
Reading XDEF placement.
Reading placer database...
Reading XDEF routing.
Read XDEF File: Time (s): cpu = 00:00:00 ; elapsed = 00:00:00.031 . Memory (MB): peak = 2564.398 ; gain = 0.000
Restored from archive | CPU: 0.000000 secs | Memory: 0.000000 MB |
Finished XDEF File Restore: Time (s): cpu = 00:00:00 ; elapsed = 00:00:00.032 . Memory (MB): peak = 2564.398 ; gain = 0.000
WARNING: [Timing 38-313] There are no user specified timing constraints. Timing constraints are needed for proper timing analysis.
set_property IOSTANDARD LVCMOS33 [get_ports [list rst_n]]
place_ports rst_n P15
save_constraints
reset_run impl_1
launch_runs impl_1 -to_step write_bitstream -jobs 8
[Fri Dec 22 00:33:03 2023] Launched impl_1...
Run output will be captured here: C:/Users/Administrator/Documents/GitHub/Piano/piano.runs/impl_1/runme.log
set_property PROBES.FILE {} [get_hw_devices xc7a35t_0]
set_property FULL_PROBES.FILE {} [get_hw_devices xc7a35t_0]
set_property PROGRAM.FILE {C:/Users/Administrator/Documents/GitHub/Piano/piano.runs/impl_1/scan_seg.bit} [get_hw_devices xc7a35t_0]
program_hw_devices [get_hw_devices xc7a35t_0]
INFO: [Labtools 27-3164] End of startup status: HIGH
refresh_hw_device [lindex [get_hw_devices xc7a35t_0] 0]
INFO: [Labtools 27-1434] Device xc7a35t (JTAG device index = 0) is programmed with a design that has no supported debug core(s) in it.
WARNING: [Labtools 27-3361] The debug hub core was not detected.
Resolution: 
1. Make sure the clock connected to the debug hub (dbg_hub) core is a free running clock and is active.
2. Make sure the BSCAN_SWITCH_USER_MASK device property in Vivado Hardware Manager reflects the user scan chain setting in the design and refresh the device.  To determine the user scan chain setting in the design, open the implemented design and use 'get_property C_USER_SCAN_CHAIN [get_debug_cores dbg_hub]'.
For more details on setting the scan chain property, consult the Vivado Debug and Programming User Guide (UG908).
close_sim
INFO: [Simtcl 6-16] Simulation closed
exit
INFO: [Common 17-206] Exiting Vivado at Fri Dec 22 00:35:35 2023...
