#-----------------------------------------------------------
# Vivado v2017.4 (64-bit)
# SW Build 2086221 on Fri Dec 15 20:55:39 MST 2017
# IP Build 2085800 on Fri Dec 15 22:25:07 MST 2017
# Start of session at: Sun Nov 19 17:03:48 2023
# Process ID: 6192
# Current directory: C:/Users/Administrator/Piano/Piano
# Command line: vivado.exe -gui_launcher_event rodinguilauncherevent6588 C:\Users\Administrator\Piano\Piano\piano.xpr
# Log file: C:/Users/Administrator/Piano/Piano/vivado.log
# Journal file: C:/Users/Administrator/Piano/Piano\vivado.jou
#-----------------------------------------------------------
start_gui
open_project C:/Users/Administrator/Piano/Piano/piano.xpr
INFO: [Project 1-313] Project file moved from 'C:/Users/86138/Piano' since last save.
Scanning sources...
Finished scanning sources
WARNING: [filemgmt 56-2] IPUserFilesDir: Could not find the directory 'C:/Users/Administrator/Piano/Piano/piano.ip_user_files', nor could it be found using path 'C:/Users/86138/Piano/piano.ip_user_files'.
INFO: [IP_Flow 19-234] Refreshing IP repositories
INFO: [IP_Flow 19-1704] No user IP repositories specified
INFO: [IP_Flow 19-2313] Loaded Vivado IP repository 'C:/Xilinx/Vivado/2017.4/data/ip'.
update_compile_order -fileset sources_1
exit
INFO: [Common 17-206] Exiting Vivado at Sun Nov 19 17:04:13 2023...
