#-----------------------------------------------------------
# Vivado v2017.4 (64-bit)
# SW Build 2086221 on Fri Dec 15 20:55:39 MST 2017
# IP Build 2085800 on Fri Dec 15 22:25:07 MST 2017
# Start of session at: Mon Dec 18 23:26:23 2023
# Process ID: 10136
# Current directory: C:/Users/Administrator/Documents/GitHub/Piano
# Command line: vivado.exe -gui_launcher_event rodinguilauncherevent9464 C:\Users\Administrator\Documents\GitHub\Piano\piano.xpr
# Log file: C:/Users/Administrator/Documents/GitHub/Piano/vivado.log
# Journal file: C:/Users/Administrator/Documents/GitHub/Piano\vivado.jou
#-----------------------------------------------------------
start_gui
open_project C:/Users/Administrator/Documents/GitHub/Piano/piano.xpr
CRITICAL WARNING: [Project 1-19] Could not find the file 'D:/keyboard.v'.
CRITICAL WARNING: [Project 1-19] Could not find the file 'D:/sim_keyboard.v'.
Scanning sources...
Finished scanning sources
INFO: [IP_Flow 19-234] Refreshing IP repositories
INFO: [IP_Flow 19-1704] No user IP repositories specified
INFO: [IP_Flow 19-2313] Loaded Vivado IP repository 'C:/Xilinx/Vivado/2017.4/data/ip'.
update_compile_order -fileset sources_1
exit
INFO: [Common 17-206] Exiting Vivado at Mon Dec 18 23:26:48 2023...
