#-----------------------------------------------------------
# Vivado v2017.4 (64-bit)
# SW Build 2086221 on Fri Dec 15 20:55:39 MST 2017
# IP Build 2085800 on Fri Dec 15 22:25:07 MST 2017
# Start of session at: Sat Nov 25 15:07:55 2023
# Process ID: 8060
# Current directory: C:/Users/Administrator/Documents/GitHub/Piano
# Command line: vivado.exe -gui_launcher_event rodinguilauncherevent10772 C:\Users\Administrator\Documents\GitHub\Piano\piano.xpr
# Log file: C:/Users/Administrator/Documents/GitHub/Piano/vivado.log
# Journal file: C:/Users/Administrator/Documents/GitHub/Piano\vivado.jou
#-----------------------------------------------------------
start_gui
open_project C:/Users/Administrator/Documents/GitHub/Piano/piano.xpr
INFO: [Project 1-313] Project file moved from 'C:/Users/86138/Documents/GitHub/Piano' since last save.
Scanning sources...
Finished scanning sources
WARNING: [filemgmt 56-2] IPUserFilesDir: Could not find the directory 'C:/Users/Administrator/Documents/GitHub/Piano/piano.ip_user_files', nor could it be found using path 'C:/Users/86138/Documents/GitHub/Piano/piano.ip_user_files'.
INFO: [IP_Flow 19-234] Refreshing IP repositories
INFO: [IP_Flow 19-1704] No user IP repositories specified
INFO: [IP_Flow 19-2313] Loaded Vivado IP repository 'C:/Xilinx/Vivado/2017.4/data/ip'.
update_compile_order -fileset sources_1
update_compile_order -fileset sources_1
exit
INFO: [Common 17-206] Exiting Vivado at Sat Nov 25 16:36:49 2023...
