Vivado Simulator 2017.4
Copyright 1986-1999, 2001-2016 Xilinx, Inc. All Rights Reserved.
Running: C:/Xilinx/Vivado/2017.4/bin/unwrapped/win64.o/xelab.exe -wto d27275362db04977b7e3347b5f3884ed --incr --debug typical --relax --mt 2 -L xil_defaultlib -L unisims_ver -L unimacro_ver -L secureip --snapshot learn_tb_behav xil_defaultlib.learn_tb xil_defaultlib.glbl -log elaborate.log 
Using 2 slave threads.
Starting static elaboration
Completed static elaboration
Starting simulation data flow analysis
Completed simulation data flow analysis
Time Resolution for simulation is 1ps
Compiling module xil_defaultlib.free_play
Compiling module xil_defaultlib.generate_melody
Compiling module xil_defaultlib.learn_song1
Compiling module xil_defaultlib.learn_song2
Compiling module xil_defaultlib.tubes_display
Compiling module xil_defaultlib.learnmode_7seg
Compiling module xil_defaultlib.clock2
Compiling module xil_defaultlib.debounce
Compiling module xil_defaultlib.debounce2
Compiling module xil_defaultlib.learn_mode
Compiling module xil_defaultlib.learn_tb
Compiling module xil_defaultlib.glbl
Built simulation snapshot learn_tb_behav
