Exception at PC 0x00007FFED83D4FD9
Exception at PC 0x00007FFED83D4FD9
Exception at PC 0x00007FFED83D4FD9
Exception at PC 0x00007FFED83D4FD9
Exception at PC 0x00007FFE83B8E132
Attemped to write at address 0x00007FFEB0534AA4
Printing stacktrace...

[0]  [0x00007FFE83B8E132]
[1]  [0x00007FFE83B8E132]
[2]  [0x00007FFE83B8E194]
[3]  [0x00007FFE837DD0D7]
[4]  [0x00007FFE836C2BCA]
[5]  [0x00007FFE836C2FD1]
[6]  [0x00007FFE83B8EB2F]
[7]  [0x00007FFE83A4C19D]
[8]  [0x00007FFE83A45942]
[9]  [0x00007FFE83A45AB5]
[10] (RtlActivateActivationContextUnsafeFast+0x11d) [0x00007FFEDA8E9A1D]
[11] (LdrShutdownProcess+0x141) [0x00007FFEDA92DBE1]
[12] (RtlExitUserProcess+0xad) [0x00007FFEDA92DA7D]
[13] (FatalExit+0xb) [0x00007FFEDA78E0AB]
[14] (exit+0x85) [0x00007FFED98BA155]
[15] (initterm_e+0x245) [0x00007FFED98BA7C5]
[16]  [0x00000000004014CD]
[17]  [0x000000000040151B]
[18] (BaseThreadInitThunk+0x14) [0x00007FFEDA787034]
[19] (RtlUserThreadStart+0x21) [0x00007FFEDA9226A1]
Done
