
*** Running vivado
    with args -log auto_play.vds -m64 -product Vivado -mode batch -messageDb vivado.pb -notrace -source auto_play.tcl


****** Vivado v2017.4 (64-bit)
  **** SW Build 2086221 on Fri Dec 15 20:55:39 MST 2017
  **** IP Build 2085800 on Fri Dec 15 22:25:07 MST 2017
    ** Copyright 1986-2017 Xilinx, Inc. All Rights Reserved.

source auto_play.tcl -notrace
Command: synth_design -top auto_play -part xc7a35tcsg324-1
Starting synth_design
Attempting to get a license for feature 'Synthesis' and/or device 'xc7a35t'
INFO: [Common 17-349] Got license for feature 'Synthesis' and/or device 'xc7a35t'
INFO: Launching helper process for spawning children vivado processes
INFO: Helper process launched with PID 43372 
WARNING: [Synth 8-2644] root scope declaration is not allowed in verilog 95/2K mode [C:/Users/86138/Documents/GitHub/Piano/piano.srcs/sources_1/new/ppppparameters.v:36]
WARNING: [Synth 8-2644] root scope declaration is not allowed in verilog 95/2K mode [C:/Users/86138/Documents/GitHub/Piano/piano.srcs/sources_1/new/ppppparameters.v:39]
WARNING: [Synth 8-2644] root scope declaration is not allowed in verilog 95/2K mode [C:/Users/86138/Documents/GitHub/Piano/piano.srcs/sources_1/new/ppppparameters.v:42]
WARNING: [Synth 8-1801] case statement with no case item violates IEEE 1800 syntax [C:/Users/86138/Documents/GitHub/Piano/piano.srcs/sources_1/new/song2.v:36]
WARNING: [Synth 8-1801] case statement with no case item violates IEEE 1800 syntax [C:/Users/86138/Documents/GitHub/Piano/piano.srcs/sources_1/new/song3.v:36]
---------------------------------------------------------------------------------
Starting RTL Elaboration : Time (s): cpu = 00:00:04 ; elapsed = 00:00:04 . Memory (MB): peak = 399.480 ; gain = 109.473
---------------------------------------------------------------------------------
INFO: [Synth 8-638] synthesizing module 'auto_play' [C:/Users/86138/Documents/GitHub/Piano/piano.srcs/sources_1/new/auto_play.v:23]
INFO: [Synth 8-638] synthesizing module 'clock1' [C:/Users/86138/Documents/GitHub/Piano/piano.srcs/sources_1/new/clock1.v:23]
	Parameter TIME_05S bound to: 50000000 - type: integer 
INFO: [Synth 8-256] done synthesizing module 'clock1' (1#1) [C:/Users/86138/Documents/GitHub/Piano/piano.srcs/sources_1/new/clock1.v:23]
INFO: [Synth 8-638] synthesizing module 'song1' [C:/Users/86138/Documents/GitHub/Piano/piano.srcs/sources_1/new/song1.v:26]
INFO: [Synth 8-226] default block is never used [C:/Users/86138/Documents/GitHub/Piano/piano.srcs/sources_1/new/song1.v:49]
INFO: [Synth 8-256] done synthesizing module 'song1' (2#1) [C:/Users/86138/Documents/GitHub/Piano/piano.srcs/sources_1/new/song1.v:26]
INFO: [Synth 8-638] synthesizing module 'song2' [C:/Users/86138/Documents/GitHub/Piano/piano.srcs/sources_1/new/song2.v:23]
WARNING: [Synth 8-6014] Unused sequential element cnt_reg was removed.  [C:/Users/86138/Documents/GitHub/Piano/piano.srcs/sources_1/new/song2.v:35]
INFO: [Synth 8-256] done synthesizing module 'song2' (3#1) [C:/Users/86138/Documents/GitHub/Piano/piano.srcs/sources_1/new/song2.v:23]
INFO: [Synth 8-638] synthesizing module 'song3' [C:/Users/86138/Documents/GitHub/Piano/piano.srcs/sources_1/new/song3.v:23]
WARNING: [Synth 8-6014] Unused sequential element cnt_reg was removed.  [C:/Users/86138/Documents/GitHub/Piano/piano.srcs/sources_1/new/song3.v:35]
INFO: [Synth 8-256] done synthesizing module 'song3' (4#1) [C:/Users/86138/Documents/GitHub/Piano/piano.srcs/sources_1/new/song3.v:23]
INFO: [Synth 8-638] synthesizing module 'debounce' [C:/Users/86138/Documents/GitHub/Piano/piano.srcs/sources_1/new/debounce.v:23]
	Parameter TIME_20MS bound to: 2000000 - type: integer 
WARNING: [Synth 8-6014] Unused sequential element neg_key_reg was removed.  [C:/Users/86138/Documents/GitHub/Piano/piano.srcs/sources_1/new/debounce.v:73]
INFO: [Synth 8-256] done synthesizing module 'debounce' (5#1) [C:/Users/86138/Documents/GitHub/Piano/piano.srcs/sources_1/new/debounce.v:23]
WARNING: [Synth 8-567] referenced signal 'music1' should be on the sensitivity list [C:/Users/86138/Documents/GitHub/Piano/piano.srcs/sources_1/new/auto_play.v:128]
WARNING: [Synth 8-567] referenced signal 'music2' should be on the sensitivity list [C:/Users/86138/Documents/GitHub/Piano/piano.srcs/sources_1/new/auto_play.v:128]
WARNING: [Synth 8-567] referenced signal 'music3' should be on the sensitivity list [C:/Users/86138/Documents/GitHub/Piano/piano.srcs/sources_1/new/auto_play.v:128]
INFO: [Synth 8-638] synthesizing module 'music_to_frequency' [C:/Users/86138/Documents/GitHub/Piano/piano.srcs/sources_1/new/music_to_frequency.v:23]
	Parameter low1 bound to: 262 - type: integer 
	Parameter middle1 bound to: 523 - type: integer 
	Parameter high1 bound to: 1046 - type: integer 
	Parameter low2 bound to: 294 - type: integer 
	Parameter middle2 bound to: 587 - type: integer 
	Parameter high2 bound to: 1175 - type: integer 
	Parameter low3 bound to: 330 - type: integer 
	Parameter middle3 bound to: 659 - type: integer 
	Parameter high3 bound to: 1318 - type: integer 
	Parameter low4 bound to: 349 - type: integer 
	Parameter middle4 bound to: 699 - type: integer 
	Parameter high4 bound to: 1398 - type: integer 
	Parameter low5 bound to: 370 - type: integer 
	Parameter middle5 bound to: 784 - type: integer 
	Parameter high5 bound to: 1569 - type: integer 
	Parameter low6 bound to: 440 - type: integer 
	Parameter middle6 bound to: 880 - type: integer 
	Parameter high6 bound to: 1762 - type: integer 
	Parameter low7 bound to: 494 - type: integer 
	Parameter middle7 bound to: 988 - type: integer 
	Parameter high7 bound to: 1977 - type: integer 
	Parameter low1s bound to: 277 - type: integer 
	Parameter middle1s bound to: 277 - type: integer 
	Parameter high1s bound to: 277 - type: integer 
	Parameter low2s bound to: 311 - type: integer 
	Parameter middle2s bound to: 311 - type: integer 
	Parameter high2s bound to: 311 - type: integer 
	Parameter low4s bound to: 370 - type: integer 
	Parameter middle4s bound to: 370 - type: integer 
	Parameter high4s bound to: 370 - type: integer 
	Parameter low5s bound to: 415 - type: integer 
	Parameter middle5s bound to: 415 - type: integer 
	Parameter high5s bound to: 415 - type: integer 
	Parameter low6s bound to: 466 - type: integer 
	Parameter middle6s bound to: 466 - type: integer 
	Parameter high6s bound to: 466 - type: integer 
	Parameter silence bound to: 1 - type: integer 
	Parameter high bound to: 3'b100 
	Parameter middle bound to: 3'b010 
	Parameter low bound to: 3'b001 
	Parameter N bound to: 100000000 - type: integer 
INFO: [Synth 8-256] done synthesizing module 'music_to_frequency' (6#1) [C:/Users/86138/Documents/GitHub/Piano/piano.srcs/sources_1/new/music_to_frequency.v:23]
WARNING: [Synth 8-689] width (11) of port connection 'frequency' does not match port width (12) of module 'music_to_frequency' [C:/Users/86138/Documents/GitHub/Piano/piano.srcs/sources_1/new/auto_play.v:138]
INFO: [Synth 8-638] synthesizing module 'generate_melody' [C:/Users/86138/Documents/GitHub/Piano/piano.srcs/sources_1/new/generate_melody.v:23]
	Parameter low1 bound to: 262 - type: integer 
	Parameter middle1 bound to: 523 - type: integer 
	Parameter high1 bound to: 1046 - type: integer 
	Parameter low2 bound to: 294 - type: integer 
	Parameter middle2 bound to: 587 - type: integer 
	Parameter high2 bound to: 1175 - type: integer 
	Parameter low3 bound to: 330 - type: integer 
	Parameter middle3 bound to: 659 - type: integer 
	Parameter high3 bound to: 1318 - type: integer 
	Parameter low4 bound to: 349 - type: integer 
	Parameter middle4 bound to: 699 - type: integer 
	Parameter high4 bound to: 1398 - type: integer 
	Parameter low5 bound to: 370 - type: integer 
	Parameter middle5 bound to: 784 - type: integer 
	Parameter high5 bound to: 1569 - type: integer 
	Parameter low6 bound to: 440 - type: integer 
	Parameter middle6 bound to: 880 - type: integer 
	Parameter high6 bound to: 1762 - type: integer 
	Parameter low7 bound to: 494 - type: integer 
	Parameter middle7 bound to: 988 - type: integer 
	Parameter high7 bound to: 1977 - type: integer 
	Parameter low1s bound to: 277 - type: integer 
	Parameter middle1s bound to: 277 - type: integer 
	Parameter high1s bound to: 277 - type: integer 
	Parameter low2s bound to: 311 - type: integer 
	Parameter middle2s bound to: 311 - type: integer 
	Parameter high2s bound to: 311 - type: integer 
	Parameter low4s bound to: 370 - type: integer 
	Parameter middle4s bound to: 370 - type: integer 
	Parameter high4s bound to: 370 - type: integer 
	Parameter low5s bound to: 415 - type: integer 
	Parameter middle5s bound to: 415 - type: integer 
	Parameter high5s bound to: 415 - type: integer 
	Parameter low6s bound to: 466 - type: integer 
	Parameter middle6s bound to: 466 - type: integer 
	Parameter high6s bound to: 466 - type: integer 
	Parameter silence bound to: 1 - type: integer 
	Parameter high bound to: 3'b100 
	Parameter middle bound to: 3'b010 
	Parameter low bound to: 3'b001 
	Parameter N bound to: 100000000 - type: integer 
INFO: [Synth 8-256] done synthesizing module 'generate_melody' (7#1) [C:/Users/86138/Documents/GitHub/Piano/piano.srcs/sources_1/new/generate_melody.v:23]
WARNING: [Synth 8-6014] Unused sequential element spause_reg was removed.  [C:/Users/86138/Documents/GitHub/Piano/piano.srcs/sources_1/new/auto_play.v:71]
WARNING: [Synth 8-6014] Unused sequential element splay_reg was removed.  [C:/Users/86138/Documents/GitHub/Piano/piano.srcs/sources_1/new/auto_play.v:72]
WARNING: [Synth 8-6014] Unused sequential element sstop_reg was removed.  [C:/Users/86138/Documents/GitHub/Piano/piano.srcs/sources_1/new/auto_play.v:73]
WARNING: [Synth 8-6014] Unused sequential element counter_reg was removed.  [C:/Users/86138/Documents/GitHub/Piano/piano.srcs/sources_1/new/auto_play.v:111]
INFO: [Synth 8-256] done synthesizing module 'auto_play' (8#1) [C:/Users/86138/Documents/GitHub/Piano/piano.srcs/sources_1/new/auto_play.v:23]
WARNING: [Synth 8-3917] design auto_play has port sd driven by constant 1
WARNING: [Synth 8-3331] design music_to_frequency has unconnected port clk
---------------------------------------------------------------------------------
Finished RTL Elaboration : Time (s): cpu = 00:00:04 ; elapsed = 00:00:05 . Memory (MB): peak = 430.211 ; gain = 140.203
---------------------------------------------------------------------------------

Report Check Netlist: 
+------+------------------+-------+---------+-------+------------------+
|      |Item              |Errors |Warnings |Status |Description       |
+------+------------------+-------+---------+-------+------------------+
|1     |multi_driven_nets |      0|        0|Passed |Multi driven nets |
+------+------------------+-------+---------+-------+------------------+
---------------------------------------------------------------------------------
Finished RTL Optimization Phase 1 : Time (s): cpu = 00:00:04 ; elapsed = 00:00:05 . Memory (MB): peak = 430.211 ; gain = 140.203
---------------------------------------------------------------------------------
INFO: [Device 21-403] Loading part xc7a35tcsg324-1
INFO: [Project 1-570] Preparing netlist for logic optimization

Processing XDC Constraints
Initializing timing engine
Parsing XDC File [C:/Users/86138/Documents/GitHub/Piano/piano.srcs/constrs_1/new/freecon.xdc]
Finished Parsing XDC File [C:/Users/86138/Documents/GitHub/Piano/piano.srcs/constrs_1/new/freecon.xdc]
INFO: [Project 1-236] Implementation specific constraints were found while reading constraint file [C:/Users/86138/Documents/GitHub/Piano/piano.srcs/constrs_1/new/freecon.xdc]. These constraints will be ignored for synthesis but will be used in implementation. Impacted constraints are listed in the file [.Xil/auto_play_propImpl.xdc].
Resolution: To avoid this warning, move constraints listed in [.Xil/auto_play_propImpl.xdc] to another XDC file and exclude this new file from synthesis with the used_in_synthesis property (File Properties dialog in GUI) and re-run elaboration/synthesis.
Completed Processing XDC Constraints

INFO: [Project 1-111] Unisim Transformation Summary:
No Unisim elements were transformed.

Constraint Validation Runtime : Time (s): cpu = 00:00:00 ; elapsed = 00:00:00.002 . Memory (MB): peak = 767.141 ; gain = 0.000
---------------------------------------------------------------------------------
Finished Constraint Validation : Time (s): cpu = 00:00:12 ; elapsed = 00:00:13 . Memory (MB): peak = 767.141 ; gain = 477.133
---------------------------------------------------------------------------------
---------------------------------------------------------------------------------
Start Loading Part and Timing Information
---------------------------------------------------------------------------------
Loading part: xc7a35tcsg324-1
---------------------------------------------------------------------------------
Finished Loading Part and Timing Information : Time (s): cpu = 00:00:12 ; elapsed = 00:00:13 . Memory (MB): peak = 767.141 ; gain = 477.133
---------------------------------------------------------------------------------
---------------------------------------------------------------------------------
Start Applying 'set_property' XDC Constraints
---------------------------------------------------------------------------------
---------------------------------------------------------------------------------
Finished applying 'set_property' XDC Constraints : Time (s): cpu = 00:00:12 ; elapsed = 00:00:13 . Memory (MB): peak = 767.141 ; gain = 477.133
---------------------------------------------------------------------------------
INFO: [Synth 8-5545] ROM "div_cnt" won't be mapped to RAM because address size (32) is larger than maximum supported(25)
INFO: [Synth 8-5545] ROM "clk_1" won't be mapped to RAM because address size (32) is larger than maximum supported(25)
WARNING: [Synth 8-6014] Unused sequential element cnt_reg was removed.  [C:/Users/86138/Documents/GitHub/Piano/piano.srcs/sources_1/new/song1.v:39]
INFO: [Synth 8-5546] ROM "key_out" won't be mapped to RAM because it is too sparse
INFO: [Synth 8-5544] ROM "pos_key" won't be mapped to Block RAM because address size (2) smaller than threshold (5)
INFO: [Synth 8-5544] ROM "pos_key" won't be mapped to Block RAM because address size (2) smaller than threshold (5)
WARNING: [Synth 8-6014] Unused sequential element cnt_reg was removed.  [C:/Users/86138/Documents/GitHub/Piano/piano.srcs/sources_1/new/debounce.v:54]
WARNING: [Synth 8-6014] Unused sequential element counter_reg was removed.  [C:/Users/86138/Documents/GitHub/Piano/piano.srcs/sources_1/new/generate_melody.v:51]
---------------------------------------------------------------------------------
Finished RTL Optimization Phase 2 : Time (s): cpu = 00:00:12 ; elapsed = 00:00:14 . Memory (MB): peak = 767.141 ; gain = 477.133
---------------------------------------------------------------------------------

Report RTL Partitions: 
+-+--------------+------------+----------+
| |RTL Partition |Replication |Instances |
+-+--------------+------------+----------+
+-+--------------+------------+----------+
---------------------------------------------------------------------------------
Start RTL Component Statistics 
---------------------------------------------------------------------------------
Detailed RTL Component Info : 
+---Adders : 
	   2 Input     32 Bit       Adders := 1     
	   2 Input      6 Bit       Adders := 1     
+---Registers : 
	               32 Bit    Registers := 1     
	                6 Bit    Registers := 1     
	                5 Bit    Registers := 3     
	                1 Bit    Registers := 14    
+---Muxes : 
	   2 Input     32 Bit        Muxes := 1     
	   2 Input     27 Bit        Muxes := 1     
	   2 Input      1 Bit        Muxes := 18    
---------------------------------------------------------------------------------
Finished RTL Component Statistics 
---------------------------------------------------------------------------------
---------------------------------------------------------------------------------
Start RTL Hierarchical Component Statistics 
---------------------------------------------------------------------------------
Hierarchical RTL Component report 
Module clock1 
Detailed RTL Component Info : 
+---Adders : 
	   2 Input     32 Bit       Adders := 1     
+---Registers : 
	               32 Bit    Registers := 1     
	                1 Bit    Registers := 1     
+---Muxes : 
	   2 Input     32 Bit        Muxes := 1     
	   2 Input      1 Bit        Muxes := 2     
Module song1 
Detailed RTL Component Info : 
+---Adders : 
	   2 Input      6 Bit       Adders := 1     
+---Registers : 
	                6 Bit    Registers := 1     
	                5 Bit    Registers := 1     
Module song2 
Detailed RTL Component Info : 
+---Registers : 
	                5 Bit    Registers := 1     
Module song3 
Detailed RTL Component Info : 
+---Registers : 
	                5 Bit    Registers := 1     
Module debounce 
Detailed RTL Component Info : 
+---Registers : 
	                1 Bit    Registers := 3     
+---Muxes : 
	   2 Input      1 Bit        Muxes := 4     
Module generate_melody 
Detailed RTL Component Info : 
+---Registers : 
	                1 Bit    Registers := 1     
+---Muxes : 
	   2 Input     27 Bit        Muxes := 1     
---------------------------------------------------------------------------------
Finished RTL Hierarchical Component Statistics
---------------------------------------------------------------------------------
---------------------------------------------------------------------------------
Start Part Resource Summary
---------------------------------------------------------------------------------
Part Resources:
DSPs: 90 (col length:60)
BRAMs: 100 (col length: RAMB18 60 RAMB36 30)
---------------------------------------------------------------------------------
Finished Part Resource Summary
---------------------------------------------------------------------------------
---------------------------------------------------------------------------------
Start Cross Boundary and Area Optimization
---------------------------------------------------------------------------------
WARNING: [Synth 8-6014] Unused sequential element s2/music_reg was removed.  [C:/Users/86138/Documents/GitHub/Piano/piano.srcs/sources_1/new/song2.v:33]
WARNING: [Synth 8-6014] Unused sequential element s3/music_reg was removed.  [C:/Users/86138/Documents/GitHub/Piano/piano.srcs/sources_1/new/song3.v:33]
WARNING: [Synth 8-6014] Unused sequential element d1/pos_key_reg was removed.  [C:/Users/86138/Documents/GitHub/Piano/piano.srcs/sources_1/new/debounce.v:72]
WARNING: [Synth 8-6014] Unused sequential element d2/pos_key_reg was removed.  [C:/Users/86138/Documents/GitHub/Piano/piano.srcs/sources_1/new/debounce.v:72]
WARNING: [Synth 8-6014] Unused sequential element d3/pos_key_reg was removed.  [C:/Users/86138/Documents/GitHub/Piano/piano.srcs/sources_1/new/debounce.v:72]
WARNING: [Synth 8-6014] Unused sequential element d4/pos_key_reg was removed.  [C:/Users/86138/Documents/GitHub/Piano/piano.srcs/sources_1/new/debounce.v:72]
INFO: [Synth 8-5545] ROM "cl1/div_cnt" won't be mapped to RAM because address size (32) is larger than maximum supported(25)
INFO: [Synth 8-5545] ROM "p_0_out" won't be mapped to RAM because address size (26) is larger than maximum supported(25)
INFO: [Synth 8-5545] ROM "cl1/clk_1" won't be mapped to RAM because address size (32) is larger than maximum supported(25)
INFO: [Synth 8-5546] ROM "d1/key_out" won't be mapped to RAM because it is too sparse
INFO: [Synth 8-5546] ROM "d2/key_out" won't be mapped to RAM because it is too sparse
INFO: [Synth 8-5546] ROM "d3/key_out" won't be mapped to RAM because it is too sparse
INFO: [Synth 8-5546] ROM "d4/key_out" won't be mapped to RAM because it is too sparse
WARNING: [Synth 8-6014] Unused sequential element s1/cnt_reg was removed.  [C:/Users/86138/Documents/GitHub/Piano/piano.srcs/sources_1/new/song1.v:39]
WARNING: [Synth 8-6014] Unused sequential element d1/cnt_reg was removed.  [C:/Users/86138/Documents/GitHub/Piano/piano.srcs/sources_1/new/debounce.v:54]
WARNING: [Synth 8-6014] Unused sequential element d2/cnt_reg was removed.  [C:/Users/86138/Documents/GitHub/Piano/piano.srcs/sources_1/new/debounce.v:54]
WARNING: [Synth 8-6014] Unused sequential element d3/cnt_reg was removed.  [C:/Users/86138/Documents/GitHub/Piano/piano.srcs/sources_1/new/debounce.v:54]
WARNING: [Synth 8-6014] Unused sequential element d4/cnt_reg was removed.  [C:/Users/86138/Documents/GitHub/Piano/piano.srcs/sources_1/new/debounce.v:54]
WARNING: [Synth 8-6014] Unused sequential element gm/counter_reg was removed.  [C:/Users/86138/Documents/GitHub/Piano/piano.srcs/sources_1/new/generate_melody.v:51]
WARNING: [Synth 8-3917] design auto_play has port sd driven by constant 1
INFO: [Synth 8-3333] propagating constant 0 across sequential element (\s1/music_reg[4] )
WARNING: [Synth 8-3332] Sequential element (d1/state_key_reg[1]) is unused and will be removed from module auto_play.
WARNING: [Synth 8-3332] Sequential element (d1/state_key_reg[0]) is unused and will be removed from module auto_play.
WARNING: [Synth 8-3332] Sequential element (d1/state_key_reg[1]__0) is unused and will be removed from module auto_play.
WARNING: [Synth 8-3332] Sequential element (d1/state_key_reg[0]__0) is unused and will be removed from module auto_play.
WARNING: [Synth 8-3332] Sequential element (d2/state_key_reg[1]) is unused and will be removed from module auto_play.
WARNING: [Synth 8-3332] Sequential element (d2/state_key_reg[0]) is unused and will be removed from module auto_play.
WARNING: [Synth 8-3332] Sequential element (d2/state_key_reg[1]__0) is unused and will be removed from module auto_play.
WARNING: [Synth 8-3332] Sequential element (d2/state_key_reg[0]__0) is unused and will be removed from module auto_play.
WARNING: [Synth 8-3332] Sequential element (d3/state_key_reg[1]) is unused and will be removed from module auto_play.
WARNING: [Synth 8-3332] Sequential element (d3/state_key_reg[0]) is unused and will be removed from module auto_play.
WARNING: [Synth 8-3332] Sequential element (d3/state_key_reg[1]__0) is unused and will be removed from module auto_play.
WARNING: [Synth 8-3332] Sequential element (d3/state_key_reg[0]__0) is unused and will be removed from module auto_play.
WARNING: [Synth 8-3332] Sequential element (d4/state_key_reg[1]) is unused and will be removed from module auto_play.
WARNING: [Synth 8-3332] Sequential element (d4/state_key_reg[0]) is unused and will be removed from module auto_play.
WARNING: [Synth 8-3332] Sequential element (d4/state_key_reg[1]__0) is unused and will be removed from module auto_play.
WARNING: [Synth 8-3332] Sequential element (d4/state_key_reg[0]__0) is unused and will be removed from module auto_play.
WARNING: [Synth 8-3332] Sequential element (d1/cnt_start_reg) is unused and will be removed from module auto_play.
WARNING: [Synth 8-3332] Sequential element (d1/cnt_reg[0]) is unused and will be removed from module auto_play.
WARNING: [Synth 8-3332] Sequential element (d1/cnt_reg[1]) is unused and will be removed from module auto_play.
WARNING: [Synth 8-3332] Sequential element (d1/cnt_reg[2]) is unused and will be removed from module auto_play.
WARNING: [Synth 8-3332] Sequential element (d1/cnt_reg[3]) is unused and will be removed from module auto_play.
WARNING: [Synth 8-3332] Sequential element (d1/cnt_reg[4]) is unused and will be removed from module auto_play.
WARNING: [Synth 8-3332] Sequential element (d1/cnt_reg[5]) is unused and will be removed from module auto_play.
WARNING: [Synth 8-3332] Sequential element (d1/cnt_reg[6]) is unused and will be removed from module auto_play.
WARNING: [Synth 8-3332] Sequential element (d1/cnt_reg[7]) is unused and will be removed from module auto_play.
WARNING: [Synth 8-3332] Sequential element (d1/cnt_reg[8]) is unused and will be removed from module auto_play.
WARNING: [Synth 8-3332] Sequential element (d1/cnt_reg[9]) is unused and will be removed from module auto_play.
WARNING: [Synth 8-3332] Sequential element (d1/cnt_reg[10]) is unused and will be removed from module auto_play.
WARNING: [Synth 8-3332] Sequential element (d1/cnt_reg[11]) is unused and will be removed from module auto_play.
WARNING: [Synth 8-3332] Sequential element (d1/cnt_reg[12]) is unused and will be removed from module auto_play.
WARNING: [Synth 8-3332] Sequential element (d1/cnt_reg[13]) is unused and will be removed from module auto_play.
WARNING: [Synth 8-3332] Sequential element (d1/cnt_reg[14]) is unused and will be removed from module auto_play.
WARNING: [Synth 8-3332] Sequential element (d1/cnt_reg[15]) is unused and will be removed from module auto_play.
WARNING: [Synth 8-3332] Sequential element (d1/cnt_reg[16]) is unused and will be removed from module auto_play.
WARNING: [Synth 8-3332] Sequential element (d1/cnt_reg[17]) is unused and will be removed from module auto_play.
WARNING: [Synth 8-3332] Sequential element (d1/cnt_reg[18]) is unused and will be removed from module auto_play.
WARNING: [Synth 8-3332] Sequential element (d1/cnt_reg[19]) is unused and will be removed from module auto_play.
WARNING: [Synth 8-3332] Sequential element (d1/cnt_reg[20]) is unused and will be removed from module auto_play.
WARNING: [Synth 8-3332] Sequential element (d1/cnt_reg[21]) is unused and will be removed from module auto_play.
WARNING: [Synth 8-3332] Sequential element (d1/key_out_reg) is unused and will be removed from module auto_play.
WARNING: [Synth 8-3332] Sequential element (d2/cnt_start_reg) is unused and will be removed from module auto_play.
WARNING: [Synth 8-3332] Sequential element (d2/cnt_reg[0]) is unused and will be removed from module auto_play.
WARNING: [Synth 8-3332] Sequential element (d2/cnt_reg[1]) is unused and will be removed from module auto_play.
WARNING: [Synth 8-3332] Sequential element (d2/cnt_reg[2]) is unused and will be removed from module auto_play.
WARNING: [Synth 8-3332] Sequential element (d2/cnt_reg[3]) is unused and will be removed from module auto_play.
WARNING: [Synth 8-3332] Sequential element (d2/cnt_reg[4]) is unused and will be removed from module auto_play.
WARNING: [Synth 8-3332] Sequential element (d2/cnt_reg[5]) is unused and will be removed from module auto_play.
WARNING: [Synth 8-3332] Sequential element (d2/cnt_reg[6]) is unused and will be removed from module auto_play.
WARNING: [Synth 8-3332] Sequential element (d2/cnt_reg[7]) is unused and will be removed from module auto_play.
WARNING: [Synth 8-3332] Sequential element (d2/cnt_reg[8]) is unused and will be removed from module auto_play.
WARNING: [Synth 8-3332] Sequential element (d2/cnt_reg[9]) is unused and will be removed from module auto_play.
WARNING: [Synth 8-3332] Sequential element (d2/cnt_reg[10]) is unused and will be removed from module auto_play.
WARNING: [Synth 8-3332] Sequential element (d2/cnt_reg[11]) is unused and will be removed from module auto_play.
WARNING: [Synth 8-3332] Sequential element (d2/cnt_reg[12]) is unused and will be removed from module auto_play.
WARNING: [Synth 8-3332] Sequential element (d2/cnt_reg[13]) is unused and will be removed from module auto_play.
WARNING: [Synth 8-3332] Sequential element (d2/cnt_reg[14]) is unused and will be removed from module auto_play.
WARNING: [Synth 8-3332] Sequential element (d2/cnt_reg[15]) is unused and will be removed from module auto_play.
WARNING: [Synth 8-3332] Sequential element (d2/cnt_reg[16]) is unused and will be removed from module auto_play.
WARNING: [Synth 8-3332] Sequential element (d2/cnt_reg[17]) is unused and will be removed from module auto_play.
WARNING: [Synth 8-3332] Sequential element (d2/cnt_reg[18]) is unused and will be removed from module auto_play.
WARNING: [Synth 8-3332] Sequential element (d2/cnt_reg[19]) is unused and will be removed from module auto_play.
WARNING: [Synth 8-3332] Sequential element (d2/cnt_reg[20]) is unused and will be removed from module auto_play.
WARNING: [Synth 8-3332] Sequential element (d2/cnt_reg[21]) is unused and will be removed from module auto_play.
WARNING: [Synth 8-3332] Sequential element (d2/key_out_reg) is unused and will be removed from module auto_play.
WARNING: [Synth 8-3332] Sequential element (d3/cnt_start_reg) is unused and will be removed from module auto_play.
WARNING: [Synth 8-3332] Sequential element (d3/cnt_reg[0]) is unused and will be removed from module auto_play.
WARNING: [Synth 8-3332] Sequential element (d3/cnt_reg[1]) is unused and will be removed from module auto_play.
WARNING: [Synth 8-3332] Sequential element (d3/cnt_reg[2]) is unused and will be removed from module auto_play.
WARNING: [Synth 8-3332] Sequential element (d3/cnt_reg[3]) is unused and will be removed from module auto_play.
WARNING: [Synth 8-3332] Sequential element (d3/cnt_reg[4]) is unused and will be removed from module auto_play.
WARNING: [Synth 8-3332] Sequential element (d3/cnt_reg[5]) is unused and will be removed from module auto_play.
WARNING: [Synth 8-3332] Sequential element (d3/cnt_reg[6]) is unused and will be removed from module auto_play.
WARNING: [Synth 8-3332] Sequential element (d3/cnt_reg[7]) is unused and will be removed from module auto_play.
WARNING: [Synth 8-3332] Sequential element (d3/cnt_reg[8]) is unused and will be removed from module auto_play.
WARNING: [Synth 8-3332] Sequential element (d3/cnt_reg[9]) is unused and will be removed from module auto_play.
WARNING: [Synth 8-3332] Sequential element (d3/cnt_reg[10]) is unused and will be removed from module auto_play.
WARNING: [Synth 8-3332] Sequential element (d3/cnt_reg[11]) is unused and will be removed from module auto_play.
WARNING: [Synth 8-3332] Sequential element (d3/cnt_reg[12]) is unused and will be removed from module auto_play.
WARNING: [Synth 8-3332] Sequential element (d3/cnt_reg[13]) is unused and will be removed from module auto_play.
WARNING: [Synth 8-3332] Sequential element (d3/cnt_reg[14]) is unused and will be removed from module auto_play.
WARNING: [Synth 8-3332] Sequential element (d3/cnt_reg[15]) is unused and will be removed from module auto_play.
WARNING: [Synth 8-3332] Sequential element (d3/cnt_reg[16]) is unused and will be removed from module auto_play.
WARNING: [Synth 8-3332] Sequential element (d3/cnt_reg[17]) is unused and will be removed from module auto_play.
WARNING: [Synth 8-3332] Sequential element (d3/cnt_reg[18]) is unused and will be removed from module auto_play.
WARNING: [Synth 8-3332] Sequential element (d3/cnt_reg[19]) is unused and will be removed from module auto_play.
WARNING: [Synth 8-3332] Sequential element (d3/cnt_reg[20]) is unused and will be removed from module auto_play.
WARNING: [Synth 8-3332] Sequential element (d3/cnt_reg[21]) is unused and will be removed from module auto_play.
WARNING: [Synth 8-3332] Sequential element (d3/key_out_reg) is unused and will be removed from module auto_play.
WARNING: [Synth 8-3332] Sequential element (d4/cnt_start_reg) is unused and will be removed from module auto_play.
WARNING: [Synth 8-3332] Sequential element (d4/cnt_reg[0]) is unused and will be removed from module auto_play.
WARNING: [Synth 8-3332] Sequential element (d4/cnt_reg[1]) is unused and will be removed from module auto_play.
WARNING: [Synth 8-3332] Sequential element (d4/cnt_reg[2]) is unused and will be removed from module auto_play.
WARNING: [Synth 8-3332] Sequential element (d4/cnt_reg[3]) is unused and will be removed from module auto_play.
WARNING: [Synth 8-3332] Sequential element (d4/cnt_reg[4]) is unused and will be removed from module auto_play.
WARNING: [Synth 8-3332] Sequential element (d4/cnt_reg[5]) is unused and will be removed from module auto_play.
WARNING: [Synth 8-3332] Sequential element (d4/cnt_reg[6]) is unused and will be removed from module auto_play.
WARNING: [Synth 8-3332] Sequential element (d4/cnt_reg[7]) is unused and will be removed from module auto_play.
WARNING: [Synth 8-3332] Sequential element (d4/cnt_reg[8]) is unused and will be removed from module auto_play.
WARNING: [Synth 8-3332] Sequential element (d4/cnt_reg[9]) is unused and will be removed from module auto_play.
WARNING: [Synth 8-3332] Sequential element (d4/cnt_reg[10]) is unused and will be removed from module auto_play.
INFO: [Common 17-14] Message 'Synth 8-3332' appears 100 times and further instances of the messages will be disabled. Use the Tcl command set_msg_config to change the current settings.
---------------------------------------------------------------------------------
Finished Cross Boundary and Area Optimization : Time (s): cpu = 00:00:14 ; elapsed = 00:00:15 . Memory (MB): peak = 767.141 ; gain = 477.133
---------------------------------------------------------------------------------
---------------------------------------------------------------------------------
Start ROM, RAM, DSP and Shift Register Reporting
---------------------------------------------------------------------------------

ROM:
+-------------------+--------------+---------------+----------------+
|Module Name        | RTL Object   | Depth x Width | Implemented As | 
+-------------------+--------------+---------------+----------------+
|song1              | music        | 64x4          | LUT            | 
|music_to_frequency | frequency    | 32x11         | LUT            | 
|auto_play          | s1/music     | 64x4          | LUT            | 
|auto_play          | mf/frequency | 32x11         | LUT            | 
+-------------------+--------------+---------------+----------------+

---------------------------------------------------------------------------------
Finished ROM, RAM, DSP and Shift Register Reporting
---------------------------------------------------------------------------------

Report RTL Partitions: 
+-+--------------+------------+----------+
| |RTL Partition |Replication |Instances |
+-+--------------+------------+----------+
+-+--------------+------------+----------+
---------------------------------------------------------------------------------
Start Applying XDC Timing Constraints
---------------------------------------------------------------------------------
---------------------------------------------------------------------------------
Finished Applying XDC Timing Constraints : Time (s): cpu = 00:00:19 ; elapsed = 00:00:20 . Memory (MB): peak = 767.141 ; gain = 477.133
---------------------------------------------------------------------------------
---------------------------------------------------------------------------------
Start Timing Optimization
---------------------------------------------------------------------------------
---------------------------------------------------------------------------------
Finished Timing Optimization : Time (s): cpu = 00:00:19 ; elapsed = 00:00:21 . Memory (MB): peak = 767.141 ; gain = 477.133
---------------------------------------------------------------------------------

Report RTL Partitions: 
+-+--------------+------------+----------+
| |RTL Partition |Replication |Instances |
+-+--------------+------------+----------+
+-+--------------+------------+----------+
---------------------------------------------------------------------------------
Start Technology Mapping
---------------------------------------------------------------------------------
---------------------------------------------------------------------------------
Finished Technology Mapping : Time (s): cpu = 00:00:19 ; elapsed = 00:00:21 . Memory (MB): peak = 787.934 ; gain = 497.926
---------------------------------------------------------------------------------

Report RTL Partitions: 
+-+--------------+------------+----------+
| |RTL Partition |Replication |Instances |
+-+--------------+------------+----------+
+-+--------------+------------+----------+
---------------------------------------------------------------------------------
Start IO Insertion
---------------------------------------------------------------------------------
---------------------------------------------------------------------------------
Start Flattening Before IO Insertion
---------------------------------------------------------------------------------
---------------------------------------------------------------------------------
Finished Flattening Before IO Insertion
---------------------------------------------------------------------------------
---------------------------------------------------------------------------------
Start Final Netlist Cleanup
---------------------------------------------------------------------------------
---------------------------------------------------------------------------------
Finished Final Netlist Cleanup
---------------------------------------------------------------------------------
---------------------------------------------------------------------------------
Finished IO Insertion : Time (s): cpu = 00:00:20 ; elapsed = 00:00:21 . Memory (MB): peak = 787.934 ; gain = 497.926
---------------------------------------------------------------------------------

Report Check Netlist: 
+------+------------------+-------+---------+-------+------------------+
|      |Item              |Errors |Warnings |Status |Description       |
+------+------------------+-------+---------+-------+------------------+
|1     |multi_driven_nets |      0|        0|Passed |Multi driven nets |
+------+------------------+-------+---------+-------+------------------+
---------------------------------------------------------------------------------
Start Renaming Generated Instances
---------------------------------------------------------------------------------
---------------------------------------------------------------------------------
Finished Renaming Generated Instances : Time (s): cpu = 00:00:20 ; elapsed = 00:00:21 . Memory (MB): peak = 787.934 ; gain = 497.926
---------------------------------------------------------------------------------

Report RTL Partitions: 
+-+--------------+------------+----------+
| |RTL Partition |Replication |Instances |
+-+--------------+------------+----------+
+-+--------------+------------+----------+
---------------------------------------------------------------------------------
Start Rebuilding User Hierarchy
---------------------------------------------------------------------------------
---------------------------------------------------------------------------------
Finished Rebuilding User Hierarchy : Time (s): cpu = 00:00:20 ; elapsed = 00:00:21 . Memory (MB): peak = 787.934 ; gain = 497.926
---------------------------------------------------------------------------------
---------------------------------------------------------------------------------
Start Renaming Generated Ports
---------------------------------------------------------------------------------
---------------------------------------------------------------------------------
Finished Renaming Generated Ports : Time (s): cpu = 00:00:20 ; elapsed = 00:00:21 . Memory (MB): peak = 787.934 ; gain = 497.926
---------------------------------------------------------------------------------
---------------------------------------------------------------------------------
Start Handling Custom Attributes
---------------------------------------------------------------------------------
---------------------------------------------------------------------------------
Finished Handling Custom Attributes : Time (s): cpu = 00:00:20 ; elapsed = 00:00:21 . Memory (MB): peak = 787.934 ; gain = 497.926
---------------------------------------------------------------------------------
---------------------------------------------------------------------------------
Start Renaming Generated Nets
---------------------------------------------------------------------------------
---------------------------------------------------------------------------------
Finished Renaming Generated Nets : Time (s): cpu = 00:00:20 ; elapsed = 00:00:21 . Memory (MB): peak = 787.934 ; gain = 497.926
---------------------------------------------------------------------------------
---------------------------------------------------------------------------------
Start Writing Synthesis Report
---------------------------------------------------------------------------------

Report BlackBoxes: 
+-+--------------+----------+
| |BlackBox name |Instances |
+-+--------------+----------+
+-+--------------+----------+

Report Cell Usage: 
+------+-------+------+
|      |Cell   |Count |
+------+-------+------+
|1     |BUFG   |     1|
|2     |CARRY4 |   124|
|3     |LUT1   |     2|
|4     |LUT2   |   110|
|5     |LUT3   |   252|
|6     |LUT4   |    26|
|7     |LUT5   |    37|
|8     |LUT6   |    56|
|9     |FDCE   |    37|
|10    |FDRE   |    39|
|11    |IBUF   |     2|
|12    |OBUF   |     2|
+------+-------+------+

Report Instance Areas: 
+------+---------+----------------+------+
|      |Instance |Module          |Cells |
+------+---------+----------------+------+
|1     |top      |                |   688|
|2     |  cl1    |clock1          |    91|
|3     |  gm     |generate_melody |   541|
|4     |  s1     |song1           |    51|
+------+---------+----------------+------+
---------------------------------------------------------------------------------
Finished Writing Synthesis Report : Time (s): cpu = 00:00:20 ; elapsed = 00:00:21 . Memory (MB): peak = 787.934 ; gain = 497.926
---------------------------------------------------------------------------------
Synthesis finished with 0 errors, 0 critical warnings and 129 warnings.
Synthesis Optimization Runtime : Time (s): cpu = 00:00:12 ; elapsed = 00:00:17 . Memory (MB): peak = 787.934 ; gain = 160.996
Synthesis Optimization Complete : Time (s): cpu = 00:00:20 ; elapsed = 00:00:21 . Memory (MB): peak = 787.934 ; gain = 497.926
INFO: [Project 1-571] Translating synthesized netlist
INFO: [Netlist 29-17] Analyzing 126 Unisim elements for replacement
INFO: [Netlist 29-28] Unisim Transformation completed in 0 CPU seconds
INFO: [Project 1-570] Preparing netlist for logic optimization
INFO: [Opt 31-138] Pushed 0 inverter(s) to 0 load pin(s).
INFO: [Project 1-111] Unisim Transformation Summary:
No Unisim elements were transformed.

INFO: [Common 17-83] Releasing license: Synthesis
43 Infos, 134 Warnings, 0 Critical Warnings and 0 Errors encountered.
synth_design completed successfully
synth_design: Time (s): cpu = 00:00:22 ; elapsed = 00:00:24 . Memory (MB): peak = 787.934 ; gain = 510.367
INFO: [Common 17-1381] The checkpoint 'C:/Users/86138/Documents/GitHub/Piano/piano.runs/synth_1/auto_play.dcp' has been generated.
INFO: [runtcl-4] Executing : report_utilization -file auto_play_utilization_synth.rpt -pb auto_play_utilization_synth.pb
report_utilization: Time (s): cpu = 00:00:00 ; elapsed = 00:00:00.018 . Memory (MB): peak = 787.934 ; gain = 0.000
INFO: [Common 17-206] Exiting Vivado at Sat Dec  9 04:35:12 2023...
