Copyright 1986-2017 Xilinx, Inc. All Rights Reserved.
-------------------------------------------------------------------------------------------------------------------------------------------------
| Tool Version     : Vivado v.2017.4 (win64) Build 2086221 Fri Dec 15 20:55:39 MST 2017
<<<<<<< HEAD:piano.runs/impl_1/learn_mode_power_routed.rpt
| Date             : Mon Dec 18 22:55:58 2023
| Host             : S210-07 running 64-bit major release  (build 9200)
| Command          : report_power -file learn_mode_power_routed.rpt -pb learn_mode_power_summary_routed.pb -rpx learn_mode_power_routed.rpx
| Design           : learn_mode
=======
| Date             : Fri Dec 15 11:08:37 2023
| Host             : Alaina running 64-bit major release  (build 9200)
| Command          : report_power -file auto_play_power_routed.rpt -pb auto_play_power_summary_routed.pb -rpx auto_play_power_routed.rpx
| Design           : auto_play
>>>>>>> 2abe4914cee8466690aac9679b53b466a762c9c5:piano.runs/impl_1/auto_play_power_routed.rpt
| Device           : xc7a35tcsg324-1
| Design State     : routed
| Grade            : commercial
| Process          : typical
| Characterization : Production
-------------------------------------------------------------------------------------------------------------------------------------------------

Power Report

Table of Contents
-----------------
1. Summary
1.1 On-Chip Components
1.2 Power Supply Summary
1.3 Confidence Level
2. Settings
2.1 Environment
2.2 Clock Constraints
3. Detailed Reports
3.1 By Hierarchy

1. Summary
----------

<<<<<<< HEAD:piano.runs/impl_1/learn_mode_power_routed.rpt
+--------------------------+----------------------------------+
| Total On-Chip Power (W)  | 66.114 (Junction temp exceeded!) |
| Design Power Budget (W)  | Unspecified*                     |
| Power Budget Margin (W)  | NA                               |
| Dynamic (W)              | 65.628                           |
| Device Static (W)        | 0.486                            |
| Effective TJA (C/W)      | 4.8                              |
| Max Ambient (C)          | 0.0                              |
| Junction Temperature (C) | 125.0                            |
| Confidence Level         | Low                              |
| Setting File             | ---                              |
| Simulation Activity File | ---                              |
| Design Nets Matched      | NA                               |
+--------------------------+----------------------------------+
=======
+--------------------------+--------------+
| Total On-Chip Power (W)  | 1.039        |
| Design Power Budget (W)  | Unspecified* |
| Power Budget Margin (W)  | NA           |
| Dynamic (W)              | 0.965        |
| Device Static (W)        | 0.074        |
| Effective TJA (C/W)      | 4.8          |
| Max Ambient (C)          | 80.0         |
| Junction Temperature (C) | 30.0         |
| Confidence Level         | Low          |
| Setting File             | ---          |
| Simulation Activity File | ---          |
| Design Nets Matched      | NA           |
+--------------------------+--------------+
>>>>>>> 2abe4914cee8466690aac9679b53b466a762c9c5:piano.runs/impl_1/auto_play_power_routed.rpt
* Specify Design Power Budget using, set_operating_conditions -design_power_budget <value in Watts>


1.1 On-Chip Components
----------------------

+----------------+-----------+----------+-----------+-----------------+
| On-Chip        | Power (W) | Used     | Available | Utilization (%) |
+----------------+-----------+----------+-----------+-----------------+
<<<<<<< HEAD:piano.runs/impl_1/learn_mode_power_routed.rpt
| Slice Logic    |     5.254 |     1296 |       --- |             --- |
|   LUT as Logic |     4.346 |      748 |     20800 |            3.60 |
|   CARRY4       |     0.816 |      172 |      8150 |            2.11 |
|   Register     |     0.085 |      296 |     41600 |            0.71 |
|   BUFG         |     0.006 |        1 |        32 |            3.13 |
|   Others       |     0.000 |       23 |       --- |             --- |
| Signals        |     4.699 |      983 |       --- |             --- |
| I/O            |    55.675 |       47 |       210 |           22.38 |
| Static Power   |     0.486 |          |           |                 |
| Total          |    66.114 |          |           |                 |
=======
| Slice Logic    |     0.275 |      196 |       --- |             --- |
|   LUT as Logic |     0.203 |       90 |     20800 |            0.43 |
|   CARRY4       |     0.039 |       18 |      8150 |            0.22 |
|   Register     |     0.027 |       76 |     41600 |            0.18 |
|   BUFG         |     0.006 |        1 |        32 |            3.13 |
|   Others       |     0.000 |       10 |       --- |             --- |
| Signals        |     0.158 |      115 |       --- |             --- |
| I/O            |     0.532 |       13 |       210 |            6.19 |
| Static Power   |     0.074 |          |           |                 |
| Total          |     1.039 |          |           |                 |
>>>>>>> 2abe4914cee8466690aac9679b53b466a762c9c5:piano.runs/impl_1/auto_play_power_routed.rpt
+----------------+-----------+----------+-----------+-----------------+


1.2 Power Supply Summary
------------------------

+-----------+-------------+-----------+-------------+------------+
| Source    | Voltage (V) | Total (A) | Dynamic (A) | Static (A) |
+-----------+-------------+-----------+-------------+------------+
<<<<<<< HEAD:piano.runs/impl_1/learn_mode_power_routed.rpt
| Vccint    |       1.000 |    10.342 |      10.001 |      0.341 |
| Vccaux    |       1.800 |     2.092 |       2.038 |      0.053 |
| Vcco33    |       3.300 |    15.746 |      15.745 |      0.001 |
=======
| Vccint    |       1.000 |     0.460 |       0.448 |      0.011 |
| Vccaux    |       1.800 |     0.032 |       0.019 |      0.013 |
| Vcco33    |       3.300 |     0.147 |       0.146 |      0.001 |
>>>>>>> 2abe4914cee8466690aac9679b53b466a762c9c5:piano.runs/impl_1/auto_play_power_routed.rpt
| Vcco25    |       2.500 |     0.000 |       0.000 |      0.000 |
| Vcco18    |       1.800 |     0.000 |       0.000 |      0.000 |
| Vcco15    |       1.500 |     0.000 |       0.000 |      0.000 |
| Vcco135   |       1.350 |     0.000 |       0.000 |      0.000 |
| Vcco12    |       1.200 |     0.000 |       0.000 |      0.000 |
| Vccaux_io |       1.800 |     0.000 |       0.000 |      0.000 |
| Vccbram   |       1.000 |     0.000 |       0.000 |      0.000 |
| MGTAVcc   |       1.000 |     0.000 |       0.000 |      0.000 |
| MGTAVtt   |       1.200 |     0.000 |       0.000 |      0.000 |
| Vccadc    |       1.800 |     0.020 |       0.000 |      0.020 |
+-----------+-------------+-----------+-------------+------------+


1.3 Confidence Level
--------------------

+-----------------------------+------------+--------------------------------------------------------+--------------------------------------------------------------------------------------------------------------------+
| User Input Data             | Confidence | Details                                                | Action                                                                                                             |
+-----------------------------+------------+--------------------------------------------------------+--------------------------------------------------------------------------------------------------------------------+
| Design implementation state | High       | Design is routed                                       |                                                                                                                    |
| Clock nodes activity        | Low        | User specified less than 75% of clocks                 | Provide missing clock activity with a constraint file, simulation results or by editing the "By Clock Domain" view |
| I/O nodes activity          | Low        | More than 75% of inputs are missing user specification | Provide missing input activity with simulation results or by editing the "By Resource Type -> I/Os" view           |
| Internal nodes activity     | Medium     | User specified less than 25% of internal nodes         | Provide missing internal nodes activity with simulation results or by editing the "By Resource Type" views         |
| Device models               | High       | Device models are Production                           |                                                                                                                    |
|                             |            |                                                        |                                                                                                                    |
| Overall confidence level    | Low        |                                                        |                                                                                                                    |
+-----------------------------+------------+--------------------------------------------------------+--------------------------------------------------------------------------------------------------------------------+


2. Settings
-----------

2.1 Environment
---------------

+-----------------------+--------------------------+
| Ambient Temp (C)      | 25.0                     |
| ThetaJA (C/W)         | 4.8                      |
| Airflow (LFM)         | 250                      |
| Heat Sink             | medium (Medium Profile)  |
| ThetaSA (C/W)         | 4.6                      |
| Board Selection       | medium (10"x10")         |
| # of Board Layers     | 12to15 (12 to 15 Layers) |
| Board Temperature (C) | 25.0                     |
+-----------------------+--------------------------+


2.2 Clock Constraints
---------------------

+-------+--------+-----------------+
| Clock | Domain | Constraint (ns) |
+-------+--------+-----------------+


3. Detailed Reports
-------------------

3.1 By Hierarchy
----------------

<<<<<<< HEAD:piano.runs/impl_1/learn_mode_power_routed.rpt
+-------------+-----------+
| Name        | Power (W) |
+-------------+-----------+
| learn_mode  |    65.628 |
|   debounce0 |     0.117 |
|   debounce1 |     0.115 |
|   debounce2 |     0.113 |
|   debounce3 |     0.119 |
|   debounce4 |     0.106 |
|   debounce5 |     0.129 |
|   debounce6 |     0.113 |
|   debounce7 |     0.107 |
|   gm        |     7.494 |
|   play      |     0.423 |
|   sc_seg    |     0.799 |
+-------------+-----------+
=======
+-----------+-----------+
| Name      | Power (W) |
+-----------+-----------+
| auto_play |     0.965 |
|   d1      |     0.128 |
|   d2      |     0.126 |
|   d3      |     0.127 |
|   led     |     0.010 |
+-----------+-----------+
>>>>>>> 2abe4914cee8466690aac9679b53b466a762c9c5:piano.runs/impl_1/auto_play_power_routed.rpt


