Copyright 1986-2017 Xilinx, Inc. All Rights Reserved.
------------------------------------------------------------------------------------------
| Tool Version : Vivado v.2017.4 (win64) Build 2086221 Fri Dec 15 20:55:39 MST 2017
| Date         : Wed Dec  6 14:00:05 2023
| Host         : S210-07 running 64-bit major release  (build 9200)
| Command      : report_control_sets -verbose -file free_play_top_control_sets_placed.rpt
| Design       : free_play_top
| Device       : xc7a35t
------------------------------------------------------------------------------------------

Control Set Information

Table of Contents
-----------------
1. Summary
2. Flip-Flop Distribution
3. Detailed Control Set Information

1. Summary
----------

+----------------------------------------------------------+-------+
|                          Status                          | Count |
+----------------------------------------------------------+-------+
| Number of unique control sets                            |     4 |
| Unused register locations in slices containing registers |    17 |
+----------------------------------------------------------+-------+


2. Flip-Flop Distribution
-------------------------

+--------------+-----------------------+------------------------+-----------------+--------------+
| Clock Enable | Synchronous Set/Reset | Asynchronous Set/Reset | Total Registers | Total Slices |
+--------------+-----------------------+------------------------+-----------------+--------------+
| No           | No                    | No                     |              15 |           11 |
| No           | No                    | Yes                    |               0 |            0 |
| No           | Yes                   | No                     |              32 |            8 |
| Yes          | No                    | No                     |               0 |            0 |
| Yes          | No                    | Yes                    |               0 |            0 |
| Yes          | Yes                   | No                     |               0 |            0 |
+--------------+-----------------------+------------------------+-----------------+--------------+


3. Detailed Control Set Information
-----------------------------------

+---------------------------------+---------------+-----------------------+------------------+----------------+
|           Clock Signal          | Enable Signal |    Set/Reset Signal   | Slice Load Count | Bel Load Count |
+---------------------------------+---------------+-----------------------+------------------+----------------+
|  clk_IBUF_BUFG                  |               |                       |                1 |              1 |
|  play/range_n_0                 |               |                       |                1 |              3 |
|  play/frequency_reg[10]_i_2_n_0 |               |                       |                9 |             11 |
|  clk_IBUF_BUFG                  |               | gm/counter[0]_i_1_n_0 |                8 |             32 |
+---------------------------------+---------------+-----------------------+------------------+----------------+


+--------+-----------------------+
| Fanout | Number of ControlSets |
+--------+-----------------------+
| 1      |                     1 |
| 3      |                     1 |
| 11     |                     1 |
| 16+    |                     1 |
+--------+-----------------------+


