#-----------------------------------------------------------
# Vivado v2017.4 (64-bit)
# SW Build 2086221 on Fri Dec 15 20:55:39 MST 2017
# IP Build 2085800 on Fri Dec 15 22:25:07 MST 2017
# Start of session at: Wed Dec 27 19:04:04 2023
# Process ID: 2488
# Current directory: C:/Users/Administrator/Documents/GitHub/Piano
# Command line: vivado.exe -gui_launcher_event rodinguilauncherevent8664 C:\Users\Administrator\Documents\GitHub\Piano\piano.xpr
# Log file: C:/Users/Administrator/Documents/GitHub/Piano/vivado.log
# Journal file: C:/Users/Administrator/Documents/GitHub/Piano\vivado.jou
#-----------------------------------------------------------
start_gui
open_project C:/Users/Administrator/Documents/GitHub/Piano/piano.xpr
INFO: [Project 1-313] Project file moved from 'C:/Users/temp_acc/Documents/GitHub/Piano' since last save.
CRITICAL WARNING: [Project 1-19] Could not find the file 'D:/keyboard.v'.
CRITICAL WARNING: [Project 1-19] Could not find the file 'D:/sim_keyboard.v'.
Scanning sources...
Finished scanning sources
INFO: [IP_Flow 19-234] Refreshing IP repositories
INFO: [IP_Flow 19-1704] No user IP repositories specified
INFO: [IP_Flow 19-2313] Loaded Vivado IP repository 'C:/Xilinx/Vivado/2017.4/data/ip'.
update_compile_order -fileset sources_1
reset_run synth_1
launch_runs synth_1 -jobs 8
[Wed Dec 27 19:06:33 2023] Launched synth_1...
Run output will be captured here: C:/Users/Administrator/Documents/GitHub/Piano/piano.runs/synth_1/runme.log
launch_runs impl_1 -jobs 8
[Wed Dec 27 19:07:14 2023] Launched impl_1...
Run output will be captured here: C:/Users/Administrator/Documents/GitHub/Piano/piano.runs/impl_1/runme.log
launch_runs impl_1 -to_step write_bitstream -jobs 8
[Wed Dec 27 19:08:10 2023] Launched impl_1...
Run output will be captured here: C:/Users/Administrator/Documents/GitHub/Piano/piano.runs/impl_1/runme.log
open_run impl_1
INFO: [Netlist 29-17] Analyzing 298 Unisim elements for replacement
INFO: [Netlist 29-28] Unisim Transformation completed in 0 CPU seconds
INFO: [Project 1-479] Netlist was created with Vivado 2017.4
INFO: [Device 21-403] Loading part xc7a35tcsg324-1
INFO: [Project 1-570] Preparing netlist for logic optimization
Parsing XDC File [C:/Users/Administrator/Documents/GitHub/Piano/.Xil/Vivado-2488-S210-02/dcp2/learn_mode.xdc]
Finished Parsing XDC File [C:/Users/Administrator/Documents/GitHub/Piano/.Xil/Vivado-2488-S210-02/dcp2/learn_mode.xdc]
Reading XDEF placement.
Reading placer database...
Reading XDEF routing.
Read XDEF File: Time (s): cpu = 00:00:01 ; elapsed = 00:00:00.173 . Memory (MB): peak = 1205.156 ; gain = 3.352
Restored from archive | CPU: 1.000000 secs | Memory: 0.000000 MB |
Finished XDEF File Restore: Time (s): cpu = 00:00:01 ; elapsed = 00:00:00.173 . Memory (MB): peak = 1205.156 ; gain = 3.352
INFO: [Project 1-111] Unisim Transformation Summary:
No Unisim elements were transformed.

open_run: Time (s): cpu = 00:00:13 ; elapsed = 00:00:07 . Memory (MB): peak = 1341.629 ; gain = 444.578
WARNING: [Timing 38-313] There are no user specified timing constraints. Timing constraints are needed for proper timing analysis.
open_hw
connect_hw_server
INFO: [Labtools 27-2285] Connecting to hw_server url TCP:localhost:3121
INFO: [Labtools 27-2222] Launching hw_server...
INFO: [Labtools 27-2221] Launch Output:

****** Xilinx hw_server v2017.4
  **** Build date : Dec 15 2017-21:08:27
    ** Copyright 1986-2017 Xilinx, Inc. All Rights Reserved.


disconnect_hw_server localhost:3121
connect_hw_server
INFO: [Labtools 27-2285] Connecting to hw_server url TCP:localhost:3121
disconnect_hw_server localhost:3121
connect_hw_server
INFO: [Labtools 27-2285] Connecting to hw_server url TCP:localhost:3121
disconnect_hw_server localhost:3121
connect_hw_server
INFO: [Labtools 27-2285] Connecting to hw_server url TCP:localhost:3121
open_hw_target
INFO: [Labtoolstcl 44-466] Opening hw_target localhost:3121/xilinx_tcf/Xilinx/1234-tulA
set_property PROGRAM.FILE {C:/Users/Administrator/Documents/GitHub/Piano/piano.runs/impl_1/learn_mode.bit} [get_hw_devices xc7a35t_0]
current_hw_device [get_hw_devices xc7a35t_0]
refresh_hw_device -update_hw_probes false [lindex [get_hw_devices xc7a35t_0] 0]
INFO: [Labtools 27-1434] Device xc7a35t (JTAG device index = 0) is programmed with a design that has no supported debug core(s) in it.
WARNING: [Labtools 27-3361] The debug hub core was not detected.
Resolution: 
1. Make sure the clock connected to the debug hub (dbg_hub) core is a free running clock and is active.
2. Make sure the BSCAN_SWITCH_USER_MASK device property in Vivado Hardware Manager reflects the user scan chain setting in the design and refresh the device.  To determine the user scan chain setting in the design, open the implemented design and use 'get_property C_USER_SCAN_CHAIN [get_debug_cores dbg_hub]'.
For more details on setting the scan chain property, consult the Vivado Debug and Programming User Guide (UG908).
set_property PROBES.FILE {} [get_hw_devices xc7a35t_0]
set_property FULL_PROBES.FILE {} [get_hw_devices xc7a35t_0]
set_property PROGRAM.FILE {C:/Users/Administrator/Documents/GitHub/Piano/piano.runs/impl_1/learn_mode.bit} [get_hw_devices xc7a35t_0]
program_hw_devices [get_hw_devices xc7a35t_0]
INFO: [Labtools 27-3164] End of startup status: HIGH
refresh_hw_device [lindex [get_hw_devices xc7a35t_0] 0]
INFO: [Labtools 27-1434] Device xc7a35t (JTAG device index = 0) is programmed with a design that has no supported debug core(s) in it.
WARNING: [Labtools 27-3361] The debug hub core was not detected.
Resolution: 
1. Make sure the clock connected to the debug hub (dbg_hub) core is a free running clock and is active.
2. Make sure the BSCAN_SWITCH_USER_MASK device property in Vivado Hardware Manager reflects the user scan chain setting in the design and refresh the device.  To determine the user scan chain setting in the design, open the implemented design and use 'get_property C_USER_SCAN_CHAIN [get_debug_cores dbg_hub]'.
For more details on setting the scan chain property, consult the Vivado Debug and Programming User Guide (UG908).
reset_run impl_1
launch_runs impl_1 -jobs 8
[Wed Dec 27 19:10:41 2023] Launched impl_1...
Run output will be captured here: C:/Users/Administrator/Documents/GitHub/Piano/piano.runs/impl_1/runme.log
reset_run synth_1
launch_runs impl_1 -to_step write_bitstream -jobs 8
[Wed Dec 27 19:11:46 2023] Launched synth_1...
Run output will be captured here: C:/Users/Administrator/Documents/GitHub/Piano/piano.runs/synth_1/runme.log
[Wed Dec 27 19:11:46 2023] Launched impl_1...
Run output will be captured here: C:/Users/Administrator/Documents/GitHub/Piano/piano.runs/impl_1/runme.log
set_property PROBES.FILE {} [get_hw_devices xc7a35t_0]
set_property FULL_PROBES.FILE {} [get_hw_devices xc7a35t_0]
set_property PROGRAM.FILE {C:/Users/Administrator/Documents/GitHub/Piano/piano.runs/impl_1/learn_mode.bit} [get_hw_devices xc7a35t_0]
program_hw_devices [get_hw_devices xc7a35t_0]
INFO: [Labtools 27-3164] End of startup status: HIGH
refresh_hw_device [lindex [get_hw_devices xc7a35t_0] 0]
INFO: [Labtools 27-1434] Device xc7a35t (JTAG device index = 0) is programmed with a design that has no supported debug core(s) in it.
WARNING: [Labtools 27-3361] The debug hub core was not detected.
Resolution: 
1. Make sure the clock connected to the debug hub (dbg_hub) core is a free running clock and is active.
2. Make sure the BSCAN_SWITCH_USER_MASK device property in Vivado Hardware Manager reflects the user scan chain setting in the design and refresh the device.  To determine the user scan chain setting in the design, open the implemented design and use 'get_property C_USER_SCAN_CHAIN [get_debug_cores dbg_hub]'.
For more details on setting the scan chain property, consult the Vivado Debug and Programming User Guide (UG908).
reset_run impl_1
launch_runs impl_1 -jobs 8
[Wed Dec 27 19:17:12 2023] Launched impl_1...
Run output will be captured here: C:/Users/Administrator/Documents/GitHub/Piano/piano.runs/impl_1/runme.log
reset_run synth_1
launch_runs impl_1 -to_step write_bitstream -jobs 8
[Wed Dec 27 19:18:41 2023] Launched synth_1...
Run output will be captured here: C:/Users/Administrator/Documents/GitHub/Piano/piano.runs/synth_1/runme.log
[Wed Dec 27 19:18:41 2023] Launched impl_1...
Run output will be captured here: C:/Users/Administrator/Documents/GitHub/Piano/piano.runs/impl_1/runme.log
set_property PROBES.FILE {} [get_hw_devices xc7a35t_0]
set_property FULL_PROBES.FILE {} [get_hw_devices xc7a35t_0]
set_property PROGRAM.FILE {C:/Users/Administrator/Documents/GitHub/Piano/piano.runs/impl_1/learn_mode.bit} [get_hw_devices xc7a35t_0]
program_hw_devices [get_hw_devices xc7a35t_0]
INFO: [Labtools 27-3164] End of startup status: HIGH
refresh_hw_device [lindex [get_hw_devices xc7a35t_0] 0]
INFO: [Labtools 27-1434] Device xc7a35t (JTAG device index = 0) is programmed with a design that has no supported debug core(s) in it.
WARNING: [Labtools 27-3361] The debug hub core was not detected.
Resolution: 
1. Make sure the clock connected to the debug hub (dbg_hub) core is a free running clock and is active.
2. Make sure the BSCAN_SWITCH_USER_MASK device property in Vivado Hardware Manager reflects the user scan chain setting in the design and refresh the device.  To determine the user scan chain setting in the design, open the implemented design and use 'get_property C_USER_SCAN_CHAIN [get_debug_cores dbg_hub]'.
For more details on setting the scan chain property, consult the Vivado Debug and Programming User Guide (UG908).
reset_run impl_1
launch_runs impl_1 -jobs 8
[Wed Dec 27 19:21:49 2023] Launched impl_1...
Run output will be captured here: C:/Users/Administrator/Documents/GitHub/Piano/piano.runs/impl_1/runme.log
reset_run synth_1
launch_runs impl_1 -to_step write_bitstream -jobs 8
[Wed Dec 27 19:24:53 2023] Launched synth_1...
Run output will be captured here: C:/Users/Administrator/Documents/GitHub/Piano/piano.runs/synth_1/runme.log
[Wed Dec 27 19:24:53 2023] Launched impl_1...
Run output will be captured here: C:/Users/Administrator/Documents/GitHub/Piano/piano.runs/impl_1/runme.log
set_property PROBES.FILE {} [get_hw_devices xc7a35t_0]
set_property FULL_PROBES.FILE {} [get_hw_devices xc7a35t_0]
set_property PROGRAM.FILE {C:/Users/Administrator/Documents/GitHub/Piano/piano.runs/impl_1/learn_mode.bit} [get_hw_devices xc7a35t_0]
program_hw_devices [get_hw_devices xc7a35t_0]
INFO: [Labtools 27-3164] End of startup status: HIGH
refresh_hw_device [lindex [get_hw_devices xc7a35t_0] 0]
INFO: [Labtools 27-1434] Device xc7a35t (JTAG device index = 0) is programmed with a design that has no supported debug core(s) in it.
WARNING: [Labtools 27-3361] The debug hub core was not detected.
Resolution: 
1. Make sure the clock connected to the debug hub (dbg_hub) core is a free running clock and is active.
2. Make sure the BSCAN_SWITCH_USER_MASK device property in Vivado Hardware Manager reflects the user scan chain setting in the design and refresh the device.  To determine the user scan chain setting in the design, open the implemented design and use 'get_property C_USER_SCAN_CHAIN [get_debug_cores dbg_hub]'.
For more details on setting the scan chain property, consult the Vivado Debug and Programming User Guide (UG908).
reset_run impl_1
launch_runs impl_1 -jobs 8
[Wed Dec 27 19:28:48 2023] Launched impl_1...
Run output will be captured here: C:/Users/Administrator/Documents/GitHub/Piano/piano.runs/impl_1/runme.log
reset_run synth_1
launch_runs impl_1 -to_step write_bitstream -jobs 8
[Wed Dec 27 19:29:46 2023] Launched synth_1...
Run output will be captured here: C:/Users/Administrator/Documents/GitHub/Piano/piano.runs/synth_1/runme.log
[Wed Dec 27 19:29:46 2023] Launched impl_1...
Run output will be captured here: C:/Users/Administrator/Documents/GitHub/Piano/piano.runs/impl_1/runme.log
set_property PROBES.FILE {} [get_hw_devices xc7a35t_0]
set_property FULL_PROBES.FILE {} [get_hw_devices xc7a35t_0]
set_property PROGRAM.FILE {C:/Users/Administrator/Documents/GitHub/Piano/piano.runs/impl_1/learn_mode.bit} [get_hw_devices xc7a35t_0]
program_hw_devices [get_hw_devices xc7a35t_0]
INFO: [Labtools 27-3164] End of startup status: HIGH
refresh_hw_device [lindex [get_hw_devices xc7a35t_0] 0]
INFO: [Labtools 27-1434] Device xc7a35t (JTAG device index = 0) is programmed with a design that has no supported debug core(s) in it.
WARNING: [Labtools 27-3361] The debug hub core was not detected.
Resolution: 
1. Make sure the clock connected to the debug hub (dbg_hub) core is a free running clock and is active.
2. Make sure the BSCAN_SWITCH_USER_MASK device property in Vivado Hardware Manager reflects the user scan chain setting in the design and refresh the device.  To determine the user scan chain setting in the design, open the implemented design and use 'get_property C_USER_SCAN_CHAIN [get_debug_cores dbg_hub]'.
For more details on setting the scan chain property, consult the Vivado Debug and Programming User Guide (UG908).
reset_run impl_1
launch_runs impl_1 -jobs 8
[Wed Dec 27 19:32:46 2023] Launched impl_1...
Run output will be captured here: C:/Users/Administrator/Documents/GitHub/Piano/piano.runs/impl_1/runme.log
reset_run synth_1
launch_runs impl_1 -to_step write_bitstream -jobs 8
[Wed Dec 27 19:34:20 2023] Launched synth_1...
Run output will be captured here: C:/Users/Administrator/Documents/GitHub/Piano/piano.runs/synth_1/runme.log
[Wed Dec 27 19:34:20 2023] Launched impl_1...
Run output will be captured here: C:/Users/Administrator/Documents/GitHub/Piano/piano.runs/impl_1/runme.log
set_property PROBES.FILE {} [get_hw_devices xc7a35t_0]
set_property FULL_PROBES.FILE {} [get_hw_devices xc7a35t_0]
set_property PROGRAM.FILE {C:/Users/Administrator/Documents/GitHub/Piano/piano.runs/impl_1/learn_mode.bit} [get_hw_devices xc7a35t_0]
program_hw_devices [get_hw_devices xc7a35t_0]
INFO: [Labtools 27-3164] End of startup status: HIGH
refresh_hw_device [lindex [get_hw_devices xc7a35t_0] 0]
INFO: [Labtools 27-1434] Device xc7a35t (JTAG device index = 0) is programmed with a design that has no supported debug core(s) in it.
WARNING: [Labtools 27-3361] The debug hub core was not detected.
Resolution: 
1. Make sure the clock connected to the debug hub (dbg_hub) core is a free running clock and is active.
2. Make sure the BSCAN_SWITCH_USER_MASK device property in Vivado Hardware Manager reflects the user scan chain setting in the design and refresh the device.  To determine the user scan chain setting in the design, open the implemented design and use 'get_property C_USER_SCAN_CHAIN [get_debug_cores dbg_hub]'.
For more details on setting the scan chain property, consult the Vivado Debug and Programming User Guide (UG908).
reset_run impl_1
launch_runs impl_1 -jobs 8
[Wed Dec 27 19:39:23 2023] Launched impl_1...
Run output will be captured here: C:/Users/Administrator/Documents/GitHub/Piano/piano.runs/impl_1/runme.log
reset_run synth_1
launch_runs impl_1 -to_step write_bitstream -jobs 8
[Wed Dec 27 19:40:22 2023] Launched synth_1...
Run output will be captured here: C:/Users/Administrator/Documents/GitHub/Piano/piano.runs/synth_1/runme.log
[Wed Dec 27 19:40:22 2023] Launched impl_1...
Run output will be captured here: C:/Users/Administrator/Documents/GitHub/Piano/piano.runs/impl_1/runme.log
set_property PROBES.FILE {} [get_hw_devices xc7a35t_0]
set_property FULL_PROBES.FILE {} [get_hw_devices xc7a35t_0]
set_property PROGRAM.FILE {C:/Users/Administrator/Documents/GitHub/Piano/piano.runs/impl_1/learn_mode.bit} [get_hw_devices xc7a35t_0]
program_hw_devices [get_hw_devices xc7a35t_0]
INFO: [Labtools 27-3164] End of startup status: HIGH
refresh_hw_device [lindex [get_hw_devices xc7a35t_0] 0]
INFO: [Labtools 27-1434] Device xc7a35t (JTAG device index = 0) is programmed with a design that has no supported debug core(s) in it.
WARNING: [Labtools 27-3361] The debug hub core was not detected.
Resolution: 
1. Make sure the clock connected to the debug hub (dbg_hub) core is a free running clock and is active.
2. Make sure the BSCAN_SWITCH_USER_MASK device property in Vivado Hardware Manager reflects the user scan chain setting in the design and refresh the device.  To determine the user scan chain setting in the design, open the implemented design and use 'get_property C_USER_SCAN_CHAIN [get_debug_cores dbg_hub]'.
For more details on setting the scan chain property, consult the Vivado Debug and Programming User Guide (UG908).
reset_run impl_1
launch_runs impl_1 -jobs 8
[Wed Dec 27 19:43:44 2023] Launched impl_1...
Run output will be captured here: C:/Users/Administrator/Documents/GitHub/Piano/piano.runs/impl_1/runme.log
reset_run synth_1
launch_runs impl_1 -to_step write_bitstream -jobs 8
[Wed Dec 27 19:44:41 2023] Launched synth_1...
Run output will be captured here: C:/Users/Administrator/Documents/GitHub/Piano/piano.runs/synth_1/runme.log
[Wed Dec 27 19:44:41 2023] Launched impl_1...
Run output will be captured here: C:/Users/Administrator/Documents/GitHub/Piano/piano.runs/impl_1/runme.log
set_property PROBES.FILE {} [get_hw_devices xc7a35t_0]
set_property FULL_PROBES.FILE {} [get_hw_devices xc7a35t_0]
set_property PROGRAM.FILE {C:/Users/Administrator/Documents/GitHub/Piano/piano.runs/impl_1/learn_mode.bit} [get_hw_devices xc7a35t_0]
program_hw_devices [get_hw_devices xc7a35t_0]
INFO: [Labtools 27-3164] End of startup status: HIGH
refresh_hw_device [lindex [get_hw_devices xc7a35t_0] 0]
INFO: [Labtools 27-1434] Device xc7a35t (JTAG device index = 0) is programmed with a design that has no supported debug core(s) in it.
WARNING: [Labtools 27-3361] The debug hub core was not detected.
Resolution: 
1. Make sure the clock connected to the debug hub (dbg_hub) core is a free running clock and is active.
2. Make sure the BSCAN_SWITCH_USER_MASK device property in Vivado Hardware Manager reflects the user scan chain setting in the design and refresh the device.  To determine the user scan chain setting in the design, open the implemented design and use 'get_property C_USER_SCAN_CHAIN [get_debug_cores dbg_hub]'.
For more details on setting the scan chain property, consult the Vivado Debug and Programming User Guide (UG908).
reset_run impl_1
launch_runs impl_1 -jobs 8
[Wed Dec 27 19:48:06 2023] Launched impl_1...
Run output will be captured here: C:/Users/Administrator/Documents/GitHub/Piano/piano.runs/impl_1/runme.log
reset_run synth_1
launch_runs impl_1 -to_step write_bitstream -jobs 8
[Wed Dec 27 20:01:22 2023] Launched synth_1...
Run output will be captured here: C:/Users/Administrator/Documents/GitHub/Piano/piano.runs/synth_1/runme.log
[Wed Dec 27 20:01:22 2023] Launched impl_1...
Run output will be captured here: C:/Users/Administrator/Documents/GitHub/Piano/piano.runs/impl_1/runme.log
set_property PROBES.FILE {} [get_hw_devices xc7a35t_0]
set_property FULL_PROBES.FILE {} [get_hw_devices xc7a35t_0]
set_property PROGRAM.FILE {C:/Users/Administrator/Documents/GitHub/Piano/piano.runs/impl_1/learn_mode.bit} [get_hw_devices xc7a35t_0]
program_hw_devices [get_hw_devices xc7a35t_0]
INFO: [Labtools 27-3164] End of startup status: HIGH
refresh_hw_device [lindex [get_hw_devices xc7a35t_0] 0]
INFO: [Labtools 27-1434] Device xc7a35t (JTAG device index = 0) is programmed with a design that has no supported debug core(s) in it.
WARNING: [Labtools 27-3361] The debug hub core was not detected.
Resolution: 
1. Make sure the clock connected to the debug hub (dbg_hub) core is a free running clock and is active.
2. Make sure the BSCAN_SWITCH_USER_MASK device property in Vivado Hardware Manager reflects the user scan chain setting in the design and refresh the device.  To determine the user scan chain setting in the design, open the implemented design and use 'get_property C_USER_SCAN_CHAIN [get_debug_cores dbg_hub]'.
For more details on setting the scan chain property, consult the Vivado Debug and Programming User Guide (UG908).
reset_run impl_1
launch_runs impl_1 -jobs 8
[Wed Dec 27 20:07:49 2023] Launched impl_1...
Run output will be captured here: C:/Users/Administrator/Documents/GitHub/Piano/piano.runs/impl_1/runme.log
reset_run synth_1
launch_runs impl_1 -to_step write_bitstream -jobs 8
[Wed Dec 27 20:08:54 2023] Launched synth_1...
Run output will be captured here: C:/Users/Administrator/Documents/GitHub/Piano/piano.runs/synth_1/runme.log
[Wed Dec 27 20:08:54 2023] Launched impl_1...
Run output will be captured here: C:/Users/Administrator/Documents/GitHub/Piano/piano.runs/impl_1/runme.log
reset_run synth_1
launch_runs impl_1 -jobs 8
[Wed Dec 27 20:10:49 2023] Launched synth_1...
Run output will be captured here: C:/Users/Administrator/Documents/GitHub/Piano/piano.runs/synth_1/runme.log
[Wed Dec 27 20:10:49 2023] Launched impl_1...
Run output will be captured here: C:/Users/Administrator/Documents/GitHub/Piano/piano.runs/impl_1/runme.log
reset_run impl_1
launch_runs impl_1 -jobs 8
[Wed Dec 27 20:12:59 2023] Launched impl_1...
Run output will be captured here: C:/Users/Administrator/Documents/GitHub/Piano/piano.runs/impl_1/runme.log
reset_run synth_1
launch_runs synth_1 -jobs 8
[Wed Dec 27 20:13:38 2023] Launched synth_1...
Run output will be captured here: C:/Users/Administrator/Documents/GitHub/Piano/piano.runs/synth_1/runme.log
launch_runs impl_1 -jobs 8
[Wed Dec 27 20:14:19 2023] Launched impl_1...
Run output will be captured here: C:/Users/Administrator/Documents/GitHub/Piano/piano.runs/impl_1/runme.log
launch_runs impl_1 -to_step write_bitstream -jobs 8
[Wed Dec 27 20:15:26 2023] Launched impl_1...
Run output will be captured here: C:/Users/Administrator/Documents/GitHub/Piano/piano.runs/impl_1/runme.log
set_property PROBES.FILE {} [get_hw_devices xc7a35t_0]
set_property FULL_PROBES.FILE {} [get_hw_devices xc7a35t_0]
set_property PROGRAM.FILE {C:/Users/Administrator/Documents/GitHub/Piano/piano.runs/impl_1/learn_mode.bit} [get_hw_devices xc7a35t_0]
program_hw_devices [get_hw_devices xc7a35t_0]
INFO: [Labtools 27-3164] End of startup status: HIGH
refresh_hw_device [lindex [get_hw_devices xc7a35t_0] 0]
INFO: [Labtools 27-1434] Device xc7a35t (JTAG device index = 0) is programmed with a design that has no supported debug core(s) in it.
WARNING: [Labtools 27-3361] The debug hub core was not detected.
Resolution: 
1. Make sure the clock connected to the debug hub (dbg_hub) core is a free running clock and is active.
2. Make sure the BSCAN_SWITCH_USER_MASK device property in Vivado Hardware Manager reflects the user scan chain setting in the design and refresh the device.  To determine the user scan chain setting in the design, open the implemented design and use 'get_property C_USER_SCAN_CHAIN [get_debug_cores dbg_hub]'.
For more details on setting the scan chain property, consult the Vivado Debug and Programming User Guide (UG908).
reset_run impl_1
launch_runs impl_1 -jobs 8
[Wed Dec 27 20:17:31 2023] Launched impl_1...
Run output will be captured here: C:/Users/Administrator/Documents/GitHub/Piano/piano.runs/impl_1/runme.log
reset_run synth_1
launch_runs impl_1 -to_step write_bitstream -jobs 8
[Wed Dec 27 20:18:55 2023] Launched synth_1...
Run output will be captured here: C:/Users/Administrator/Documents/GitHub/Piano/piano.runs/synth_1/runme.log
[Wed Dec 27 20:18:55 2023] Launched impl_1...
Run output will be captured here: C:/Users/Administrator/Documents/GitHub/Piano/piano.runs/impl_1/runme.log
set_property PROBES.FILE {} [get_hw_devices xc7a35t_0]
set_property FULL_PROBES.FILE {} [get_hw_devices xc7a35t_0]
set_property PROGRAM.FILE {C:/Users/Administrator/Documents/GitHub/Piano/piano.runs/impl_1/learn_mode.bit} [get_hw_devices xc7a35t_0]
program_hw_devices [get_hw_devices xc7a35t_0]
INFO: [Labtools 27-3164] End of startup status: HIGH
refresh_hw_device [lindex [get_hw_devices xc7a35t_0] 0]
INFO: [Labtools 27-1434] Device xc7a35t (JTAG device index = 0) is programmed with a design that has no supported debug core(s) in it.
WARNING: [Labtools 27-3361] The debug hub core was not detected.
Resolution: 
1. Make sure the clock connected to the debug hub (dbg_hub) core is a free running clock and is active.
2. Make sure the BSCAN_SWITCH_USER_MASK device property in Vivado Hardware Manager reflects the user scan chain setting in the design and refresh the device.  To determine the user scan chain setting in the design, open the implemented design and use 'get_property C_USER_SCAN_CHAIN [get_debug_cores dbg_hub]'.
For more details on setting the scan chain property, consult the Vivado Debug and Programming User Guide (UG908).
reset_run impl_1
launch_runs impl_1 -jobs 8
[Wed Dec 27 20:21:43 2023] Launched impl_1...
Run output will be captured here: C:/Users/Administrator/Documents/GitHub/Piano/piano.runs/impl_1/runme.log
reset_run synth_1
launch_runs impl_1 -to_step write_bitstream -jobs 8
[Wed Dec 27 20:23:06 2023] Launched synth_1...
Run output will be captured here: C:/Users/Administrator/Documents/GitHub/Piano/piano.runs/synth_1/runme.log
[Wed Dec 27 20:23:06 2023] Launched impl_1...
Run output will be captured here: C:/Users/Administrator/Documents/GitHub/Piano/piano.runs/impl_1/runme.log
set_property PROBES.FILE {} [get_hw_devices xc7a35t_0]
set_property FULL_PROBES.FILE {} [get_hw_devices xc7a35t_0]
set_property PROGRAM.FILE {C:/Users/Administrator/Documents/GitHub/Piano/piano.runs/impl_1/learn_mode.bit} [get_hw_devices xc7a35t_0]
program_hw_devices [get_hw_devices xc7a35t_0]
INFO: [Labtools 27-3164] End of startup status: HIGH
refresh_hw_device [lindex [get_hw_devices xc7a35t_0] 0]
INFO: [Labtools 27-1434] Device xc7a35t (JTAG device index = 0) is programmed with a design that has no supported debug core(s) in it.
WARNING: [Labtools 27-3361] The debug hub core was not detected.
Resolution: 
1. Make sure the clock connected to the debug hub (dbg_hub) core is a free running clock and is active.
2. Make sure the BSCAN_SWITCH_USER_MASK device property in Vivado Hardware Manager reflects the user scan chain setting in the design and refresh the device.  To determine the user scan chain setting in the design, open the implemented design and use 'get_property C_USER_SCAN_CHAIN [get_debug_cores dbg_hub]'.
For more details on setting the scan chain property, consult the Vivado Debug and Programming User Guide (UG908).
reset_run impl_1
launch_runs impl_1 -jobs 8
[Wed Dec 27 20:25:55 2023] Launched impl_1...
Run output will be captured here: C:/Users/Administrator/Documents/GitHub/Piano/piano.runs/impl_1/runme.log
reset_run synth_1
launch_runs impl_1 -to_step write_bitstream -jobs 8
[Wed Dec 27 20:27:14 2023] Launched synth_1...
Run output will be captured here: C:/Users/Administrator/Documents/GitHub/Piano/piano.runs/synth_1/runme.log
[Wed Dec 27 20:27:14 2023] Launched impl_1...
Run output will be captured here: C:/Users/Administrator/Documents/GitHub/Piano/piano.runs/impl_1/runme.log
set_property PROBES.FILE {} [get_hw_devices xc7a35t_0]
set_property FULL_PROBES.FILE {} [get_hw_devices xc7a35t_0]
set_property PROGRAM.FILE {C:/Users/Administrator/Documents/GitHub/Piano/piano.runs/impl_1/learn_mode.bit} [get_hw_devices xc7a35t_0]
program_hw_devices [get_hw_devices xc7a35t_0]
INFO: [Labtools 27-3164] End of startup status: HIGH
refresh_hw_device [lindex [get_hw_devices xc7a35t_0] 0]
INFO: [Labtools 27-1434] Device xc7a35t (JTAG device index = 0) is programmed with a design that has no supported debug core(s) in it.
WARNING: [Labtools 27-3361] The debug hub core was not detected.
Resolution: 
1. Make sure the clock connected to the debug hub (dbg_hub) core is a free running clock and is active.
2. Make sure the BSCAN_SWITCH_USER_MASK device property in Vivado Hardware Manager reflects the user scan chain setting in the design and refresh the device.  To determine the user scan chain setting in the design, open the implemented design and use 'get_property C_USER_SCAN_CHAIN [get_debug_cores dbg_hub]'.
For more details on setting the scan chain property, consult the Vivado Debug and Programming User Guide (UG908).
reset_run impl_1
launch_runs impl_1 -jobs 8
[Wed Dec 27 20:30:11 2023] Launched impl_1...
Run output will be captured here: C:/Users/Administrator/Documents/GitHub/Piano/piano.runs/impl_1/runme.log
reset_run synth_1
launch_runs impl_1 -to_step write_bitstream -jobs 8
[Wed Dec 27 20:31:15 2023] Launched synth_1...
Run output will be captured here: C:/Users/Administrator/Documents/GitHub/Piano/piano.runs/synth_1/runme.log
[Wed Dec 27 20:31:15 2023] Launched impl_1...
Run output will be captured here: C:/Users/Administrator/Documents/GitHub/Piano/piano.runs/impl_1/runme.log
set_property PROBES.FILE {} [get_hw_devices xc7a35t_0]
set_property FULL_PROBES.FILE {} [get_hw_devices xc7a35t_0]
set_property PROGRAM.FILE {C:/Users/Administrator/Documents/GitHub/Piano/piano.runs/impl_1/learn_mode.bit} [get_hw_devices xc7a35t_0]
program_hw_devices [get_hw_devices xc7a35t_0]
INFO: [Labtools 27-3164] End of startup status: HIGH
refresh_hw_device [lindex [get_hw_devices xc7a35t_0] 0]
INFO: [Labtools 27-1434] Device xc7a35t (JTAG device index = 0) is programmed with a design that has no supported debug core(s) in it.
WARNING: [Labtools 27-3361] The debug hub core was not detected.
Resolution: 
1. Make sure the clock connected to the debug hub (dbg_hub) core is a free running clock and is active.
2. Make sure the BSCAN_SWITCH_USER_MASK device property in Vivado Hardware Manager reflects the user scan chain setting in the design and refresh the device.  To determine the user scan chain setting in the design, open the implemented design and use 'get_property C_USER_SCAN_CHAIN [get_debug_cores dbg_hub]'.
For more details on setting the scan chain property, consult the Vivado Debug and Programming User Guide (UG908).
reset_run impl_1
launch_runs impl_1 -jobs 8
[Wed Dec 27 20:36:56 2023] Launched impl_1...
Run output will be captured here: C:/Users/Administrator/Documents/GitHub/Piano/piano.runs/impl_1/runme.log
reset_run synth_1
launch_runs impl_1 -to_step write_bitstream -jobs 8
[Wed Dec 27 20:38:01 2023] Launched synth_1...
Run output will be captured here: C:/Users/Administrator/Documents/GitHub/Piano/piano.runs/synth_1/runme.log
[Wed Dec 27 20:38:01 2023] Launched impl_1...
Run output will be captured here: C:/Users/Administrator/Documents/GitHub/Piano/piano.runs/impl_1/runme.log
set_property PROBES.FILE {} [get_hw_devices xc7a35t_0]
set_property FULL_PROBES.FILE {} [get_hw_devices xc7a35t_0]
set_property PROGRAM.FILE {C:/Users/Administrator/Documents/GitHub/Piano/piano.runs/impl_1/learn_mode.bit} [get_hw_devices xc7a35t_0]
program_hw_devices [get_hw_devices xc7a35t_0]
INFO: [Labtools 27-3164] End of startup status: HIGH
refresh_hw_device [lindex [get_hw_devices xc7a35t_0] 0]
INFO: [Labtools 27-1434] Device xc7a35t (JTAG device index = 0) is programmed with a design that has no supported debug core(s) in it.
WARNING: [Labtools 27-3361] The debug hub core was not detected.
Resolution: 
1. Make sure the clock connected to the debug hub (dbg_hub) core is a free running clock and is active.
2. Make sure the BSCAN_SWITCH_USER_MASK device property in Vivado Hardware Manager reflects the user scan chain setting in the design and refresh the device.  To determine the user scan chain setting in the design, open the implemented design and use 'get_property C_USER_SCAN_CHAIN [get_debug_cores dbg_hub]'.
For more details on setting the scan chain property, consult the Vivado Debug and Programming User Guide (UG908).
reset_run impl_1
launch_runs impl_1 -jobs 8
[Wed Dec 27 20:42:45 2023] Launched impl_1...
Run output will be captured here: C:/Users/Administrator/Documents/GitHub/Piano/piano.runs/impl_1/runme.log
reset_run synth_1
launch_runs impl_1 -to_step write_bitstream -jobs 8
[Wed Dec 27 20:43:50 2023] Launched synth_1...
Run output will be captured here: C:/Users/Administrator/Documents/GitHub/Piano/piano.runs/synth_1/runme.log
[Wed Dec 27 20:43:50 2023] Launched impl_1...
Run output will be captured here: C:/Users/Administrator/Documents/GitHub/Piano/piano.runs/impl_1/runme.log
set_property PROBES.FILE {} [get_hw_devices xc7a35t_0]
set_property FULL_PROBES.FILE {} [get_hw_devices xc7a35t_0]
set_property PROGRAM.FILE {C:/Users/Administrator/Documents/GitHub/Piano/piano.runs/impl_1/learn_mode.bit} [get_hw_devices xc7a35t_0]
program_hw_devices [get_hw_devices xc7a35t_0]
INFO: [Labtools 27-3164] End of startup status: HIGH
refresh_hw_device [lindex [get_hw_devices xc7a35t_0] 0]
INFO: [Labtools 27-1434] Device xc7a35t (JTAG device index = 0) is programmed with a design that has no supported debug core(s) in it.
WARNING: [Labtools 27-3361] The debug hub core was not detected.
Resolution: 
1. Make sure the clock connected to the debug hub (dbg_hub) core is a free running clock and is active.
2. Make sure the BSCAN_SWITCH_USER_MASK device property in Vivado Hardware Manager reflects the user scan chain setting in the design and refresh the device.  To determine the user scan chain setting in the design, open the implemented design and use 'get_property C_USER_SCAN_CHAIN [get_debug_cores dbg_hub]'.
For more details on setting the scan chain property, consult the Vivado Debug and Programming User Guide (UG908).
reset_run impl_1
launch_runs impl_1 -jobs 8
[Wed Dec 27 20:47:50 2023] Launched impl_1...
Run output will be captured here: C:/Users/Administrator/Documents/GitHub/Piano/piano.runs/impl_1/runme.log
create_project project_1 C:/Users/Administrator/Documents/GitHub/Piano/project_1 -part xc7a12ticsg325-1L
INFO: [IP_Flow 19-234] Refreshing IP repositories
INFO: [IP_Flow 19-1704] No user IP repositories specified
INFO: [IP_Flow 19-2313] Loaded Vivado IP repository 'C:/Xilinx/Vivado/2017.4/data/ip'.
file mkdir C:/Users/Administrator/Documents/GitHub/Piano/project_1/project_1.srcs/sources_1/new
close [ open C:/Users/Administrator/Documents/GitHub/Piano/project_1/project_1.srcs/sources_1/new/checkdif.v w ]
add_files C:/Users/Administrator/Documents/GitHub/Piano/project_1/project_1.srcs/sources_1/new/checkdif.v
update_compile_order -fileset sources_1
current_project piano
reset_run synth_1
launch_runs impl_1 -to_step write_bitstream -jobs 8
[Wed Dec 27 20:48:46 2023] Launched synth_1...
Run output will be captured here: C:/Users/Administrator/Documents/GitHub/Piano/piano.runs/synth_1/runme.log
[Wed Dec 27 20:48:46 2023] Launched impl_1...
Run output will be captured here: C:/Users/Administrator/Documents/GitHub/Piano/piano.runs/impl_1/runme.log
current_project project_1
file mkdir C:/Users/Administrator/Documents/GitHub/Piano/project_1/project_1.srcs/sim_1/new
set_property SOURCE_SET sources_1 [get_filesets sim_1]
close [ open C:/Users/Administrator/Documents/GitHub/Piano/project_1/project_1.srcs/sim_1/new/tbcheckdif.v w ]
add_files -fileset sim_1 C:/Users/Administrator/Documents/GitHub/Piano/project_1/project_1.srcs/sim_1/new/tbcheckdif.v
update_compile_order -fileset sim_1
launch_simulation
INFO: [Vivado 12-5682] Launching behavioral simulation in 'C:/Users/Administrator/Documents/GitHub/Piano/project_1/project_1.sim/sim_1/behav/xsim'
INFO: [SIM-utils-51] Simulation object is 'sim_1'
INFO: [SIM-utils-54] Inspecting design source files for 'checkdif' in fileset 'sim_1'...
INFO: [USF-XSim-97] Finding global include files...
INFO: [USF-XSim-98] Fetching design files from 'sim_1'...
INFO: [USF-XSim-2] XSim::Compile design
INFO: [USF-XSim-61] Executing 'COMPILE and ANALYZE' step in 'C:/Users/Administrator/Documents/GitHub/Piano/project_1/project_1.sim/sim_1/behav/xsim'
"xvlog --incr --relax -prj checkdif_vlog.prj"
INFO: [VRFC 10-2263] Analyzing Verilog file "C:/Users/Administrator/Documents/GitHub/Piano/project_1/project_1.srcs/sources_1/new/checkdif.v" into library xil_defaultlib
INFO: [VRFC 10-311] analyzing module checkdif
INFO: [VRFC 10-2263] Analyzing Verilog file "C:/Users/Administrator/Documents/GitHub/Piano/project_1/project_1.sim/sim_1/behav/xsim/glbl.v" into library xil_defaultlib
INFO: [VRFC 10-311] analyzing module glbl
INFO: [USF-XSim-69] 'compile' step finished in '2' seconds
INFO: [USF-XSim-3] XSim::Elaborate design
INFO: [USF-XSim-61] Executing 'ELABORATE' step in 'C:/Users/Administrator/Documents/GitHub/Piano/project_1/project_1.sim/sim_1/behav/xsim'
Vivado Simulator 2017.4
Copyright 1986-1999, 2001-2016 Xilinx, Inc. All Rights Reserved.
Running: C:/Xilinx/Vivado/2017.4/bin/unwrapped/win64.o/xelab.exe -wto d606eb826fd74c7cb008ec539c3eef63 --incr --debug typical --relax --mt 2 -L xil_defaultlib -L unisims_ver -L unimacro_ver -L secureip --snapshot checkdif_behav xil_defaultlib.checkdif xil_defaultlib.glbl -log elaborate.log 
Using 2 slave threads.
Starting static elaboration
Completed static elaboration
Starting simulation data flow analysis
Completed simulation data flow analysis
Time Resolution for simulation is 1ps
Compiling module xil_defaultlib.checkdif
Compiling module xil_defaultlib.glbl
Built simulation snapshot checkdif_behav

****** Webtalk v2017.4 (64-bit)
  **** SW Build 2086221 on Fri Dec 15 20:55:39 MST 2017
  **** IP Build 2085800 on Fri Dec 15 22:25:07 MST 2017
    ** Copyright 1986-2017 Xilinx, Inc. All Rights Reserved.

source C:/Users/Administrator/Documents/GitHub/Piano/project_1/project_1.sim/sim_1/behav/xsim/xsim.dir/checkdif_behav/webtalk/xsim_webtalk.tcl -notrace
INFO: [Common 17-206] Exiting Webtalk at Wed Dec 27 20:50:04 2023...
run_program: Time (s): cpu = 00:00:00 ; elapsed = 00:00:11 . Memory (MB): peak = 2456.340 ; gain = 0.000
INFO: [USF-XSim-69] 'elaborate' step finished in '10' seconds
INFO: [USF-XSim-4] XSim::Simulate design
INFO: [USF-XSim-61] Executing 'SIMULATE' step in 'C:/Users/Administrator/Documents/GitHub/Piano/project_1/project_1.sim/sim_1/behav/xsim'
INFO: [USF-XSim-98] *** Running xsim
   with args "checkdif_behav -key {Behavioral:sim_1:Functional:checkdif} -tclbatch {checkdif.tcl} -log {simulate.log}"
INFO: [USF-XSim-8] Loading simulator feature
Vivado Simulator 2017.4
Time resolution is 1 ps
source checkdif.tcl
# set curr_wave [current_wave_config]
# if { [string length $curr_wave] == 0 } {
#   if { [llength [get_objects]] > 0} {
#     add_wave /
#     set_property needs_save false [current_wave_config]
#   } else {
#      send_msg_id Add_Wave-1 WARNING "No top level signals found. Simulator will start without a wave window. If you want to open a wave window go to 'File->New Waveform Configuration' or type 'create_wave_config' in the TCL console."
#   }
# }
# run 1000ns
INFO: [USF-XSim-96] XSim completed. Design snapshot 'checkdif_behav' loaded.
INFO: [USF-XSim-97] XSim simulation ran for 1000ns
launch_simulation: Time (s): cpu = 00:00:03 ; elapsed = 00:00:17 . Memory (MB): peak = 2472.660 ; gain = 16.930
update_compile_order -fileset sim_1
set_property PROBES.FILE {} [get_hw_devices xc7a35t_0]
set_property FULL_PROBES.FILE {} [get_hw_devices xc7a35t_0]
set_property PROGRAM.FILE {C:/Users/Administrator/Documents/GitHub/Piano/piano.runs/impl_1/learn_mode.bit} [get_hw_devices xc7a35t_0]
program_hw_devices [get_hw_devices xc7a35t_0]
INFO: [Labtools 27-3164] End of startup status: HIGH
refresh_hw_device [lindex [get_hw_devices xc7a35t_0] 0]
INFO: [Labtools 27-1434] Device xc7a35t (JTAG device index = 0) is programmed with a design that has no supported debug core(s) in it.
WARNING: [Labtools 27-3361] The debug hub core was not detected.
Resolution: 
1. Make sure the clock connected to the debug hub (dbg_hub) core is a free running clock and is active.
2. Make sure the BSCAN_SWITCH_USER_MASK device property in Vivado Hardware Manager reflects the user scan chain setting in the design and refresh the device.  To determine the user scan chain setting in the design, open the implemented design and use 'get_property C_USER_SCAN_CHAIN [get_debug_cores dbg_hub]'.
For more details on setting the scan chain property, consult the Vivado Debug and Programming User Guide (UG908).
ERROR: [Common 17-70] Application Exception: LTTTHWSessionUtil - null wave manager returned from session
current_project piano
reset_run impl_1
launch_runs impl_1 -jobs 8
[Wed Dec 27 20:51:51 2023] Launched impl_1...
Run output will be captured here: C:/Users/Administrator/Documents/GitHub/Piano/piano.runs/impl_1/runme.log
current_project project_1
launch_simulation
INFO: [Vivado 12-5682] Launching behavioral simulation in 'C:/Users/Administrator/Documents/GitHub/Piano/project_1/project_1.sim/sim_1/behav/xsim'
INFO: [SIM-utils-51] Simulation object is 'sim_1'
INFO: [SIM-utils-54] Inspecting design source files for 'tbcheckdif' in fileset 'sim_1'...
INFO: [USF-XSim-97] Finding global include files...
INFO: [USF-XSim-98] Fetching design files from 'sim_1'...
INFO: [USF-XSim-2] XSim::Compile design
INFO: [USF-XSim-61] Executing 'COMPILE and ANALYZE' step in 'C:/Users/Administrator/Documents/GitHub/Piano/project_1/project_1.sim/sim_1/behav/xsim'
"xvlog --incr --relax -prj tbcheckdif_vlog.prj"
INFO: [VRFC 10-2263] Analyzing Verilog file "C:/Users/Administrator/Documents/GitHub/Piano/project_1/project_1.srcs/sim_1/new/tbcheckdif.v" into library xil_defaultlib
INFO: [VRFC 10-311] analyzing module tbcheckdif
INFO: [USF-XSim-69] 'compile' step finished in '1' seconds
INFO: [USF-XSim-3] XSim::Elaborate design
INFO: [USF-XSim-61] Executing 'ELABORATE' step in 'C:/Users/Administrator/Documents/GitHub/Piano/project_1/project_1.sim/sim_1/behav/xsim'
Vivado Simulator 2017.4
Copyright 1986-1999, 2001-2016 Xilinx, Inc. All Rights Reserved.
Running: C:/Xilinx/Vivado/2017.4/bin/unwrapped/win64.o/xelab.exe -wto d606eb826fd74c7cb008ec539c3eef63 --incr --debug typical --relax --mt 2 -L xil_defaultlib -L unisims_ver -L unimacro_ver -L secureip --snapshot tbcheckdif_behav xil_defaultlib.tbcheckdif xil_defaultlib.glbl -log elaborate.log 
Using 2 slave threads.
Starting static elaboration
Completed static elaboration
Starting simulation data flow analysis
Completed simulation data flow analysis
Time Resolution for simulation is 1ps
Compiling module xil_defaultlib.checkdif
Compiling module xil_defaultlib.tbcheckdif
Compiling module xil_defaultlib.glbl
Built simulation snapshot tbcheckdif_behav

****** Webtalk v2017.4 (64-bit)
  **** SW Build 2086221 on Fri Dec 15 20:55:39 MST 2017
  **** IP Build 2085800 on Fri Dec 15 22:25:07 MST 2017
    ** Copyright 1986-2017 Xilinx, Inc. All Rights Reserved.

source C:/Users/Administrator/Documents/GitHub/Piano/project_1/project_1.sim/sim_1/behav/xsim/xsim.dir/tbcheckdif_behav/webtalk/xsim_webtalk.tcl -notrace
INFO: [Common 17-206] Exiting Webtalk at Wed Dec 27 20:52:07 2023...
INFO: [USF-XSim-69] 'elaborate' step finished in '2' seconds
INFO: [USF-XSim-4] XSim::Simulate design
INFO: [USF-XSim-61] Executing 'SIMULATE' step in 'C:/Users/Administrator/Documents/GitHub/Piano/project_1/project_1.sim/sim_1/behav/xsim'
INFO: [USF-XSim-98] *** Running xsim
   with args "tbcheckdif_behav -key {Behavioral:sim_1:Functional:tbcheckdif} -tclbatch {tbcheckdif.tcl} -log {simulate.log}"
INFO: [USF-XSim-8] Loading simulator feature
Vivado Simulator 2017.4
Time resolution is 1 ps
source tbcheckdif.tcl
# set curr_wave [current_wave_config]
# if { [string length $curr_wave] == 0 } {
#   if { [llength [get_objects]] > 0} {
#     add_wave /
#     set_property needs_save false [current_wave_config]
#   } else {
#      send_msg_id Add_Wave-1 WARNING "No top level signals found. Simulator will start without a wave window. If you want to open a wave window go to 'File->New Waveform Configuration' or type 'create_wave_config' in the TCL console."
#   }
# }
# run 1000ns
1 1 0 0
0 1 0 0
0 0 0 0
1 0 0 0
1 0 1 0
0 0 1 0
1 0 1 0
0 0 1 0
1 0 1 1
0 0 1 1
1 0 1 0
0 0 1 0
0 0 0 0
1 0 0 0
0 0 0 0
1 0 0 1
0 0 0 1
1 0 0 0
0 0 0 0
1 0 0 0
0 0 0 0
0 0 1 0
1 0 1 0
0 0 1 0
1 0 1 1
0 0 1 1
1 0 1 0
0 0 1 0
1 0 1 0
0 0 1 0
0 0 0 0
1 0 0 0
0 0 0 0
1 0 0 1
0 0 0 1
0 0 1 1
1 0 1 0
0 0 1 0
$finish called at time : 160 ns : File "C:/Users/Administrator/Documents/GitHub/Piano/project_1/project_1.srcs/sim_1/new/tbcheckdif.v" Line 29
INFO: [USF-XSim-96] XSim completed. Design snapshot 'tbcheckdif_behav' loaded.
INFO: [USF-XSim-97] XSim simulation ran for 1000ns
launch_simulation: Time (s): cpu = 00:00:02 ; elapsed = 00:00:05 . Memory (MB): peak = 2488.234 ; gain = 0.000
current_project piano
reset_run synth_1
WARNING: [Vivado 12-1017] Problems encountered:
1. Failed to delete one or more files in run directory C:/Users/Administrator/Documents/GitHub/Piano/piano.runs/synth_1

launch_runs impl_1 -to_step write_bitstream -jobs 8
[Wed Dec 27 20:53:39 2023] Launched synth_1...
Run output will be captured here: C:/Users/Administrator/Documents/GitHub/Piano/piano.runs/synth_1/runme.log
[Wed Dec 27 20:53:39 2023] Launched impl_1...
Run output will be captured here: C:/Users/Administrator/Documents/GitHub/Piano/piano.runs/impl_1/runme.log
set_property PROBES.FILE {} [get_hw_devices xc7a35t_0]
set_property FULL_PROBES.FILE {} [get_hw_devices xc7a35t_0]
set_property PROGRAM.FILE {C:/Users/Administrator/Documents/GitHub/Piano/piano.runs/impl_1/learn_mode.bit} [get_hw_devices xc7a35t_0]
program_hw_devices [get_hw_devices xc7a35t_0]
INFO: [Labtools 27-3164] End of startup status: HIGH
refresh_hw_device [lindex [get_hw_devices xc7a35t_0] 0]
INFO: [Labtools 27-1434] Device xc7a35t (JTAG device index = 0) is programmed with a design that has no supported debug core(s) in it.
WARNING: [Labtools 27-3361] The debug hub core was not detected.
Resolution: 
1. Make sure the clock connected to the debug hub (dbg_hub) core is a free running clock and is active.
2. Make sure the BSCAN_SWITCH_USER_MASK device property in Vivado Hardware Manager reflects the user scan chain setting in the design and refresh the device.  To determine the user scan chain setting in the design, open the implemented design and use 'get_property C_USER_SCAN_CHAIN [get_debug_cores dbg_hub]'.
For more details on setting the scan chain property, consult the Vivado Debug and Programming User Guide (UG908).
reset_run impl_1
launch_runs impl_1 -jobs 8
[Wed Dec 27 21:00:03 2023] Launched impl_1...
Run output will be captured here: C:/Users/Administrator/Documents/GitHub/Piano/piano.runs/impl_1/runme.log
reset_run synth_1
WARNING: [Vivado 12-1017] Problems encountered:
1. Failed to delete one or more files in run directory C:/Users/Administrator/Documents/GitHub/Piano/piano.runs/synth_1

launch_runs impl_1 -to_step write_bitstream -jobs 8
[Wed Dec 27 21:01:02 2023] Launched synth_1...
Run output will be captured here: C:/Users/Administrator/Documents/GitHub/Piano/piano.runs/synth_1/runme.log
[Wed Dec 27 21:01:02 2023] Launched impl_1...
Run output will be captured here: C:/Users/Administrator/Documents/GitHub/Piano/piano.runs/impl_1/runme.log
reset_run synth_1
WARNING: [Vivado 12-1017] Problems encountered:
1. Failed to delete one or more files in run directory C:/Users/Administrator/Documents/GitHub/Piano/piano.runs/synth_1

launch_runs impl_1 -jobs 8
[Wed Dec 27 21:02:33 2023] Launched synth_1...
Run output will be captured here: C:/Users/Administrator/Documents/GitHub/Piano/piano.runs/synth_1/runme.log
[Wed Dec 27 21:02:33 2023] Launched impl_1...
Run output will be captured here: C:/Users/Administrator/Documents/GitHub/Piano/piano.runs/impl_1/runme.log
reset_run synth_1
WARNING: [Vivado 12-1017] Problems encountered:
1. PID not specified
2. Failed to delete one or more files in run directory C:/Users/Administrator/Documents/GitHub/Piano/piano.runs/synth_1

launch_runs impl_1 -jobs 8
[Wed Dec 27 21:03:28 2023] Launched synth_1...
Run output will be captured here: C:/Users/Administrator/Documents/GitHub/Piano/piano.runs/synth_1/runme.log
[Wed Dec 27 21:03:28 2023] Launched impl_1...
Run output will be captured here: C:/Users/Administrator/Documents/GitHub/Piano/piano.runs/impl_1/runme.log
launch_runs impl_1 -to_step write_bitstream -jobs 8
[Wed Dec 27 21:05:09 2023] Launched impl_1...
Run output will be captured here: C:/Users/Administrator/Documents/GitHub/Piano/piano.runs/impl_1/runme.log
set_property PROBES.FILE {} [get_hw_devices xc7a35t_0]
set_property FULL_PROBES.FILE {} [get_hw_devices xc7a35t_0]
set_property PROGRAM.FILE {C:/Users/Administrator/Documents/GitHub/Piano/piano.runs/impl_1/learn_mode.bit} [get_hw_devices xc7a35t_0]
program_hw_devices [get_hw_devices xc7a35t_0]
INFO: [Labtools 27-3164] End of startup status: HIGH
refresh_hw_device [lindex [get_hw_devices xc7a35t_0] 0]
INFO: [Labtools 27-1434] Device xc7a35t (JTAG device index = 0) is programmed with a design that has no supported debug core(s) in it.
WARNING: [Labtools 27-3361] The debug hub core was not detected.
Resolution: 
1. Make sure the clock connected to the debug hub (dbg_hub) core is a free running clock and is active.
2. Make sure the BSCAN_SWITCH_USER_MASK device property in Vivado Hardware Manager reflects the user scan chain setting in the design and refresh the device.  To determine the user scan chain setting in the design, open the implemented design and use 'get_property C_USER_SCAN_CHAIN [get_debug_cores dbg_hub]'.
For more details on setting the scan chain property, consult the Vivado Debug and Programming User Guide (UG908).
reset_run impl_1
launch_runs impl_1 -jobs 8
[Wed Dec 27 21:06:46 2023] Launched impl_1...
Run output will be captured here: C:/Users/Administrator/Documents/GitHub/Piano/piano.runs/impl_1/runme.log
reset_run synth_1
WARNING: [Vivado 12-1017] Problems encountered:
1. Failed to delete one or more files in run directory C:/Users/Administrator/Documents/GitHub/Piano/piano.runs/synth_1

launch_runs impl_1 -to_step write_bitstream -jobs 8
[Wed Dec 27 21:07:45 2023] Launched synth_1...
Run output will be captured here: C:/Users/Administrator/Documents/GitHub/Piano/piano.runs/synth_1/runme.log
[Wed Dec 27 21:07:45 2023] Launched impl_1...
Run output will be captured here: C:/Users/Administrator/Documents/GitHub/Piano/piano.runs/impl_1/runme.log
set_property PROBES.FILE {} [get_hw_devices xc7a35t_0]
set_property FULL_PROBES.FILE {} [get_hw_devices xc7a35t_0]
set_property PROGRAM.FILE {C:/Users/Administrator/Documents/GitHub/Piano/piano.runs/impl_1/learn_mode.bit} [get_hw_devices xc7a35t_0]
program_hw_devices [get_hw_devices xc7a35t_0]
INFO: [Labtools 27-3164] End of startup status: HIGH
refresh_hw_device [lindex [get_hw_devices xc7a35t_0] 0]
INFO: [Labtools 27-1434] Device xc7a35t (JTAG device index = 0) is programmed with a design that has no supported debug core(s) in it.
WARNING: [Labtools 27-3361] The debug hub core was not detected.
Resolution: 
1. Make sure the clock connected to the debug hub (dbg_hub) core is a free running clock and is active.
2. Make sure the BSCAN_SWITCH_USER_MASK device property in Vivado Hardware Manager reflects the user scan chain setting in the design and refresh the device.  To determine the user scan chain setting in the design, open the implemented design and use 'get_property C_USER_SCAN_CHAIN [get_debug_cores dbg_hub]'.
For more details on setting the scan chain property, consult the Vivado Debug and Programming User Guide (UG908).
reset_run impl_1
launch_runs impl_1 -jobs 8
[Wed Dec 27 21:11:41 2023] Launched impl_1...
Run output will be captured here: C:/Users/Administrator/Documents/GitHub/Piano/piano.runs/impl_1/runme.log
reset_run synth_1
WARNING: [Vivado 12-1017] Problems encountered:
1. Failed to delete one or more files in run directory C:/Users/Administrator/Documents/GitHub/Piano/piano.runs/synth_1

launch_runs impl_1 -to_step write_bitstream -jobs 8
[Wed Dec 27 21:12:46 2023] Launched synth_1...
Run output will be captured here: C:/Users/Administrator/Documents/GitHub/Piano/piano.runs/synth_1/runme.log
[Wed Dec 27 21:12:46 2023] Launched impl_1...
Run output will be captured here: C:/Users/Administrator/Documents/GitHub/Piano/piano.runs/impl_1/runme.log
set_property PROBES.FILE {} [get_hw_devices xc7a35t_0]
set_property FULL_PROBES.FILE {} [get_hw_devices xc7a35t_0]
set_property PROGRAM.FILE {C:/Users/Administrator/Documents/GitHub/Piano/piano.runs/impl_1/learn_mode.bit} [get_hw_devices xc7a35t_0]
program_hw_devices [get_hw_devices xc7a35t_0]
INFO: [Labtools 27-3164] End of startup status: HIGH
refresh_hw_device [lindex [get_hw_devices xc7a35t_0] 0]
INFO: [Labtools 27-1434] Device xc7a35t (JTAG device index = 0) is programmed with a design that has no supported debug core(s) in it.
WARNING: [Labtools 27-3361] The debug hub core was not detected.
Resolution: 
1. Make sure the clock connected to the debug hub (dbg_hub) core is a free running clock and is active.
2. Make sure the BSCAN_SWITCH_USER_MASK device property in Vivado Hardware Manager reflects the user scan chain setting in the design and refresh the device.  To determine the user scan chain setting in the design, open the implemented design and use 'get_property C_USER_SCAN_CHAIN [get_debug_cores dbg_hub]'.
For more details on setting the scan chain property, consult the Vivado Debug and Programming User Guide (UG908).
reset_run impl_1
launch_runs impl_1 -jobs 8
[Wed Dec 27 21:15:46 2023] Launched impl_1...
Run output will be captured here: C:/Users/Administrator/Documents/GitHub/Piano/piano.runs/impl_1/runme.log
reset_run synth_1
WARNING: [Vivado 12-1017] Problems encountered:
1. Failed to delete one or more files in run directory C:/Users/Administrator/Documents/GitHub/Piano/piano.runs/synth_1

launch_runs impl_1 -to_step write_bitstream -jobs 8
[Wed Dec 27 21:17:41 2023] Launched synth_1...
Run output will be captured here: C:/Users/Administrator/Documents/GitHub/Piano/piano.runs/synth_1/runme.log
[Wed Dec 27 21:17:41 2023] Launched impl_1...
Run output will be captured here: C:/Users/Administrator/Documents/GitHub/Piano/piano.runs/impl_1/runme.log
set_property PROBES.FILE {} [get_hw_devices xc7a35t_0]
set_property FULL_PROBES.FILE {} [get_hw_devices xc7a35t_0]
set_property PROGRAM.FILE {C:/Users/Administrator/Documents/GitHub/Piano/piano.runs/impl_1/learn_mode.bit} [get_hw_devices xc7a35t_0]
program_hw_devices [get_hw_devices xc7a35t_0]
INFO: [Labtools 27-3164] End of startup status: HIGH
refresh_hw_device [lindex [get_hw_devices xc7a35t_0] 0]
INFO: [Labtools 27-1434] Device xc7a35t (JTAG device index = 0) is programmed with a design that has no supported debug core(s) in it.
WARNING: [Labtools 27-3361] The debug hub core was not detected.
Resolution: 
1. Make sure the clock connected to the debug hub (dbg_hub) core is a free running clock and is active.
2. Make sure the BSCAN_SWITCH_USER_MASK device property in Vivado Hardware Manager reflects the user scan chain setting in the design and refresh the device.  To determine the user scan chain setting in the design, open the implemented design and use 'get_property C_USER_SCAN_CHAIN [get_debug_cores dbg_hub]'.
For more details on setting the scan chain property, consult the Vivado Debug and Programming User Guide (UG908).
reset_run impl_1
launch_runs impl_1 -jobs 8
[Wed Dec 27 21:21:05 2023] Launched impl_1...
Run output will be captured here: C:/Users/Administrator/Documents/GitHub/Piano/piano.runs/impl_1/runme.log
reset_run synth_1
WARNING: [Vivado 12-1017] Problems encountered:
1. Failed to delete one or more files in run directory C:/Users/Administrator/Documents/GitHub/Piano/piano.runs/synth_1

launch_runs impl_1 -to_step write_bitstream -jobs 8
[Wed Dec 27 21:22:05 2023] Launched synth_1...
Run output will be captured here: C:/Users/Administrator/Documents/GitHub/Piano/piano.runs/synth_1/runme.log
[Wed Dec 27 21:22:05 2023] Launched impl_1...
Run output will be captured here: C:/Users/Administrator/Documents/GitHub/Piano/piano.runs/impl_1/runme.log
set_property PROBES.FILE {} [get_hw_devices xc7a35t_0]
set_property FULL_PROBES.FILE {} [get_hw_devices xc7a35t_0]
set_property PROGRAM.FILE {C:/Users/Administrator/Documents/GitHub/Piano/piano.runs/impl_1/learn_mode.bit} [get_hw_devices xc7a35t_0]
program_hw_devices [get_hw_devices xc7a35t_0]
INFO: [Labtools 27-3164] End of startup status: HIGH
refresh_hw_device [lindex [get_hw_devices xc7a35t_0] 0]
INFO: [Labtools 27-1434] Device xc7a35t (JTAG device index = 0) is programmed with a design that has no supported debug core(s) in it.
WARNING: [Labtools 27-3361] The debug hub core was not detected.
Resolution: 
1. Make sure the clock connected to the debug hub (dbg_hub) core is a free running clock and is active.
2. Make sure the BSCAN_SWITCH_USER_MASK device property in Vivado Hardware Manager reflects the user scan chain setting in the design and refresh the device.  To determine the user scan chain setting in the design, open the implemented design and use 'get_property C_USER_SCAN_CHAIN [get_debug_cores dbg_hub]'.
For more details on setting the scan chain property, consult the Vivado Debug and Programming User Guide (UG908).
reset_run impl_1
launch_runs impl_1 -jobs 8
[Wed Dec 27 21:26:05 2023] Launched impl_1...
Run output will be captured here: C:/Users/Administrator/Documents/GitHub/Piano/piano.runs/impl_1/runme.log
reset_run synth_1
WARNING: [Vivado 12-1017] Problems encountered:
1. Failed to delete one or more files in run directory C:/Users/Administrator/Documents/GitHub/Piano/piano.runs/synth_1

launch_runs impl_1 -to_step write_bitstream -jobs 8
[Wed Dec 27 21:27:08 2023] Launched synth_1...
Run output will be captured here: C:/Users/Administrator/Documents/GitHub/Piano/piano.runs/synth_1/runme.log
[Wed Dec 27 21:27:08 2023] Launched impl_1...
Run output will be captured here: C:/Users/Administrator/Documents/GitHub/Piano/piano.runs/impl_1/runme.log
set_property PROBES.FILE {} [get_hw_devices xc7a35t_0]
set_property FULL_PROBES.FILE {} [get_hw_devices xc7a35t_0]
set_property PROGRAM.FILE {C:/Users/Administrator/Documents/GitHub/Piano/piano.runs/impl_1/learn_mode.bit} [get_hw_devices xc7a35t_0]
program_hw_devices [get_hw_devices xc7a35t_0]
INFO: [Labtools 27-3164] End of startup status: HIGH
refresh_hw_device [lindex [get_hw_devices xc7a35t_0] 0]
INFO: [Labtools 27-1434] Device xc7a35t (JTAG device index = 0) is programmed with a design that has no supported debug core(s) in it.
WARNING: [Labtools 27-3361] The debug hub core was not detected.
Resolution: 
1. Make sure the clock connected to the debug hub (dbg_hub) core is a free running clock and is active.
2. Make sure the BSCAN_SWITCH_USER_MASK device property in Vivado Hardware Manager reflects the user scan chain setting in the design and refresh the device.  To determine the user scan chain setting in the design, open the implemented design and use 'get_property C_USER_SCAN_CHAIN [get_debug_cores dbg_hub]'.
For more details on setting the scan chain property, consult the Vivado Debug and Programming User Guide (UG908).
reset_run impl_1
launch_runs impl_1 -jobs 8
[Wed Dec 27 21:30:32 2023] Launched impl_1...
Run output will be captured here: C:/Users/Administrator/Documents/GitHub/Piano/piano.runs/impl_1/runme.log
reset_run synth_1
WARNING: [Vivado 12-1017] Problems encountered:
1. Failed to delete one or more files in run directory C:/Users/Administrator/Documents/GitHub/Piano/piano.runs/synth_1

launch_runs impl_1 -to_step write_bitstream -jobs 8
[Wed Dec 27 21:31:28 2023] Launched synth_1...
Run output will be captured here: C:/Users/Administrator/Documents/GitHub/Piano/piano.runs/synth_1/runme.log
[Wed Dec 27 21:31:28 2023] Launched impl_1...
Run output will be captured here: C:/Users/Administrator/Documents/GitHub/Piano/piano.runs/impl_1/runme.log
set_property PROBES.FILE {} [get_hw_devices xc7a35t_0]
set_property FULL_PROBES.FILE {} [get_hw_devices xc7a35t_0]
set_property PROGRAM.FILE {C:/Users/Administrator/Documents/GitHub/Piano/piano.runs/impl_1/learn_mode.bit} [get_hw_devices xc7a35t_0]
program_hw_devices [get_hw_devices xc7a35t_0]
INFO: [Labtools 27-3164] End of startup status: HIGH
refresh_hw_device [lindex [get_hw_devices xc7a35t_0] 0]
INFO: [Labtools 27-1434] Device xc7a35t (JTAG device index = 0) is programmed with a design that has no supported debug core(s) in it.
WARNING: [Labtools 27-3361] The debug hub core was not detected.
Resolution: 
1. Make sure the clock connected to the debug hub (dbg_hub) core is a free running clock and is active.
2. Make sure the BSCAN_SWITCH_USER_MASK device property in Vivado Hardware Manager reflects the user scan chain setting in the design and refresh the device.  To determine the user scan chain setting in the design, open the implemented design and use 'get_property C_USER_SCAN_CHAIN [get_debug_cores dbg_hub]'.
For more details on setting the scan chain property, consult the Vivado Debug and Programming User Guide (UG908).
reset_run impl_1
launch_runs impl_1 -jobs 8
[Wed Dec 27 21:35:26 2023] Launched impl_1...
Run output will be captured here: C:/Users/Administrator/Documents/GitHub/Piano/piano.runs/impl_1/runme.log
reset_run synth_1
WARNING: [Vivado 12-1017] Problems encountered:
1. Failed to delete one or more files in run directory C:/Users/Administrator/Documents/GitHub/Piano/piano.runs/synth_1

launch_runs impl_1 -to_step write_bitstream -jobs 8
[Wed Dec 27 21:36:29 2023] Launched synth_1...
Run output will be captured here: C:/Users/Administrator/Documents/GitHub/Piano/piano.runs/synth_1/runme.log
[Wed Dec 27 21:36:29 2023] Launched impl_1...
Run output will be captured here: C:/Users/Administrator/Documents/GitHub/Piano/piano.runs/impl_1/runme.log
set_property PROBES.FILE {} [get_hw_devices xc7a35t_0]
set_property FULL_PROBES.FILE {} [get_hw_devices xc7a35t_0]
set_property PROGRAM.FILE {C:/Users/Administrator/Documents/GitHub/Piano/piano.runs/impl_1/learn_mode.bit} [get_hw_devices xc7a35t_0]
program_hw_devices [get_hw_devices xc7a35t_0]
INFO: [Labtools 27-3164] End of startup status: HIGH
refresh_hw_device [lindex [get_hw_devices xc7a35t_0] 0]
INFO: [Labtools 27-1434] Device xc7a35t (JTAG device index = 0) is programmed with a design that has no supported debug core(s) in it.
WARNING: [Labtools 27-3361] The debug hub core was not detected.
Resolution: 
1. Make sure the clock connected to the debug hub (dbg_hub) core is a free running clock and is active.
2. Make sure the BSCAN_SWITCH_USER_MASK device property in Vivado Hardware Manager reflects the user scan chain setting in the design and refresh the device.  To determine the user scan chain setting in the design, open the implemented design and use 'get_property C_USER_SCAN_CHAIN [get_debug_cores dbg_hub]'.
For more details on setting the scan chain property, consult the Vivado Debug and Programming User Guide (UG908).
reset_run impl_1
launch_runs impl_1 -jobs 8
[Wed Dec 27 21:40:59 2023] Launched impl_1...
Run output will be captured here: C:/Users/Administrator/Documents/GitHub/Piano/piano.runs/impl_1/runme.log
reset_run synth_1
WARNING: [Vivado 12-1017] Problems encountered:
1. Failed to delete one or more files in run directory C:/Users/Administrator/Documents/GitHub/Piano/piano.runs/synth_1

launch_runs impl_1 -to_step write_bitstream -jobs 8
[Wed Dec 27 21:42:02 2023] Launched synth_1...
Run output will be captured here: C:/Users/Administrator/Documents/GitHub/Piano/piano.runs/synth_1/runme.log
[Wed Dec 27 21:42:02 2023] Launched impl_1...
Run output will be captured here: C:/Users/Administrator/Documents/GitHub/Piano/piano.runs/impl_1/runme.log
set_property PROBES.FILE {} [get_hw_devices xc7a35t_0]
set_property FULL_PROBES.FILE {} [get_hw_devices xc7a35t_0]
set_property PROGRAM.FILE {C:/Users/Administrator/Documents/GitHub/Piano/piano.runs/impl_1/learn_mode.bit} [get_hw_devices xc7a35t_0]
program_hw_devices [get_hw_devices xc7a35t_0]
INFO: [Labtools 27-3164] End of startup status: HIGH
refresh_hw_device [lindex [get_hw_devices xc7a35t_0] 0]
INFO: [Labtools 27-1434] Device xc7a35t (JTAG device index = 0) is programmed with a design that has no supported debug core(s) in it.
WARNING: [Labtools 27-3361] The debug hub core was not detected.
Resolution: 
1. Make sure the clock connected to the debug hub (dbg_hub) core is a free running clock and is active.
2. Make sure the BSCAN_SWITCH_USER_MASK device property in Vivado Hardware Manager reflects the user scan chain setting in the design and refresh the device.  To determine the user scan chain setting in the design, open the implemented design and use 'get_property C_USER_SCAN_CHAIN [get_debug_cores dbg_hub]'.
For more details on setting the scan chain property, consult the Vivado Debug and Programming User Guide (UG908).
reset_run synth_1
WARNING: [Vivado 12-1017] Problems encountered:
1. Failed to delete one or more files in run directory C:/Users/Administrator/Documents/GitHub/Piano/piano.runs/synth_1

launch_runs synth_1 -jobs 8
[Wed Dec 27 21:49:49 2023] Launched synth_1...
Run output will be captured here: C:/Users/Administrator/Documents/GitHub/Piano/piano.runs/synth_1/runme.log
launch_runs impl_1 -jobs 8
[Wed Dec 27 21:50:38 2023] Launched impl_1...
Run output will be captured here: C:/Users/Administrator/Documents/GitHub/Piano/piano.runs/impl_1/runme.log
launch_runs impl_1 -to_step write_bitstream -jobs 8
[Wed Dec 27 21:51:33 2023] Launched impl_1...
Run output will be captured here: C:/Users/Administrator/Documents/GitHub/Piano/piano.runs/impl_1/runme.log
set_property PROBES.FILE {} [get_hw_devices xc7a35t_0]
set_property FULL_PROBES.FILE {} [get_hw_devices xc7a35t_0]
set_property PROGRAM.FILE {C:/Users/Administrator/Documents/GitHub/Piano/piano.runs/impl_1/learn_mode.bit} [get_hw_devices xc7a35t_0]
program_hw_devices [get_hw_devices xc7a35t_0]
INFO: [Labtools 27-3164] End of startup status: HIGH
refresh_hw_device [lindex [get_hw_devices xc7a35t_0] 0]
INFO: [Labtools 27-1434] Device xc7a35t (JTAG device index = 0) is programmed with a design that has no supported debug core(s) in it.
WARNING: [Labtools 27-3361] The debug hub core was not detected.
Resolution: 
1. Make sure the clock connected to the debug hub (dbg_hub) core is a free running clock and is active.
2. Make sure the BSCAN_SWITCH_USER_MASK device property in Vivado Hardware Manager reflects the user scan chain setting in the design and refresh the device.  To determine the user scan chain setting in the design, open the implemented design and use 'get_property C_USER_SCAN_CHAIN [get_debug_cores dbg_hub]'.
For more details on setting the scan chain property, consult the Vivado Debug and Programming User Guide (UG908).
